<?xml version="1.0" encoding="UTF-8"?>
<!-- Generated by org.testng.reporters.JUnitXMLReporter -->
<testsuite hostname="DESKTOP-G1T6KU3" ignored="0" name="Surefire test" tests="8" failures="0" timestamp="17 Jul 2019 10:41:45 GMT" time="20.873" errors="0">
  <testcase name="loginToSite" time="0.022" classname="snipp.test.bav.testcases.UAT_HomePageTest"/>
  <testcase name="howItWorks" time="0.701" classname="snipp.test.bav.testcases.UAT_HomePageTest"/>
  <testcase name="register" time="1.674" classname="snipp.test.bav.testcases.UAT_HomePageTest"/>
  <testcase name="faq" time="0.941" classname="snipp.test.bav.testcases.UAT_HomePageTest"/>
  <testcase name="checkFacebook" time="4.23" classname="snipp.test.bav.testcases.UAT_HomePageTest"/>
  <testcase name="checkYoutube" time="2.893" classname="snipp.test.bav.testcases.UAT_HomePageTest"/>
  <testcase name="checkYelp" time="3.943" classname="snipp.test.bav.testcases.UAT_HomePageTest"/>
  <testcase name="checkTwitter" time="3.112" classname="snipp.test.bav.testcases.UAT_HomePageTest"/>
</testsuite> <!-- Surefire test -->
