<?xml version="1.0" encoding="UTF-8"?>
<!-- Generated by org.testng.reporters.JUnitXMLReporter -->
<testsuite hostname="DESKTOP-G1T6KU3" ignored="0" name="Test" tests="5" failures="0" timestamp="17 Jul 2019 15:29:33 GMT" time="43.157" errors="0">
  <testcase name="googleSearch" time="6.065" classname="demo.TestNG_Demo"/>
  <testcase name="googleSearch" time="6.291" classname="demo.TestNG_Demoa"/>
  <testcase name="googleSearch" time="6.196" classname="demo.TestNG_Demoa2"/>
  <testcase name="googleSearch" time="6.198" classname="demo.TestNG_Demoa3"/>
  <testcase name="googleSearch" time="6.084" classname="demo.TestNG_Demoa4"/>
</testsuite> <!-- Test -->
