<?xml version="1.0" encoding="UTF-8"?>
<!-- Generated by org.testng.reporters.JUnitXMLReporter -->
<testsuite hostname="DESKTOP-G1T6KU3" ignored="0" name="Test2" tests="1" failures="0" timestamp="17 Jul 2019 14:35:29 GMT" time="0.01" errors="0">
  <testcase name="@BeforeTest setUpTest" time="0.0" classname="demo.TestNG_Demoa">
    <failure type="java.lang.NullPointerException">
      <![CDATA[java.lang.NullPointerException
	at demo.TestNG_Demoa.setUpTest(TestNG_Demoa.java:36)
... Removed 23 stack frames]]>
    </failure>
  </testcase> <!-- @BeforeTest setUpTest -->
  <testcase name="googleSearch" time="0.002" classname="demo.TestNG_Demoa">
    <skipped/>
  </testcase> <!-- googleSearch -->
</testsuite> <!-- Test2 -->
