<?xml version="1.0" encoding="UTF-8"?>
<!-- Generated by org.testng.reporters.JUnitXMLReporter -->
<testsuite hostname="DESKTOP-1UNN7PP" ignored="0" name="Test" tests="5" failures="0" timestamp="22 Jul 2019 14:31:18 GMT" time="43.133" errors="0">
  <testcase name="googleSearch" time="5.448" classname="demo.TestNG_Demo"/>
  <testcase name="googleSearch" time="5.647" classname="demo.TestNG_Demoa"/>
  <testcase name="googleSearch" time="5.235" classname="demo.TestNG_Demoa2"/>
  <testcase name="googleSearch" time="6.405" classname="demo.TestNG_Demoa3"/>
  <testcase name="googleSearch" time="5.428" classname="demo.TestNG_Demoa4"/>
</testsuite> <!-- Test -->
