<?xml version="1.0" encoding="UTF-8"?>
<!-- Generated by org.testng.reporters.JUnitXMLReporter -->
<testsuite hostname="DESKTOP-1UNN7PP" ignored="0" name="Bavarian_Inn" tests="7" failures="0" timestamp="18 Jul 2019 10:22:08 GMT" time="84.788" errors="0">
  <testcase name="titleTest" time="10.725" classname="snipp.test.bav.testcases.UAT_BavarianInnBrokenLinks"/>
  <testcase name="loginToSite" time="5.449" classname="snipp.test.bav.testcases.UAT_BavarianInnBrokenLinks"/>
  <testcase name="WelcomeMessage" time="5.917" classname="snipp.test.bav.testcases.UAT_BavarianInnBrokenLinks"/>
  <testcase name="membersOffers" time="19.196" classname="snipp.test.bav.testcases.UAT_BavarianInnBrokenLinks"/>
  <testcase name="membersLocations" time="31.998" classname="snipp.test.bav.testcases.UAT_BavarianInnBrokenLinks"/>
  <testcase name="membersSocial" time="5.369" classname="snipp.test.bav.testcases.UAT_BavarianInnBrokenLinks"/>
  <testcase name="logOutOfSite" time="4.498" classname="snipp.test.bav.testcases.UAT_BavarianInnBrokenLinks"/>
</testsuite> <!-- Bavarian_Inn -->
