<?xml version="1.0" encoding="UTF-8"?>
<!-- Generated by org.testng.reporters.JUnitXMLReporter -->
<testsuite hostname="DESKTOP-1UNN7PP" ignored="0" name="Bavarian_Inn2" tests="7" failures="0" timestamp="18 Jul 2019 10:26:21 GMT" time="43.742" errors="0">
  <testcase name="titleTest" time="11.174" classname="snipp.test.bav.testcases.UAT_BavarianInnBrokenLinks"/>
  <testcase name="loginToSite" time="5.96" classname="snipp.test.bav.testcases.UAT_BavarianInnBrokenLinks"/>
  <testcase name="WelcomeMessage" time="5.141" classname="snipp.test.bav.testcases.UAT_BavarianInnBrokenLinks"/>
  <testcase name="membersOffers" time="6.924" classname="snipp.test.bav.testcases.UAT_BavarianInnBrokenLinks"/>
  <testcase name="membersLocations" time="4.296" classname="snipp.test.bav.testcases.UAT_BavarianInnBrokenLinks"/>
  <testcase name="membersSocial" time="5.336" classname="snipp.test.bav.testcases.UAT_BavarianInnBrokenLinks"/>
  <testcase name="logOutOfSite" time="4.135" classname="snipp.test.bav.testcases.UAT_BavarianInnBrokenLinks"/>
</testsuite> <!-- Bavarian_Inn2 -->
