<?xml version="1.0" encoding="UTF-8"?>
<!-- Generated by org.testng.reporters.JUnitXMLReporter -->
<testsuite hostname="DESKTOP-G1T6KU3" ignored="0" name="Test3" tests="7" failures="0" timestamp="17 Jul 2019 06:55:37 GMT" time="29.431" errors="0">
  <testcase name="titleTest" time="6.39" classname="snipp.test.bavarianinn.uat.UAT_BavarianInnBrokenLinks3"/>
  <testcase name="loginToSite" time="2.784" classname="snipp.test.bavarianinn.uat.UAT_BavarianInnBrokenLinks3"/>
  <testcase name="WelcomeMessage" time="2.491" classname="snipp.test.bavarianinn.uat.UAT_BavarianInnBrokenLinks3"/>
  <testcase name="membersOffers" time="5.082" classname="snipp.test.bavarianinn.uat.UAT_BavarianInnBrokenLinks3"/>
  <testcase name="membersLocations" time="4.357" classname="snipp.test.bavarianinn.uat.UAT_BavarianInnBrokenLinks3"/>
  <testcase name="membersSocial" time="3.73" classname="snipp.test.bavarianinn.uat.UAT_BavarianInnBrokenLinks3"/>
  <testcase name="logOutOfSite" time="3.454" classname="snipp.test.bavarianinn.uat.UAT_BavarianInnBrokenLinks3"/>
</testsuite> <!-- Test3 -->
