<?xml version="1.0" encoding="UTF-8"?>
<!-- Generated by org.testng.reporters.JUnitXMLReporter -->
<testsuite hostname="DESKTOP-1UNN7PP" ignored="0" name="UAT_ExcelDataProviderFull_POM" tests="3" failures="0" timestamp="18 Jul 2019 10:34:43 GMT" time="10.611" errors="0">
  <testcase name="loginToSite" time="0.014" classname="snipp.test.bav.testcases.UAT_ExcelDataProviderFull_POM"/>
  <testcase name="enterDetails" time="1.062" classname="snipp.test.bav.testcases.UAT_ExcelDataProviderFull_POM"/>
  <testcase name="test1" time="8.215" classname="snipp.test.bav.testcases.UAT_ExcelDataProviderFull_POM"/>
</testsuite> <!-- UAT_ExcelDataProviderFull_POM -->
