<?xml version="1.0" encoding="UTF-8"?>
<!-- Generated by org.testng.reporters.JUnitXMLReporter -->
<testsuite hostname="DESKTOP-1UNN7PP" ignored="0" name="UAT_HomePageTest" tests="8" failures="0" timestamp="18 Jul 2019 10:35:19 GMT" time="36.233" errors="0">
  <testcase name="loginToSite" time="0.022" classname="snipp.test.bav.testcases.UAT_HomePageTest"/>
  <testcase name="howItWorks" time="1.283" classname="snipp.test.bav.testcases.UAT_HomePageTest"/>
  <testcase name="register" time="1.311" classname="snipp.test.bav.testcases.UAT_HomePageTest"/>
  <testcase name="faq" time="1.333" classname="snipp.test.bav.testcases.UAT_HomePageTest"/>
  <testcase name="checkFacebook" time="6.77" classname="snipp.test.bav.testcases.UAT_HomePageTest"/>
  <testcase name="checkYoutube" time="5.771" classname="snipp.test.bav.testcases.UAT_HomePageTest"/>
  <testcase name="checkYelp" time="13.798" classname="snipp.test.bav.testcases.UAT_HomePageTest"/>
  <testcase name="checkTwitter" time="5.044" classname="snipp.test.bav.testcases.UAT_HomePageTest"/>
</testsuite> <!-- UAT_HomePageTest -->
