<?xml version="1.0" encoding="UTF-8"?>
<!-- Generated by org.testng.reporters.JUnitXMLReporter -->
<testsuite hostname="DESKTOP-1UNN7PP" ignored="0" name="UAT_RegisterPageTestCanada_Broken" tests="3" failures="0" timestamp="18 Jul 2019 11:07:09 GMT" time="10.841" errors="0">
  <testcase name="loginToSite" time="0.042" classname="snipp.test.bav.testcases.UAT_RegisterPageTestCanada"/>
  <testcase name="enterDetails" time="1.38" classname="snipp.test.bav.testcases.UAT_RegisterPageTestCanada"/>
  <testcase name="enterForm" time="8.662" classname="snipp.test.bav.testcases.UAT_RegisterPageTestCanada"/>
</testsuite> <!-- UAT_RegisterPageTestCanada_Broken -->
