<?xml version="1.0" encoding="UTF-8"?>
<!-- Generated by org.testng.reporters.JUnitXMLReporter -->
<testsuite hostname="DESKTOP-1UNN7PP" ignored="0" name="UAT_RegisterPageTestCanada" tests="3" failures="0" timestamp="18 Jul 2019 10:58:56 GMT" time="10.344" errors="0">
  <testcase name="loginToSite" time="0.014" classname="snipp.test.bav.testcases.UAT_RegisterPageTestCanada"/>
  <testcase name="enterDetails" time="1.162" classname="snipp.test.bav.testcases.UAT_RegisterPageTestCanada"/>
  <testcase name="enterForm" time="8.395" classname="snipp.test.bav.testcases.UAT_RegisterPageTestCanada"/>
</testsuite> <!-- UAT_RegisterPageTestCanada -->
