<?xml version="1.0" encoding="UTF-8"?>
<testng-results skipped="0" failed="0" ignored="0" total="8" passed="8">
  <reporter-output>
  </reporter-output>
  <suite name="Surefire suite" duration-ms="20873" started-at="2019-07-17T10:41:24Z" finished-at="2019-07-17T10:41:45Z">
    <groups>
    </groups>
    <test name="Surefire test" duration-ms="20873" started-at="2019-07-17T10:41:24Z" finished-at="2019-07-17T10:41:45Z">
      <class name="snipp.test.bav.testcases.UAT_HomePageTest">
        <test-method status="PASS" signature="launchBrowser()[pri:0, instance:snipp.test.bav.testcases.UAT_HomePageTest@131276c2]" name="launchBrowser" is-config="true" duration-ms="6157" started-at="2019-07-17T11:41:18Z" finished-at="2019-07-17T11:41:24Z">
          <reporter-output>
          </reporter-output>
        </test-method> <!-- launchBrowser -->
        <test-method status="PASS" signature="setUp()[pri:0, instance:snipp.test.bav.testcases.UAT_HomePageTest@131276c2]" name="setUp" is-config="true" duration-ms="154" started-at="2019-07-17T11:41:24Z" finished-at="2019-07-17T11:41:24Z">
          <reporter-output>
          </reporter-output>
        </test-method> <!-- setUp -->
        <test-method status="PASS" signature="loginToSite()[pri:1, instance:snipp.test.bav.testcases.UAT_HomePageTest@131276c2]" name="loginToSite" duration-ms="22" started-at="2019-07-17T11:41:24Z" finished-at="2019-07-17T11:41:24Z">
          <reporter-output>
          </reporter-output>
        </test-method> <!-- loginToSite -->
        <test-method status="PASS" signature="beforeMethod()[pri:0, instance:snipp.test.bav.testcases.UAT_HomePageTest@131276c2]" name="beforeMethod" is-config="true" duration-ms="0" started-at="2019-07-17T11:41:24Z" finished-at="2019-07-17T11:41:24Z">
          <reporter-output>
          </reporter-output>
        </test-method> <!-- beforeMethod -->
        <test-method status="PASS" signature="beforeMethod()[pri:0, instance:snipp.test.bav.testcases.UAT_HomePageTest@131276c2]" name="beforeMethod" is-config="true" duration-ms="1" started-at="2019-07-17T11:41:24Z" finished-at="2019-07-17T11:41:24Z">
          <reporter-output>
          </reporter-output>
        </test-method> <!-- beforeMethod -->
        <test-method status="PASS" signature="howItWorks()[pri:2, instance:snipp.test.bav.testcases.UAT_HomePageTest@131276c2]" name="howItWorks" duration-ms="701" started-at="2019-07-17T11:41:24Z" finished-at="2019-07-17T11:41:25Z">
          <reporter-output>
          </reporter-output>
        </test-method> <!-- howItWorks -->
        <test-method status="PASS" signature="beforeMethod()[pri:0, instance:snipp.test.bav.testcases.UAT_HomePageTest@131276c2]" name="beforeMethod" is-config="true" duration-ms="0" started-at="2019-07-17T11:41:25Z" finished-at="2019-07-17T11:41:25Z">
          <reporter-output>
          </reporter-output>
        </test-method> <!-- beforeMethod -->
        <test-method status="PASS" signature="register()[pri:3, instance:snipp.test.bav.testcases.UAT_HomePageTest@131276c2]" name="register" duration-ms="1674" started-at="2019-07-17T11:41:25Z" finished-at="2019-07-17T11:41:26Z">
          <reporter-output>
          </reporter-output>
        </test-method> <!-- register -->
        <test-method status="PASS" signature="faq()[pri:4, instance:snipp.test.bav.testcases.UAT_HomePageTest@131276c2]" name="faq" duration-ms="941" started-at="2019-07-17T11:41:26Z" finished-at="2019-07-17T11:41:27Z">
          <reporter-output>
          </reporter-output>
        </test-method> <!-- faq -->
        <test-method status="PASS" signature="beforeMethod()[pri:0, instance:snipp.test.bav.testcases.UAT_HomePageTest@131276c2]" name="beforeMethod" is-config="true" duration-ms="0" started-at="2019-07-17T11:41:26Z" finished-at="2019-07-17T11:41:26Z">
          <reporter-output>
          </reporter-output>
        </test-method> <!-- beforeMethod -->
        <test-method status="PASS" signature="checkFacebook()[pri:5, instance:snipp.test.bav.testcases.UAT_HomePageTest@131276c2]" name="checkFacebook" duration-ms="4230" started-at="2019-07-17T11:41:27Z" finished-at="2019-07-17T11:41:31Z">
          <reporter-output>
          </reporter-output>
        </test-method> <!-- checkFacebook -->
        <test-method status="PASS" signature="beforeMethod()[pri:0, instance:snipp.test.bav.testcases.UAT_HomePageTest@131276c2]" name="beforeMethod" is-config="true" duration-ms="0" started-at="2019-07-17T11:41:27Z" finished-at="2019-07-17T11:41:27Z">
          <reporter-output>
          </reporter-output>
        </test-method> <!-- beforeMethod -->
        <test-method status="PASS" signature="beforeMethod()[pri:0, instance:snipp.test.bav.testcases.UAT_HomePageTest@131276c2]" name="beforeMethod" is-config="true" duration-ms="0" started-at="2019-07-17T11:41:31Z" finished-at="2019-07-17T11:41:31Z">
          <reporter-output>
          </reporter-output>
        </test-method> <!-- beforeMethod -->
        <test-method status="PASS" signature="checkYoutube()[pri:6, instance:snipp.test.bav.testcases.UAT_HomePageTest@131276c2]" name="checkYoutube" duration-ms="2893" started-at="2019-07-17T11:41:31Z" finished-at="2019-07-17T11:41:34Z">
          <reporter-output>
          </reporter-output>
        </test-method> <!-- checkYoutube -->
        <test-method status="PASS" signature="beforeMethod()[pri:0, instance:snipp.test.bav.testcases.UAT_HomePageTest@131276c2]" name="beforeMethod" is-config="true" duration-ms="0" started-at="2019-07-17T11:41:34Z" finished-at="2019-07-17T11:41:34Z">
          <reporter-output>
          </reporter-output>
        </test-method> <!-- beforeMethod -->
        <test-method status="PASS" signature="checkYelp()[pri:7, instance:snipp.test.bav.testcases.UAT_HomePageTest@131276c2]" name="checkYelp" duration-ms="3943" started-at="2019-07-17T11:41:34Z" finished-at="2019-07-17T11:41:38Z">
          <reporter-output>
          </reporter-output>
        </test-method> <!-- checkYelp -->
        <test-method status="PASS" signature="beforeMethod()[pri:0, instance:snipp.test.bav.testcases.UAT_HomePageTest@131276c2]" name="beforeMethod" is-config="true" duration-ms="1" started-at="2019-07-17T11:41:38Z" finished-at="2019-07-17T11:41:38Z">
          <reporter-output>
          </reporter-output>
        </test-method> <!-- beforeMethod -->
        <test-method status="PASS" signature="checkTwitter()[pri:8, instance:snipp.test.bav.testcases.UAT_HomePageTest@131276c2]" name="checkTwitter" duration-ms="3112" started-at="2019-07-17T11:41:38Z" finished-at="2019-07-17T11:41:41Z">
          <reporter-output>
          </reporter-output>
        </test-method> <!-- checkTwitter -->
        <test-method status="PASS" signature="tearDownTest()[pri:0, instance:snipp.test.bav.testcases.UAT_HomePageTest@131276c2]" name="tearDownTest" is-config="true" duration-ms="3184" started-at="2019-07-17T11:41:41Z" finished-at="2019-07-17T11:41:45Z">
          <reporter-output>
          </reporter-output>
        </test-method> <!-- tearDownTest -->
        <test-method status="PASS" signature="tearDown()[pri:0, instance:snipp.test.bav.testcases.UAT_HomePageTest@131276c2]" name="tearDown" is-config="true" duration-ms="0" started-at="2019-07-17T11:41:45Z" finished-at="2019-07-17T11:41:45Z">
          <reporter-output>
          </reporter-output>
        </test-method> <!-- tearDown -->
      </class> <!-- snipp.test.bav.testcases.UAT_HomePageTest -->
    </test> <!-- Surefire test -->
  </suite> <!-- Surefire suite -->
</testng-results>
