<?xml version="1.0" encoding="UTF-8"?>
<testsuite xmlns:xsi="http://www.w3.org/2001/XMLSchema-instance" xsi:noNamespaceSchemaLocation="https://maven.apache.org/surefire/maven-surefire-plugin/xsd/surefire-test-report-3.0.xsd" version="3.0" name="TestSuite" time="48.762" tests="8" errors="0" skipped="0" failures="1">
  <properties>
[...]
</properties>
  <testcase name="loginToSite" classname="snipp.test.bav.testcases.UAT_HomePageTest" time="0.025"/>
  <testcase name="howItWorks" classname="snipp.test.bav.testcases.UAT_HomePageTest" time="0.533"/>
  <testcase name="register" classname="snipp.test.bav.testcases.UAT_HomePageTest" time="2.31"/>
  <testcase name="faq" classname="snipp.test.bav.testcases.UAT_HomePageTest" time="4.295"/>
  <testcase name="checkFacebook" classname="snipp.test.bav.testcases.UAT_HomePageTest" time="6.585"/>
  <testcase name="checkYoutube" classname="snipp.test.bav.testcases.UAT_HomePageTest" time="5.332"/>
  <testcase name="checkYelp" classname="snipp.test.bav.testcases.UAT_HomePageTest" time="19.55"/>
  <testcase name="checkTwitter" classname="snipp.test.bav.testcases.UAT_HomePageTest" time="2.741">
    <failure message="expected:&lt;Bavarian Inn (@Bavarian_Inn) | Twitter&gt; but was:&lt;Bavarian Inn (@Bavarian_Inn) on Twitter&gt;" type="java.lang.AssertionError"><![CDATA[java.lang.AssertionError: expected:<Bavarian Inn (@Bavarian_Inn) | Twitter> but was:<Bavarian Inn (@Bavarian_Inn) on Twitter>
	at snipp.test.bav.testcases.UAT_HomePageTest.checkTwitter(UAT_HomePageTest.java:228)
]]></failure>
    <system-out><![CDATA[@Before method bit
Checking Twitter
]]></system-out>
  </testcase>
</testsuite>