<!DOCTYPE html PUBLIC "-//W3C//DTD XHTML 1.1//EN" "http://www.w3.org/TR/xhtml11/DTD/xhtml11.dtd">
<html xmlns="http://www.w3.org/1999/xhtml"><head><title>TestNG Report</title><style type="text/css">table {margin-bottom:10px;border-collapse:collapse;empty-cells:show}th,td {border:1px solid #009;padding:.25em .5em}th {vertical-align:bottom}td {vertical-align:top}table a {font-weight:bold}.stripe td {background-color: #E6EBF9}.num {text-align:right}.passedodd td {background-color: #3F3}.passedeven td {background-color: #0A0}.skippedodd td {background-color: #DDD}.skippedeven td {background-color: #CCC}.failedodd td,.attn {background-color: #F33}.failedeven td,.stripe .attn {background-color: #D00}.stacktrace {white-space:pre;font-family:monospace}.totop {font-size:85%;text-align:center;border-bottom:2px solid #000}</style></head><body><table><tr><th>Test</th><th># Passed</th><th># Skipped</th><th># Failed</th><th>Time (ms)</th><th>Included Groups</th><th>Excluded Groups</th></tr><tr><th colspan="7">Suite1</th></tr><tr><td><a href="#t0">UAT_BavarianInnBrokenLinks</a></td><td class="num">2</td><td class="num">0</td><td class="num attn">5</td><td class="num">10,412</td><td></td><td></td></tr><tr class="stripe"><td><a href="#t1">UAT_BavarianInnLoginCheckScreens</a></td><td class="num">4</td><td class="num">0</td><td class="num attn">4</td><td class="num">12,467</td><td></td><td></td></tr><tr><td><a href="#t2">UAT_BavarianInnLoginUploadReciepts</a></td><td class="num">4</td><td class="num">0</td><td class="num attn">6</td><td class="num">41,237</td><td></td><td></td></tr><tr class="stripe"><td><a href="#t3">UAT_ExcelDataProviderFull_POM</a></td><td class="num">3</td><td class="num">0</td><td class="num">0</td><td class="num">10,611</td><td></td><td></td></tr><tr><td><a href="#t4">UAT_HomePageTest</a></td><td class="num">8</td><td class="num">0</td><td class="num">0</td><td class="num">36,233</td><td></td><td></td></tr><tr class="stripe"><td><a href="#t5">UAT_RegisterPageTestCanada</a></td><td class="num">3</td><td class="num">0</td><td class="num">0</td><td class="num">10,323</td><td></td><td></td></tr><tr><th>Total</th><th class="num">24</th><th class="num">0</th><th class="num attn">15</th><th class="num">121,283</th><th colspan="2"></th></tr></table><table><thead><tr><th>Class</th><th>Method</th><th>Start</th><th>Time (ms)</th></tr></thead><tbody><tr><th colspan="4">Suite1</th></tr></tbody><tbody id="t0"><tr><th colspan="4">UAT_BavarianInnBrokenLinks &#8212; failed</th></tr><tr class="failedeven"><td rowspan="5">snipp.test.bav.testcases.UAT_BavarianInnBrokenLinks</td><td><a href="#m0">WelcomeMessage</a></td><td rowspan="1">1563446014613</td><td rowspan="1">82</td></tr><tr class="failedeven"><td><a href="#m1">membersLocations</a></td><td rowspan="1">1563446014725</td><td rowspan="1">25</td></tr><tr class="failedeven"><td><a href="#m2">membersOffers</a></td><td rowspan="1">1563446014697</td><td rowspan="1">25</td></tr><tr class="failedeven"><td><a href="#m3">membersSocial</a></td><td rowspan="1">1563446014752</td><td rowspan="1">38</td></tr><tr class="failedeven"><td><a href="#m4">titleTest</a></td><td rowspan="1">1563446010395</td><td rowspan="1">3036</td></tr><tr><th colspan="4">UAT_BavarianInnBrokenLinks &#8212; passed</th></tr><tr class="passedeven"><td rowspan="2">snipp.test.bav.testcases.UAT_BavarianInnBrokenLinks</td><td><a href="#m5">logOutOfSite</a></td><td rowspan="1">1563446014792</td><td rowspan="1">4374</td></tr><tr class="passedeven"><td><a href="#m6">loginToSite</a></td><td rowspan="1">1563446013437</td><td rowspan="1">1174</td></tr></tbody><tbody id="t1"><tr><th colspan="4">UAT_BavarianInnLoginCheckScreens &#8212; failed</th></tr><tr class="failedeven"><td rowspan="4">snipp.test.bav.testcases.UAT_BavarianInnLoginCheckScreens</td><td><a href="#m7">loginTitleTest</a></td><td rowspan="1">1563446024404</td><td rowspan="1">3045</td></tr><tr class="failedeven"><td><a href="#m8">membersLocations</a></td><td rowspan="1">1563446027858</td><td rowspan="1">36</td></tr><tr class="failedeven"><td><a href="#m9">membersOffers</a></td><td rowspan="1">1563446027698</td><td rowspan="1">32</td></tr><tr class="failedeven"><td><a href="#m10">membersSocial</a></td><td rowspan="1">1563446027982</td><td rowspan="1">46</td></tr><tr><th colspan="4">UAT_BavarianInnLoginCheckScreens &#8212; passed</th></tr><tr class="passedeven"><td rowspan="4">snipp.test.bav.testcases.UAT_BavarianInnLoginCheckScreens</td><td><a href="#m11">WelcomeMessage</a></td><td rowspan="1">1563446027555</td><td rowspan="1">44</td></tr><tr class="passedeven"><td><a href="#m12">enterDetails</a></td><td rowspan="1">1563446020221</td><td rowspan="1">3980</td></tr><tr class="passedeven"><td><a href="#m13">logOutOfSite</a></td><td rowspan="1">1563446028123</td><td rowspan="1">1361</td></tr><tr class="passedeven"><td><a href="#m14">loginToSite</a></td><td rowspan="1">1563446019250</td><td rowspan="1">31</td></tr></tbody><tbody id="t2"><tr><th colspan="4">UAT_BavarianInnLoginUploadReciepts &#8212; failed</th></tr><tr class="failedeven"><td rowspan="6">snipp.test.bav.testcases.UAT_BavarianInnLoginUploadReciepts</td><td><a href="#m15">WelcomeMessage</a></td><td rowspan="1">1563446035817</td><td rowspan="1">29</td></tr><tr class="failedeven"><td><a href="#m16">uploadButtomSelection</a></td><td rowspan="1">1563446037884</td><td rowspan="1">2024</td></tr><tr class="failedeven"><td><a href="#m17">uploadReciept</a></td><td rowspan="1">1563446035848</td><td rowspan="1">2034</td></tr><tr class="failedeven"><td><a href="#m18">verifyUploadQUEUEDStatus</a></td><td rowspan="1">1563446060830</td><td rowspan="1">10050</td></tr><tr class="failedeven"><td><a href="#m19">verifyUploadWorked</a></td><td rowspan="1">1563446039909</td><td rowspan="1">20919</td></tr><tr class="failedeven"><td><a href="#m20">viewReciept</a></td><td rowspan="1">1563446070882</td><td rowspan="1">45</td></tr><tr><th colspan="4">UAT_BavarianInnLoginUploadReciepts &#8212; passed</th></tr><tr class="passedeven"><td rowspan="4">snipp.test.bav.testcases.UAT_BavarianInnLoginUploadReciepts</td><td><a href="#m21">enterDetails</a></td><td rowspan="1">1563446031769</td><td rowspan="1">1032</td></tr><tr class="passedeven"><td><a href="#m22">logOutOfSite</a></td><td rowspan="1">1563446070929</td><td rowspan="1">1305</td></tr><tr class="passedeven"><td><a href="#m23">loginTitleTest</a></td><td rowspan="1">1563446032802</td><td rowspan="1">3014</td></tr><tr class="passedeven"><td><a href="#m24">loginToSite</a></td><td rowspan="1">1563446031748</td><td rowspan="1">20</td></tr></tbody><tbody id="t3"><tr><th colspan="4">UAT_ExcelDataProviderFull_POM &#8212; passed</th></tr><tr class="passedeven"><td rowspan="3">snipp.test.bav.testcases.UAT_ExcelDataProviderFull_POM</td><td><a href="#m25">enterDetails</a></td><td rowspan="1">1563446073063</td><td rowspan="1">1062</td></tr><tr class="passedeven"><td><a href="#m26">loginToSite</a></td><td rowspan="1">1563446073048</td><td rowspan="1">14</td></tr><tr class="passedeven"><td><a href="#m27">test1</a></td><td rowspan="1">1563446075434</td><td rowspan="1">8215</td></tr></tbody><tbody id="t4"><tr><th colspan="4">UAT_HomePageTest &#8212; passed</th></tr><tr class="passedeven"><td rowspan="8">snipp.test.bav.testcases.UAT_HomePageTest</td><td><a href="#m28">checkFacebook</a></td><td rowspan="1">1563446087618</td><td rowspan="1">6770</td></tr><tr class="passedeven"><td><a href="#m29">checkTwitter</a></td><td rowspan="1">1563446113959</td><td rowspan="1">5044</td></tr><tr class="passedeven"><td><a href="#m30">checkYelp</a></td><td rowspan="1">1563446100160</td><td rowspan="1">13798</td></tr><tr class="passedeven"><td><a href="#m31">checkYoutube</a></td><td rowspan="1">1563446094389</td><td rowspan="1">5771</td></tr><tr class="passedeven"><td><a href="#m32">faq</a></td><td rowspan="1">1563446086283</td><td rowspan="1">1333</td></tr><tr class="passedeven"><td><a href="#m33">howItWorks</a></td><td rowspan="1">1563446083687</td><td rowspan="1">1283</td></tr><tr class="passedeven"><td><a href="#m34">loginToSite</a></td><td rowspan="1">1563446083664</td><td rowspan="1">22</td></tr><tr class="passedeven"><td><a href="#m35">register</a></td><td rowspan="1">1563446084971</td><td rowspan="1">1311</td></tr></tbody><tbody id="t5"><tr><th colspan="4">UAT_RegisterPageTestCanada &#8212; passed</th></tr><tr class="passedeven"><td rowspan="3">snipp.test.bav.testcases.UAT_RegisterPageTestCanada</td><td><a href="#m36">enterDetails</a></td><td rowspan="1">1563446119941</td><td rowspan="1">963</td></tr><tr class="passedeven"><td><a href="#m37">enterForm</a></td><td rowspan="1">1563446120906</td><td rowspan="1">8526</td></tr><tr class="passedeven"><td><a href="#m38">loginToSite</a></td><td rowspan="1">1563446119906</td><td rowspan="1">21</td></tr></tbody></table><h2>UAT_BavarianInnBrokenLinks</h2><h3 id="m0">snipp.test.bav.testcases.UAT_BavarianInnBrokenLinks#WelcomeMessage</h3><table class="result"><tr><th>Exception</th></tr><tr><td><div class="stacktrace">org.openqa.selenium.NoSuchElementException: no such element: Unable to locate element: {&quot;method&quot;:&quot;xpath&quot;,&quot;selector&quot;:&quot;//*[contains(text(), &apos;Hi Michael&apos;)]&quot;}
  (Session info: chrome=75.0.3770.142)
For documentation on this error, please visit: https://www.seleniumhq.org/exceptions/no_such_element.html
Build info: version: &apos;3.141.59&apos;, revision: &apos;e82be7d358&apos;, time: &apos;2018-11-14T08:17:03&apos;
System info: host: &apos;DESKTOP-1UNN7PP&apos;, ip: &apos;192.168.8.104&apos;, os.name: &apos;Windows 10&apos;, os.arch: &apos;amd64&apos;, os.version: &apos;10.0&apos;, java.version: &apos;1.8.0_192&apos;
Driver info: org.openqa.selenium.chrome.ChromeDriver
Capabilities {acceptInsecureCerts: false, browserName: chrome, browserVersion: 75.0.3770.142, chrome: {chromedriverVersion: 75.0.3770.90 (a6dcaf7e3ec6f..., userDataDir: C:\Users\Kieran\AppData\Loc...}, goog:chromeOptions: {debuggerAddress: localhost:49936}, javascriptEnabled: true, networkConnectionEnabled: false, pageLoadStrategy: normal, platform: XP, platformName: XP, proxy: Proxy(), setWindowRect: true, strictFileInteractability: false, timeouts: {implicit: 0, pageLoad: 300000, script: 30000}, unhandledPromptBehavior: dismiss and notify}
Session ID: ca1d67c5daf79d14d3dd1734cdb1c800
*** Element info: {Using=xpath, value=//*[contains(text(), &apos;Hi Michael&apos;)]}
	at org.openqa.selenium.remote.http.W3CHttpResponseCodec.createException(W3CHttpResponseCodec.java:187)
	at org.openqa.selenium.remote.http.W3CHttpResponseCodec.decode(W3CHttpResponseCodec.java:122)
	at org.openqa.selenium.remote.http.W3CHttpResponseCodec.decode(W3CHttpResponseCodec.java:49)
	at org.openqa.selenium.remote.HttpCommandExecutor.execute(HttpCommandExecutor.java:158)
	at org.openqa.selenium.remote.service.DriverCommandExecutor.execute(DriverCommandExecutor.java:83)
	at org.openqa.selenium.remote.RemoteWebDriver.execute(RemoteWebDriver.java:552)
	at org.openqa.selenium.remote.RemoteWebDriver.findElement(RemoteWebDriver.java:323)
	at org.openqa.selenium.remote.RemoteWebDriver.findElementByXPath(RemoteWebDriver.java:428)
	at org.openqa.selenium.By$ByXPath.findElement(By.java:353)
	at org.openqa.selenium.remote.RemoteWebDriver.findElement(RemoteWebDriver.java:315)
	at snipp.test.bav.testcases.UAT_BavarianInnBrokenLinks.WelcomeMessage(UAT_BavarianInnBrokenLinks.java:199)
... Removed 29 stack frames</div></td></tr></table><p class="totop"><a href="#summary">back to summary</a></p><h3 id="m1">snipp.test.bav.testcases.UAT_BavarianInnBrokenLinks#membersLocations</h3><table class="result"><tr><th>Exception</th></tr><tr><td><div class="stacktrace">org.openqa.selenium.NoSuchElementException: no such element: Unable to locate element: {&quot;method&quot;:&quot;xpath&quot;,&quot;selector&quot;:&quot;//*[contains(text(), &apos;Locations&apos;)]&quot;}
  (Session info: chrome=75.0.3770.142)
For documentation on this error, please visit: https://www.seleniumhq.org/exceptions/no_such_element.html
Build info: version: &apos;3.141.59&apos;, revision: &apos;e82be7d358&apos;, time: &apos;2018-11-14T08:17:03&apos;
System info: host: &apos;DESKTOP-1UNN7PP&apos;, ip: &apos;192.168.8.104&apos;, os.name: &apos;Windows 10&apos;, os.arch: &apos;amd64&apos;, os.version: &apos;10.0&apos;, java.version: &apos;1.8.0_192&apos;
Driver info: org.openqa.selenium.chrome.ChromeDriver
Capabilities {acceptInsecureCerts: false, browserName: chrome, browserVersion: 75.0.3770.142, chrome: {chromedriverVersion: 75.0.3770.90 (a6dcaf7e3ec6f..., userDataDir: C:\Users\Kieran\AppData\Loc...}, goog:chromeOptions: {debuggerAddress: localhost:49936}, javascriptEnabled: true, networkConnectionEnabled: false, pageLoadStrategy: normal, platform: XP, platformName: XP, proxy: Proxy(), setWindowRect: true, strictFileInteractability: false, timeouts: {implicit: 0, pageLoad: 300000, script: 30000}, unhandledPromptBehavior: dismiss and notify}
Session ID: ca1d67c5daf79d14d3dd1734cdb1c800
*** Element info: {Using=xpath, value=//*[contains(text(), &apos;Locations&apos;)]}
	at org.openqa.selenium.remote.http.W3CHttpResponseCodec.createException(W3CHttpResponseCodec.java:187)
	at org.openqa.selenium.remote.http.W3CHttpResponseCodec.decode(W3CHttpResponseCodec.java:122)
	at org.openqa.selenium.remote.http.W3CHttpResponseCodec.decode(W3CHttpResponseCodec.java:49)
	at org.openqa.selenium.remote.HttpCommandExecutor.execute(HttpCommandExecutor.java:158)
	at org.openqa.selenium.remote.service.DriverCommandExecutor.execute(DriverCommandExecutor.java:83)
	at org.openqa.selenium.remote.RemoteWebDriver.execute(RemoteWebDriver.java:552)
	at org.openqa.selenium.remote.RemoteWebDriver.findElement(RemoteWebDriver.java:323)
	at org.openqa.selenium.remote.RemoteWebDriver.findElementByXPath(RemoteWebDriver.java:428)
	at org.openqa.selenium.By$ByXPath.findElement(By.java:353)
	at org.openqa.selenium.remote.RemoteWebDriver.findElement(RemoteWebDriver.java:315)
	at snipp.test.bav.testcases.UAT_BavarianInnBrokenLinks.membersLocations(UAT_BavarianInnBrokenLinks.java:256)
... Removed 29 stack frames</div></td></tr></table><p class="totop"><a href="#summary">back to summary</a></p><h3 id="m2">snipp.test.bav.testcases.UAT_BavarianInnBrokenLinks#membersOffers</h3><table class="result"><tr><th>Exception</th></tr><tr><td><div class="stacktrace">org.openqa.selenium.NoSuchElementException: no such element: Unable to locate element: {&quot;method&quot;:&quot;xpath&quot;,&quot;selector&quot;:&quot;//*[contains(text(), &apos;Member Offers&apos;)]&quot;}
  (Session info: chrome=75.0.3770.142)
For documentation on this error, please visit: https://www.seleniumhq.org/exceptions/no_such_element.html
Build info: version: &apos;3.141.59&apos;, revision: &apos;e82be7d358&apos;, time: &apos;2018-11-14T08:17:03&apos;
System info: host: &apos;DESKTOP-1UNN7PP&apos;, ip: &apos;192.168.8.104&apos;, os.name: &apos;Windows 10&apos;, os.arch: &apos;amd64&apos;, os.version: &apos;10.0&apos;, java.version: &apos;1.8.0_192&apos;
Driver info: org.openqa.selenium.chrome.ChromeDriver
Capabilities {acceptInsecureCerts: false, browserName: chrome, browserVersion: 75.0.3770.142, chrome: {chromedriverVersion: 75.0.3770.90 (a6dcaf7e3ec6f..., userDataDir: C:\Users\Kieran\AppData\Loc...}, goog:chromeOptions: {debuggerAddress: localhost:49936}, javascriptEnabled: true, networkConnectionEnabled: false, pageLoadStrategy: normal, platform: XP, platformName: XP, proxy: Proxy(), setWindowRect: true, strictFileInteractability: false, timeouts: {implicit: 0, pageLoad: 300000, script: 30000}, unhandledPromptBehavior: dismiss and notify}
Session ID: ca1d67c5daf79d14d3dd1734cdb1c800
*** Element info: {Using=xpath, value=//*[contains(text(), &apos;Member Offers&apos;)]}
	at org.openqa.selenium.remote.http.W3CHttpResponseCodec.createException(W3CHttpResponseCodec.java:187)
	at org.openqa.selenium.remote.http.W3CHttpResponseCodec.decode(W3CHttpResponseCodec.java:122)
	at org.openqa.selenium.remote.http.W3CHttpResponseCodec.decode(W3CHttpResponseCodec.java:49)
	at org.openqa.selenium.remote.HttpCommandExecutor.execute(HttpCommandExecutor.java:158)
	at org.openqa.selenium.remote.service.DriverCommandExecutor.execute(DriverCommandExecutor.java:83)
	at org.openqa.selenium.remote.RemoteWebDriver.execute(RemoteWebDriver.java:552)
	at org.openqa.selenium.remote.RemoteWebDriver.findElement(RemoteWebDriver.java:323)
	at org.openqa.selenium.remote.RemoteWebDriver.findElementByXPath(RemoteWebDriver.java:428)
	at org.openqa.selenium.By$ByXPath.findElement(By.java:353)
	at org.openqa.selenium.remote.RemoteWebDriver.findElement(RemoteWebDriver.java:315)
	at snipp.test.bav.testcases.UAT_BavarianInnBrokenLinks.membersOffers(UAT_BavarianInnBrokenLinks.java:243)
... Removed 29 stack frames</div></td></tr></table><p class="totop"><a href="#summary">back to summary</a></p><h3 id="m3">snipp.test.bav.testcases.UAT_BavarianInnBrokenLinks#membersSocial</h3><table class="result"><tr><th>Exception</th></tr><tr><td><div class="stacktrace">org.openqa.selenium.NoSuchElementException: no such element: Unable to locate element: {&quot;method&quot;:&quot;xpath&quot;,&quot;selector&quot;:&quot;//*[contains(text(), &apos;Social&apos;)]&quot;}
  (Session info: chrome=75.0.3770.142)
For documentation on this error, please visit: https://www.seleniumhq.org/exceptions/no_such_element.html
Build info: version: &apos;3.141.59&apos;, revision: &apos;e82be7d358&apos;, time: &apos;2018-11-14T08:17:03&apos;
System info: host: &apos;DESKTOP-1UNN7PP&apos;, ip: &apos;192.168.8.104&apos;, os.name: &apos;Windows 10&apos;, os.arch: &apos;amd64&apos;, os.version: &apos;10.0&apos;, java.version: &apos;1.8.0_192&apos;
Driver info: org.openqa.selenium.chrome.ChromeDriver
Capabilities {acceptInsecureCerts: false, browserName: chrome, browserVersion: 75.0.3770.142, chrome: {chromedriverVersion: 75.0.3770.90 (a6dcaf7e3ec6f..., userDataDir: C:\Users\Kieran\AppData\Loc...}, goog:chromeOptions: {debuggerAddress: localhost:49936}, javascriptEnabled: true, networkConnectionEnabled: false, pageLoadStrategy: normal, platform: XP, platformName: XP, proxy: Proxy(), setWindowRect: true, strictFileInteractability: false, timeouts: {implicit: 0, pageLoad: 300000, script: 30000}, unhandledPromptBehavior: dismiss and notify}
Session ID: ca1d67c5daf79d14d3dd1734cdb1c800
*** Element info: {Using=xpath, value=//*[contains(text(), &apos;Social&apos;)]}
	at org.openqa.selenium.remote.http.W3CHttpResponseCodec.createException(W3CHttpResponseCodec.java:187)
	at org.openqa.selenium.remote.http.W3CHttpResponseCodec.decode(W3CHttpResponseCodec.java:122)
	at org.openqa.selenium.remote.http.W3CHttpResponseCodec.decode(W3CHttpResponseCodec.java:49)
	at org.openqa.selenium.remote.HttpCommandExecutor.execute(HttpCommandExecutor.java:158)
	at org.openqa.selenium.remote.service.DriverCommandExecutor.execute(DriverCommandExecutor.java:83)
	at org.openqa.selenium.remote.RemoteWebDriver.execute(RemoteWebDriver.java:552)
	at org.openqa.selenium.remote.RemoteWebDriver.findElement(RemoteWebDriver.java:323)
	at org.openqa.selenium.remote.RemoteWebDriver.findElementByXPath(RemoteWebDriver.java:428)
	at org.openqa.selenium.By$ByXPath.findElement(By.java:353)
	at org.openqa.selenium.remote.RemoteWebDriver.findElement(RemoteWebDriver.java:315)
	at snipp.test.bav.testcases.UAT_BavarianInnBrokenLinks.membersSocial(UAT_BavarianInnBrokenLinks.java:269)
... Removed 29 stack frames</div></td></tr></table><p class="totop"><a href="#summary">back to summary</a></p><h3 id="m4">snipp.test.bav.testcases.UAT_BavarianInnBrokenLinks#titleTest</h3><table class="result"><tr><th>Exception</th></tr><tr><td><div class="stacktrace">java.lang.AssertionError: expected:&lt;false&gt; but was:&lt;true&gt;
	at snipp.test.bav.testcases.UAT_BavarianInnBrokenLinks.titleTest(UAT_BavarianInnBrokenLinks.java:171)
... Removed 30 stack frames</div></td></tr></table><p class="totop"><a href="#summary">back to summary</a></p><h3 id="m5">snipp.test.bav.testcases.UAT_BavarianInnBrokenLinks#logOutOfSite</h3><table class="result"></table><p class="totop"><a href="#summary">back to summary</a></p><h3 id="m6">snipp.test.bav.testcases.UAT_BavarianInnBrokenLinks#loginToSite</h3><table class="result"></table><p class="totop"><a href="#summary">back to summary</a></p><h2>UAT_BavarianInnLoginCheckScreens</h2><h3 id="m7">snipp.test.bav.testcases.UAT_BavarianInnLoginCheckScreens#loginTitleTest</h3><table class="result"><tr><th>Exception</th></tr><tr><td><div class="stacktrace">java.lang.AssertionError: expected:&lt;false&gt; but was:&lt;true&gt;
	at snipp.test.bav.testcases.UAT_BavarianInnLoginCheckScreens.loginTitleTest(UAT_BavarianInnLoginCheckScreens.java:166)
... Removed 30 stack frames</div></td></tr></table><p class="totop"><a href="#summary">back to summary</a></p><h3 id="m8">snipp.test.bav.testcases.UAT_BavarianInnLoginCheckScreens#membersLocations</h3><table class="result"><tr><th>Exception</th></tr><tr><td><div class="stacktrace">org.openqa.selenium.NoSuchElementException: no such element: Unable to locate element: {&quot;method&quot;:&quot;xpath&quot;,&quot;selector&quot;:&quot;//*[contains(text(), &apos;Locations&apos;)]&quot;}
  (Session info: chrome=75.0.3770.142)
For documentation on this error, please visit: https://www.seleniumhq.org/exceptions/no_such_element.html
Build info: version: &apos;3.141.59&apos;, revision: &apos;e82be7d358&apos;, time: &apos;2018-11-14T08:17:03&apos;
System info: host: &apos;DESKTOP-1UNN7PP&apos;, ip: &apos;192.168.8.104&apos;, os.name: &apos;Windows 10&apos;, os.arch: &apos;amd64&apos;, os.version: &apos;10.0&apos;, java.version: &apos;1.8.0_192&apos;
Driver info: org.openqa.selenium.chrome.ChromeDriver
Capabilities {acceptInsecureCerts: false, browserName: chrome, browserVersion: 75.0.3770.142, chrome: {chromedriverVersion: 75.0.3770.90 (a6dcaf7e3ec6f..., userDataDir: C:\Users\Kieran\AppData\Loc...}, goog:chromeOptions: {debuggerAddress: localhost:50028}, javascriptEnabled: true, networkConnectionEnabled: false, pageLoadStrategy: normal, platform: XP, platformName: XP, proxy: Proxy(), setWindowRect: true, strictFileInteractability: false, timeouts: {implicit: 0, pageLoad: 300000, script: 30000}, unhandledPromptBehavior: dismiss and notify}
Session ID: da37a586a046a563cee10602c9332f6d
*** Element info: {Using=xpath, value=//*[contains(text(), &apos;Locations&apos;)]}
	at org.openqa.selenium.remote.http.W3CHttpResponseCodec.createException(W3CHttpResponseCodec.java:187)
	at org.openqa.selenium.remote.http.W3CHttpResponseCodec.decode(W3CHttpResponseCodec.java:122)
	at org.openqa.selenium.remote.http.W3CHttpResponseCodec.decode(W3CHttpResponseCodec.java:49)
	at org.openqa.selenium.remote.HttpCommandExecutor.execute(HttpCommandExecutor.java:158)
	at org.openqa.selenium.remote.service.DriverCommandExecutor.execute(DriverCommandExecutor.java:83)
	at org.openqa.selenium.remote.RemoteWebDriver.execute(RemoteWebDriver.java:552)
	at org.openqa.selenium.remote.RemoteWebDriver.findElement(RemoteWebDriver.java:323)
	at org.openqa.selenium.remote.RemoteWebDriver.findElementByXPath(RemoteWebDriver.java:428)
	at org.openqa.selenium.By$ByXPath.findElement(By.java:353)
	at org.openqa.selenium.remote.RemoteWebDriver.findElement(RemoteWebDriver.java:315)
	at snipp.test.bav.testcases.UAT_BavarianInnLoginCheckScreens.membersLocations(UAT_BavarianInnLoginCheckScreens.java:200)
... Removed 29 stack frames</div></td></tr></table><p class="totop"><a href="#summary">back to summary</a></p><h3 id="m9">snipp.test.bav.testcases.UAT_BavarianInnLoginCheckScreens#membersOffers</h3><table class="result"><tr><th>Exception</th></tr><tr><td><div class="stacktrace">org.openqa.selenium.NoSuchElementException: no such element: Unable to locate element: {&quot;method&quot;:&quot;xpath&quot;,&quot;selector&quot;:&quot;//*[contains(text(), &apos;Member Offers&apos;)]&quot;}
  (Session info: chrome=75.0.3770.142)
For documentation on this error, please visit: https://www.seleniumhq.org/exceptions/no_such_element.html
Build info: version: &apos;3.141.59&apos;, revision: &apos;e82be7d358&apos;, time: &apos;2018-11-14T08:17:03&apos;
System info: host: &apos;DESKTOP-1UNN7PP&apos;, ip: &apos;192.168.8.104&apos;, os.name: &apos;Windows 10&apos;, os.arch: &apos;amd64&apos;, os.version: &apos;10.0&apos;, java.version: &apos;1.8.0_192&apos;
Driver info: org.openqa.selenium.chrome.ChromeDriver
Capabilities {acceptInsecureCerts: false, browserName: chrome, browserVersion: 75.0.3770.142, chrome: {chromedriverVersion: 75.0.3770.90 (a6dcaf7e3ec6f..., userDataDir: C:\Users\Kieran\AppData\Loc...}, goog:chromeOptions: {debuggerAddress: localhost:50028}, javascriptEnabled: true, networkConnectionEnabled: false, pageLoadStrategy: normal, platform: XP, platformName: XP, proxy: Proxy(), setWindowRect: true, strictFileInteractability: false, timeouts: {implicit: 0, pageLoad: 300000, script: 30000}, unhandledPromptBehavior: dismiss and notify}
Session ID: da37a586a046a563cee10602c9332f6d
*** Element info: {Using=xpath, value=//*[contains(text(), &apos;Member Offers&apos;)]}
	at org.openqa.selenium.remote.http.W3CHttpResponseCodec.createException(W3CHttpResponseCodec.java:187)
	at org.openqa.selenium.remote.http.W3CHttpResponseCodec.decode(W3CHttpResponseCodec.java:122)
	at org.openqa.selenium.remote.http.W3CHttpResponseCodec.decode(W3CHttpResponseCodec.java:49)
	at org.openqa.selenium.remote.HttpCommandExecutor.execute(HttpCommandExecutor.java:158)
	at org.openqa.selenium.remote.service.DriverCommandExecutor.execute(DriverCommandExecutor.java:83)
	at org.openqa.selenium.remote.RemoteWebDriver.execute(RemoteWebDriver.java:552)
	at org.openqa.selenium.remote.RemoteWebDriver.findElement(RemoteWebDriver.java:323)
	at org.openqa.selenium.remote.RemoteWebDriver.findElementByXPath(RemoteWebDriver.java:428)
	at org.openqa.selenium.By$ByXPath.findElement(By.java:353)
	at org.openqa.selenium.remote.RemoteWebDriver.findElement(RemoteWebDriver.java:315)
	at snipp.test.bav.testcases.UAT_BavarianInnLoginCheckScreens.membersOffers(UAT_BavarianInnLoginCheckScreens.java:188)
... Removed 29 stack frames</div></td></tr></table><p class="totop"><a href="#summary">back to summary</a></p><h3 id="m10">snipp.test.bav.testcases.UAT_BavarianInnLoginCheckScreens#membersSocial</h3><table class="result"><tr><th>Exception</th></tr><tr><td><div class="stacktrace">org.openqa.selenium.NoSuchElementException: no such element: Unable to locate element: {&quot;method&quot;:&quot;xpath&quot;,&quot;selector&quot;:&quot;//*[contains(text(), &apos;Social&apos;)]&quot;}
  (Session info: chrome=75.0.3770.142)
For documentation on this error, please visit: https://www.seleniumhq.org/exceptions/no_such_element.html
Build info: version: &apos;3.141.59&apos;, revision: &apos;e82be7d358&apos;, time: &apos;2018-11-14T08:17:03&apos;
System info: host: &apos;DESKTOP-1UNN7PP&apos;, ip: &apos;192.168.8.104&apos;, os.name: &apos;Windows 10&apos;, os.arch: &apos;amd64&apos;, os.version: &apos;10.0&apos;, java.version: &apos;1.8.0_192&apos;
Driver info: org.openqa.selenium.chrome.ChromeDriver
Capabilities {acceptInsecureCerts: false, browserName: chrome, browserVersion: 75.0.3770.142, chrome: {chromedriverVersion: 75.0.3770.90 (a6dcaf7e3ec6f..., userDataDir: C:\Users\Kieran\AppData\Loc...}, goog:chromeOptions: {debuggerAddress: localhost:50028}, javascriptEnabled: true, networkConnectionEnabled: false, pageLoadStrategy: normal, platform: XP, platformName: XP, proxy: Proxy(), setWindowRect: true, strictFileInteractability: false, timeouts: {implicit: 0, pageLoad: 300000, script: 30000}, unhandledPromptBehavior: dismiss and notify}
Session ID: da37a586a046a563cee10602c9332f6d
*** Element info: {Using=xpath, value=//*[contains(text(), &apos;Social&apos;)]}
	at org.openqa.selenium.remote.http.W3CHttpResponseCodec.createException(W3CHttpResponseCodec.java:187)
	at org.openqa.selenium.remote.http.W3CHttpResponseCodec.decode(W3CHttpResponseCodec.java:122)
	at org.openqa.selenium.remote.http.W3CHttpResponseCodec.decode(W3CHttpResponseCodec.java:49)
	at org.openqa.selenium.remote.HttpCommandExecutor.execute(HttpCommandExecutor.java:158)
	at org.openqa.selenium.remote.service.DriverCommandExecutor.execute(DriverCommandExecutor.java:83)
	at org.openqa.selenium.remote.RemoteWebDriver.execute(RemoteWebDriver.java:552)
	at org.openqa.selenium.remote.RemoteWebDriver.findElement(RemoteWebDriver.java:323)
	at org.openqa.selenium.remote.RemoteWebDriver.findElementByXPath(RemoteWebDriver.java:428)
	at org.openqa.selenium.By$ByXPath.findElement(By.java:353)
	at org.openqa.selenium.remote.RemoteWebDriver.findElement(RemoteWebDriver.java:315)
	at snipp.test.bav.testcases.UAT_BavarianInnLoginCheckScreens.membersSocial(UAT_BavarianInnLoginCheckScreens.java:210)
... Removed 29 stack frames</div></td></tr></table><p class="totop"><a href="#summary">back to summary</a></p><h3 id="m11">snipp.test.bav.testcases.UAT_BavarianInnLoginCheckScreens#WelcomeMessage</h3><table class="result"></table><p class="totop"><a href="#summary">back to summary</a></p><h3 id="m12">snipp.test.bav.testcases.UAT_BavarianInnLoginCheckScreens#enterDetails</h3><table class="result"></table><p class="totop"><a href="#summary">back to summary</a></p><h3 id="m13">snipp.test.bav.testcases.UAT_BavarianInnLoginCheckScreens#logOutOfSite</h3><table class="result"></table><p class="totop"><a href="#summary">back to summary</a></p><h3 id="m14">snipp.test.bav.testcases.UAT_BavarianInnLoginCheckScreens#loginToSite</h3><table class="result"></table><p class="totop"><a href="#summary">back to summary</a></p><h2>UAT_BavarianInnLoginUploadReciepts</h2><h3 id="m15">snipp.test.bav.testcases.UAT_BavarianInnLoginUploadReciepts#WelcomeMessage</h3><table class="result"><tr><th>Exception</th></tr><tr><td><div class="stacktrace">org.openqa.selenium.NoSuchElementException: no such element: Unable to locate element: {&quot;method&quot;:&quot;xpath&quot;,&quot;selector&quot;:&quot;//*[contains(text(), &apos;Hi Michael&apos;)]&quot;}
  (Session info: chrome=75.0.3770.142)
For documentation on this error, please visit: https://www.seleniumhq.org/exceptions/no_such_element.html
Build info: version: &apos;3.141.59&apos;, revision: &apos;e82be7d358&apos;, time: &apos;2018-11-14T08:17:03&apos;
System info: host: &apos;DESKTOP-1UNN7PP&apos;, ip: &apos;192.168.8.104&apos;, os.name: &apos;Windows 10&apos;, os.arch: &apos;amd64&apos;, os.version: &apos;10.0&apos;, java.version: &apos;1.8.0_192&apos;
Driver info: org.openqa.selenium.chrome.ChromeDriver
Capabilities {acceptInsecureCerts: false, browserName: chrome, browserVersion: 75.0.3770.142, chrome: {chromedriverVersion: 75.0.3770.90 (a6dcaf7e3ec6f..., userDataDir: C:\Users\Kieran\AppData\Loc...}, goog:chromeOptions: {debuggerAddress: localhost:50115}, javascriptEnabled: true, networkConnectionEnabled: false, pageLoadStrategy: normal, platform: XP, platformName: XP, proxy: Proxy(), setWindowRect: true, strictFileInteractability: false, timeouts: {implicit: 0, pageLoad: 300000, script: 30000}, unhandledPromptBehavior: dismiss and notify}
Session ID: 67c0d0e51c0377168b0bb7a860849f02
*** Element info: {Using=xpath, value=//*[contains(text(), &apos;Hi Michael&apos;)]}
	at org.openqa.selenium.remote.http.W3CHttpResponseCodec.createException(W3CHttpResponseCodec.java:187)
	at org.openqa.selenium.remote.http.W3CHttpResponseCodec.decode(W3CHttpResponseCodec.java:122)
	at org.openqa.selenium.remote.http.W3CHttpResponseCodec.decode(W3CHttpResponseCodec.java:49)
	at org.openqa.selenium.remote.HttpCommandExecutor.execute(HttpCommandExecutor.java:158)
	at org.openqa.selenium.remote.service.DriverCommandExecutor.execute(DriverCommandExecutor.java:83)
	at org.openqa.selenium.remote.RemoteWebDriver.execute(RemoteWebDriver.java:552)
	at org.openqa.selenium.remote.RemoteWebDriver.findElement(RemoteWebDriver.java:323)
	at org.openqa.selenium.remote.RemoteWebDriver.findElementByXPath(RemoteWebDriver.java:428)
	at org.openqa.selenium.By$ByXPath.findElement(By.java:353)
	at org.openqa.selenium.remote.RemoteWebDriver.findElement(RemoteWebDriver.java:315)
	at snipp.test.bav.testcases.UAT_BavarianInnLoginUploadReciepts.WelcomeMessage(UAT_BavarianInnLoginUploadReciepts.java:178)
... Removed 29 stack frames</div></td></tr></table><p class="totop"><a href="#summary">back to summary</a></p><h3 id="m16">snipp.test.bav.testcases.UAT_BavarianInnLoginUploadReciepts#uploadButtomSelection</h3><table class="result"><tr><th>Exception</th></tr><tr><td><div class="stacktrace">org.openqa.selenium.NoSuchElementException: no such element: Unable to locate element: {&quot;method&quot;:&quot;xpath&quot;,&quot;selector&quot;:&quot;//input[@type=&apos;file&apos;]&quot;}
  (Session info: chrome=75.0.3770.142)
For documentation on this error, please visit: https://www.seleniumhq.org/exceptions/no_such_element.html
Build info: version: &apos;3.141.59&apos;, revision: &apos;e82be7d358&apos;, time: &apos;2018-11-14T08:17:03&apos;
System info: host: &apos;DESKTOP-1UNN7PP&apos;, ip: &apos;192.168.8.104&apos;, os.name: &apos;Windows 10&apos;, os.arch: &apos;amd64&apos;, os.version: &apos;10.0&apos;, java.version: &apos;1.8.0_192&apos;
Driver info: org.openqa.selenium.chrome.ChromeDriver
Capabilities {acceptInsecureCerts: false, browserName: chrome, browserVersion: 75.0.3770.142, chrome: {chromedriverVersion: 75.0.3770.90 (a6dcaf7e3ec6f..., userDataDir: C:\Users\Kieran\AppData\Loc...}, goog:chromeOptions: {debuggerAddress: localhost:50115}, javascriptEnabled: true, networkConnectionEnabled: false, pageLoadStrategy: normal, platform: XP, platformName: XP, proxy: Proxy(), setWindowRect: true, strictFileInteractability: false, timeouts: {implicit: 0, pageLoad: 300000, script: 30000}, unhandledPromptBehavior: dismiss and notify}
Session ID: 67c0d0e51c0377168b0bb7a860849f02
*** Element info: {Using=xpath, value=//input[@type=&apos;file&apos;]}
	at org.openqa.selenium.remote.http.W3CHttpResponseCodec.createException(W3CHttpResponseCodec.java:187)
	at org.openqa.selenium.remote.http.W3CHttpResponseCodec.decode(W3CHttpResponseCodec.java:122)
	at org.openqa.selenium.remote.http.W3CHttpResponseCodec.decode(W3CHttpResponseCodec.java:49)
	at org.openqa.selenium.remote.HttpCommandExecutor.execute(HttpCommandExecutor.java:158)
	at org.openqa.selenium.remote.service.DriverCommandExecutor.execute(DriverCommandExecutor.java:83)
	at org.openqa.selenium.remote.RemoteWebDriver.execute(RemoteWebDriver.java:552)
	at org.openqa.selenium.remote.RemoteWebDriver.findElement(RemoteWebDriver.java:323)
	at org.openqa.selenium.remote.RemoteWebDriver.findElementByXPath(RemoteWebDriver.java:428)
	at org.openqa.selenium.By$ByXPath.findElement(By.java:353)
	at org.openqa.selenium.remote.RemoteWebDriver.findElement(RemoteWebDriver.java:315)
	at snipp.test.bav.testcases.UAT_BavarianInnLoginUploadReciepts.uploadButtomSelection(UAT_BavarianInnLoginUploadReciepts.java:212)
... Removed 29 stack frames</div></td></tr></table><p class="totop"><a href="#summary">back to summary</a></p><h3 id="m17">snipp.test.bav.testcases.UAT_BavarianInnLoginUploadReciepts#uploadReciept</h3><table class="result"><tr><th>Exception</th></tr><tr><td><div class="stacktrace">org.openqa.selenium.NoSuchElementException: no such element: Unable to locate element: {&quot;method&quot;:&quot;xpath&quot;,&quot;selector&quot;:&quot;//*[contains(text(), &apos;Upload Receipt&apos;)]&quot;}
  (Session info: chrome=75.0.3770.142)
For documentation on this error, please visit: https://www.seleniumhq.org/exceptions/no_such_element.html
Build info: version: &apos;3.141.59&apos;, revision: &apos;e82be7d358&apos;, time: &apos;2018-11-14T08:17:03&apos;
System info: host: &apos;DESKTOP-1UNN7PP&apos;, ip: &apos;192.168.8.104&apos;, os.name: &apos;Windows 10&apos;, os.arch: &apos;amd64&apos;, os.version: &apos;10.0&apos;, java.version: &apos;1.8.0_192&apos;
Driver info: org.openqa.selenium.chrome.ChromeDriver
Capabilities {acceptInsecureCerts: false, browserName: chrome, browserVersion: 75.0.3770.142, chrome: {chromedriverVersion: 75.0.3770.90 (a6dcaf7e3ec6f..., userDataDir: C:\Users\Kieran\AppData\Loc...}, goog:chromeOptions: {debuggerAddress: localhost:50115}, javascriptEnabled: true, networkConnectionEnabled: false, pageLoadStrategy: normal, platform: XP, platformName: XP, proxy: Proxy(), setWindowRect: true, strictFileInteractability: false, timeouts: {implicit: 0, pageLoad: 300000, script: 30000}, unhandledPromptBehavior: dismiss and notify}
Session ID: 67c0d0e51c0377168b0bb7a860849f02
*** Element info: {Using=xpath, value=//*[contains(text(), &apos;Upload Receipt&apos;)]}
	at org.openqa.selenium.remote.http.W3CHttpResponseCodec.createException(W3CHttpResponseCodec.java:187)
	at org.openqa.selenium.remote.http.W3CHttpResponseCodec.decode(W3CHttpResponseCodec.java:122)
	at org.openqa.selenium.remote.http.W3CHttpResponseCodec.decode(W3CHttpResponseCodec.java:49)
	at org.openqa.selenium.remote.HttpCommandExecutor.execute(HttpCommandExecutor.java:158)
	at org.openqa.selenium.remote.service.DriverCommandExecutor.execute(DriverCommandExecutor.java:83)
	at org.openqa.selenium.remote.RemoteWebDriver.execute(RemoteWebDriver.java:552)
	at org.openqa.selenium.remote.RemoteWebDriver.findElement(RemoteWebDriver.java:323)
	at org.openqa.selenium.remote.RemoteWebDriver.findElementByXPath(RemoteWebDriver.java:428)
	at org.openqa.selenium.By$ByXPath.findElement(By.java:353)
	at org.openqa.selenium.remote.RemoteWebDriver.findElement(RemoteWebDriver.java:315)
	at snipp.test.bav.testcases.UAT_BavarianInnLoginUploadReciepts.uploadReciept(UAT_BavarianInnLoginUploadReciepts.java:193)
... Removed 29 stack frames</div></td></tr></table><p class="totop"><a href="#summary">back to summary</a></p><h3 id="m18">snipp.test.bav.testcases.UAT_BavarianInnLoginUploadReciepts#verifyUploadQUEUEDStatus</h3><table class="result"><tr><th>Exception</th></tr><tr><td><div class="stacktrace">org.openqa.selenium.NoSuchElementException: no such element: Unable to locate element: {&quot;method&quot;:&quot;xpath&quot;,&quot;selector&quot;:&quot;//*[@id=&quot;receiptPage&quot;]/div/div/div[4]/div/div/div/div/div/div/table/tbody/tr[1]/td[2]/span[1]&quot;}
  (Session info: chrome=75.0.3770.142)
For documentation on this error, please visit: https://www.seleniumhq.org/exceptions/no_such_element.html
Build info: version: &apos;3.141.59&apos;, revision: &apos;e82be7d358&apos;, time: &apos;2018-11-14T08:17:03&apos;
System info: host: &apos;DESKTOP-1UNN7PP&apos;, ip: &apos;192.168.8.104&apos;, os.name: &apos;Windows 10&apos;, os.arch: &apos;amd64&apos;, os.version: &apos;10.0&apos;, java.version: &apos;1.8.0_192&apos;
Driver info: org.openqa.selenium.chrome.ChromeDriver
Capabilities {acceptInsecureCerts: false, browserName: chrome, browserVersion: 75.0.3770.142, chrome: {chromedriverVersion: 75.0.3770.90 (a6dcaf7e3ec6f..., userDataDir: C:\Users\Kieran\AppData\Loc...}, goog:chromeOptions: {debuggerAddress: localhost:50115}, javascriptEnabled: true, networkConnectionEnabled: false, pageLoadStrategy: normal, platform: XP, platformName: XP, proxy: Proxy(), setWindowRect: true, strictFileInteractability: false, timeouts: {implicit: 0, pageLoad: 300000, script: 30000}, unhandledPromptBehavior: dismiss and notify}
Session ID: 67c0d0e51c0377168b0bb7a860849f02
*** Element info: {Using=xpath, value=//*[@id=&quot;receiptPage&quot;]/div/div/div[4]/div/div/div/div/div/div/table/tbody/tr[1]/td[2]/span[1]}
	at org.openqa.selenium.remote.http.W3CHttpResponseCodec.createException(W3CHttpResponseCodec.java:187)
	at org.openqa.selenium.remote.http.W3CHttpResponseCodec.decode(W3CHttpResponseCodec.java:122)
	at org.openqa.selenium.remote.http.W3CHttpResponseCodec.decode(W3CHttpResponseCodec.java:49)
	at org.openqa.selenium.remote.HttpCommandExecutor.execute(HttpCommandExecutor.java:158)
	at org.openqa.selenium.remote.service.DriverCommandExecutor.execute(DriverCommandExecutor.java:83)
	at org.openqa.selenium.remote.RemoteWebDriver.execute(RemoteWebDriver.java:552)
	at org.openqa.selenium.remote.RemoteWebDriver.findElement(RemoteWebDriver.java:323)
	at org.openqa.selenium.remote.RemoteWebDriver.findElementByXPath(RemoteWebDriver.java:428)
	at org.openqa.selenium.By$ByXPath.findElement(By.java:353)
	at org.openqa.selenium.remote.RemoteWebDriver.findElement(RemoteWebDriver.java:315)
	at snipp.test.bav.testcases.UAT_BavarianInnLoginUploadReciepts.verifyUploadQUEUEDStatus(UAT_BavarianInnLoginUploadReciepts.java:260)
... Removed 29 stack frames</div></td></tr></table><p class="totop"><a href="#summary">back to summary</a></p><h3 id="m19">snipp.test.bav.testcases.UAT_BavarianInnLoginUploadReciepts#verifyUploadWorked</h3><table class="result"><tr><th>Exception</th></tr><tr><td><div class="stacktrace">org.openqa.selenium.NoSuchElementException: no such element: Unable to locate element: {&quot;method&quot;:&quot;xpath&quot;,&quot;selector&quot;:&quot;//*[@id=&quot;receiptPage&quot;]/div/div/div[4]/div/div/div/div/div/div/table/tbody/tr[1]/td[1]/span&quot;}
  (Session info: chrome=75.0.3770.142)
For documentation on this error, please visit: https://www.seleniumhq.org/exceptions/no_such_element.html
Build info: version: &apos;3.141.59&apos;, revision: &apos;e82be7d358&apos;, time: &apos;2018-11-14T08:17:03&apos;
System info: host: &apos;DESKTOP-1UNN7PP&apos;, ip: &apos;192.168.8.104&apos;, os.name: &apos;Windows 10&apos;, os.arch: &apos;amd64&apos;, os.version: &apos;10.0&apos;, java.version: &apos;1.8.0_192&apos;
Driver info: org.openqa.selenium.chrome.ChromeDriver
Capabilities {acceptInsecureCerts: false, browserName: chrome, browserVersion: 75.0.3770.142, chrome: {chromedriverVersion: 75.0.3770.90 (a6dcaf7e3ec6f..., userDataDir: C:\Users\Kieran\AppData\Loc...}, goog:chromeOptions: {debuggerAddress: localhost:50115}, javascriptEnabled: true, networkConnectionEnabled: false, pageLoadStrategy: normal, platform: XP, platformName: XP, proxy: Proxy(), setWindowRect: true, strictFileInteractability: false, timeouts: {implicit: 0, pageLoad: 300000, script: 30000}, unhandledPromptBehavior: dismiss and notify}
Session ID: 67c0d0e51c0377168b0bb7a860849f02
*** Element info: {Using=xpath, value=//*[@id=&quot;receiptPage&quot;]/div/div/div[4]/div/div/div/div/div/div/table/tbody/tr[1]/td[1]/span}
	at org.openqa.selenium.remote.http.W3CHttpResponseCodec.createException(W3CHttpResponseCodec.java:187)
	at org.openqa.selenium.remote.http.W3CHttpResponseCodec.decode(W3CHttpResponseCodec.java:122)
	at org.openqa.selenium.remote.http.W3CHttpResponseCodec.decode(W3CHttpResponseCodec.java:49)
	at org.openqa.selenium.remote.HttpCommandExecutor.execute(HttpCommandExecutor.java:158)
	at org.openqa.selenium.remote.service.DriverCommandExecutor.execute(DriverCommandExecutor.java:83)
	at org.openqa.selenium.remote.RemoteWebDriver.execute(RemoteWebDriver.java:552)
	at org.openqa.selenium.remote.RemoteWebDriver.findElement(RemoteWebDriver.java:323)
	at org.openqa.selenium.remote.RemoteWebDriver.findElementByXPath(RemoteWebDriver.java:428)
	at org.openqa.selenium.By$ByXPath.findElement(By.java:353)
	at org.openqa.selenium.remote.RemoteWebDriver.findElement(RemoteWebDriver.java:315)
	at snipp.test.bav.testcases.UAT_BavarianInnLoginUploadReciepts.verifyUploadWorked(UAT_BavarianInnLoginUploadReciepts.java:247)
... Removed 29 stack frames</div></td></tr></table><p class="totop"><a href="#summary">back to summary</a></p><h3 id="m20">snipp.test.bav.testcases.UAT_BavarianInnLoginUploadReciepts#viewReciept</h3><table class="result"><tr><th>Exception</th></tr><tr><td><div class="stacktrace">java.lang.AssertionError: Failed viewReciept does not work????
	at snipp.test.bav.testcases.UAT_BavarianInnLoginUploadReciepts.viewReciept(UAT_BavarianInnLoginUploadReciepts.java:297)
... Removed 26 stack frames</div></td></tr></table><p class="totop"><a href="#summary">back to summary</a></p><h3 id="m21">snipp.test.bav.testcases.UAT_BavarianInnLoginUploadReciepts#enterDetails</h3><table class="result"></table><p class="totop"><a href="#summary">back to summary</a></p><h3 id="m22">snipp.test.bav.testcases.UAT_BavarianInnLoginUploadReciepts#logOutOfSite</h3><table class="result"></table><p class="totop"><a href="#summary">back to summary</a></p><h3 id="m23">snipp.test.bav.testcases.UAT_BavarianInnLoginUploadReciepts#loginTitleTest</h3><table class="result"></table><p class="totop"><a href="#summary">back to summary</a></p><h3 id="m24">snipp.test.bav.testcases.UAT_BavarianInnLoginUploadReciepts#loginToSite</h3><table class="result"></table><p class="totop"><a href="#summary">back to summary</a></p><h2>UAT_ExcelDataProviderFull_POM</h2><h3 id="m25">snipp.test.bav.testcases.UAT_ExcelDataProviderFull_POM#enterDetails</h3><table class="result"></table><p class="totop"><a href="#summary">back to summary</a></p><h3 id="m26">snipp.test.bav.testcases.UAT_ExcelDataProviderFull_POM#loginToSite</h3><table class="result"></table><p class="totop"><a href="#summary">back to summary</a></p><h3 id="m27">snipp.test.bav.testcases.UAT_ExcelDataProviderFull_POM#test1</h3><table class="result"><tr class="param"><th>Parameter #1</th><th>Parameter #2</th><th>Parameter #3</th><th>Parameter #4</th><th>Parameter #5</th><th>Parameter #6</th><th>Parameter #7</th><th>Parameter #8</th><th>Parameter #9</th><th>Parameter #10</th><th>Parameter #11</th><th>Parameter #12</th><th>Parameter #13</th><th>Parameter #14</th><th>Parameter #15</th></tr><tr class="param stripe"><td>UserfirstNamex</td><td>UserlastNamex</td><td>email@email.com</td><td>Password1</td><td>Password1</td><td>02/031977</td><td>604555555</td><td>12344567</td><td>Canada</td><td>Yukon</td><td>addressLinex</td><td>addressLinex</td><td>Vancouver</td><td>DDDD</td><td>Cork</td></tr></table><p class="totop"><a href="#summary">back to summary</a></p><h2>UAT_HomePageTest</h2><h3 id="m28">snipp.test.bav.testcases.UAT_HomePageTest#checkFacebook</h3><table class="result"></table><p class="totop"><a href="#summary">back to summary</a></p><h3 id="m29">snipp.test.bav.testcases.UAT_HomePageTest#checkTwitter</h3><table class="result"></table><p class="totop"><a href="#summary">back to summary</a></p><h3 id="m30">snipp.test.bav.testcases.UAT_HomePageTest#checkYelp</h3><table class="result"></table><p class="totop"><a href="#summary">back to summary</a></p><h3 id="m31">snipp.test.bav.testcases.UAT_HomePageTest#checkYoutube</h3><table class="result"></table><p class="totop"><a href="#summary">back to summary</a></p><h3 id="m32">snipp.test.bav.testcases.UAT_HomePageTest#faq</h3><table class="result"></table><p class="totop"><a href="#summary">back to summary</a></p><h3 id="m33">snipp.test.bav.testcases.UAT_HomePageTest#howItWorks</h3><table class="result"></table><p class="totop"><a href="#summary">back to summary</a></p><h3 id="m34">snipp.test.bav.testcases.UAT_HomePageTest#loginToSite</h3><table class="result"></table><p class="totop"><a href="#summary">back to summary</a></p><h3 id="m35">snipp.test.bav.testcases.UAT_HomePageTest#register</h3><table class="result"></table><p class="totop"><a href="#summary">back to summary</a></p><h2>UAT_RegisterPageTestCanada</h2><h3 id="m36">snipp.test.bav.testcases.UAT_RegisterPageTestCanada#enterDetails</h3><table class="result"></table><p class="totop"><a href="#summary">back to summary</a></p><h3 id="m37">snipp.test.bav.testcases.UAT_RegisterPageTestCanada#enterForm</h3><table class="result"></table><p class="totop"><a href="#summary">back to summary</a></p><h3 id="m38">snipp.test.bav.testcases.UAT_RegisterPageTestCanada#loginToSite</h3><table class="result"></table><p class="totop"><a href="#summary">back to summary</a></p></body></html>