<?xml version="1.0" encoding="UTF-8"?>
<testng-results skipped="0" failed="0" ignored="0" total="7" passed="7">
  <reporter-output>
  </reporter-output>
  <suite name="Default suite" duration-ms="24421" started-at="2019-07-17T15:00:08Z" finished-at="2019-07-17T15:00:32Z">
    <groups>
    </groups>
    <test name="Default test" duration-ms="24421" started-at="2019-07-17T15:00:08Z" finished-at="2019-07-17T15:00:32Z">
      <class name="snipp.test.bav.testcases.UAT_BavarianInnBrokenLinks">
        <test-method status="PASS" signature="launchBrowser()[pri:0, instance:snipp.test.bav.testcases.UAT_BavarianInnBrokenLinks@ed9d034]" name="launchBrowser" is-config="true" duration-ms="5402" started-at="2019-07-17T16:00:02Z" finished-at="2019-07-17T16:00:08Z">
          <reporter-output>
          </reporter-output>
        </test-method> <!-- launchBrowser -->
        <test-method status="PASS" signature="beforeTest()[pri:0, instance:snipp.test.bav.testcases.UAT_BavarianInnBrokenLinks@ed9d034]" name="beforeTest" is-config="true" duration-ms="0" started-at="2019-07-17T16:00:08Z" finished-at="2019-07-17T16:00:08Z">
          <reporter-output>
          </reporter-output>
        </test-method> <!-- beforeTest -->
        <test-method status="PASS" signature="login()[pri:0, instance:snipp.test.bav.testcases.UAT_BavarianInnBrokenLinks@ed9d034]" name="login" is-config="true" duration-ms="944" started-at="2019-07-17T16:00:08Z" finished-at="2019-07-17T16:00:09Z">
          <reporter-output>
          </reporter-output>
        </test-method> <!-- login -->
        <test-method status="PASS" signature="titleTest()[pri:1, instance:snipp.test.bav.testcases.UAT_BavarianInnBrokenLinks@ed9d034]" name="titleTest" duration-ms="5563" started-at="2019-07-17T16:00:09Z" finished-at="2019-07-17T16:00:14Z">
          <reporter-output>
          </reporter-output>
        </test-method> <!-- titleTest -->
        <test-method status="PASS" signature="afterTest()[pri:0, instance:snipp.test.bav.testcases.UAT_BavarianInnBrokenLinks@ed9d034]" name="afterTest" is-config="true" duration-ms="0" started-at="2019-07-17T16:00:14Z" finished-at="2019-07-17T16:00:14Z">
          <reporter-output>
          </reporter-output>
        </test-method> <!-- afterTest -->
        <test-method status="PASS" signature="loginToSite()[pri:2, instance:snipp.test.bav.testcases.UAT_BavarianInnBrokenLinks@ed9d034]" name="loginToSite" duration-ms="1753" started-at="2019-07-17T16:00:14Z" finished-at="2019-07-17T16:00:16Z">
          <reporter-output>
          </reporter-output>
        </test-method> <!-- loginToSite -->
        <test-method status="PASS" signature="afterTest()[pri:0, instance:snipp.test.bav.testcases.UAT_BavarianInnBrokenLinks@ed9d034]" name="afterTest" is-config="true" duration-ms="0" started-at="2019-07-17T16:00:16Z" finished-at="2019-07-17T16:00:16Z">
          <reporter-output>
          </reporter-output>
        </test-method> <!-- afterTest -->
        <test-method status="PASS" signature="WelcomeMessage()[pri:4, instance:snipp.test.bav.testcases.UAT_BavarianInnBrokenLinks@ed9d034]" name="WelcomeMessage" duration-ms="1895" started-at="2019-07-17T16:00:16Z" finished-at="2019-07-17T16:00:18Z">
          <reporter-output>
          </reporter-output>
        </test-method> <!-- WelcomeMessage -->
        <test-method status="PASS" signature="afterTest()[pri:0, instance:snipp.test.bav.testcases.UAT_BavarianInnBrokenLinks@ed9d034]" name="afterTest" is-config="true" duration-ms="1" started-at="2019-07-17T16:00:18Z" finished-at="2019-07-17T16:00:18Z">
          <reporter-output>
          </reporter-output>
        </test-method> <!-- afterTest -->
        <test-method status="PASS" signature="membersOffers()[pri:8, instance:snipp.test.bav.testcases.UAT_BavarianInnBrokenLinks@ed9d034]" name="membersOffers" duration-ms="4888" started-at="2019-07-17T16:00:18Z" finished-at="2019-07-17T16:00:23Z">
          <reporter-output>
          </reporter-output>
        </test-method> <!-- membersOffers -->
        <test-method status="PASS" signature="afterTest()[pri:0, instance:snipp.test.bav.testcases.UAT_BavarianInnBrokenLinks@ed9d034]" name="afterTest" is-config="true" duration-ms="0" started-at="2019-07-17T16:00:23Z" finished-at="2019-07-17T16:00:23Z">
          <reporter-output>
          </reporter-output>
        </test-method> <!-- afterTest -->
        <test-method status="PASS" signature="membersLocations()[pri:9, instance:snipp.test.bav.testcases.UAT_BavarianInnBrokenLinks@ed9d034]" name="membersLocations" duration-ms="3201" started-at="2019-07-17T16:00:23Z" finished-at="2019-07-17T16:00:26Z">
          <reporter-output>
          </reporter-output>
        </test-method> <!-- membersLocations -->
        <test-method status="PASS" signature="afterTest()[pri:0, instance:snipp.test.bav.testcases.UAT_BavarianInnBrokenLinks@ed9d034]" name="afterTest" is-config="true" duration-ms="0" started-at="2019-07-17T16:00:26Z" finished-at="2019-07-17T16:00:26Z">
          <reporter-output>
          </reporter-output>
        </test-method> <!-- afterTest -->
        <test-method status="PASS" signature="membersSocial()[pri:10, instance:snipp.test.bav.testcases.UAT_BavarianInnBrokenLinks@ed9d034]" name="membersSocial" duration-ms="2600" started-at="2019-07-17T16:00:26Z" finished-at="2019-07-17T16:00:29Z">
          <reporter-output>
          </reporter-output>
        </test-method> <!-- membersSocial -->
        <test-method status="PASS" signature="afterTest()[pri:0, instance:snipp.test.bav.testcases.UAT_BavarianInnBrokenLinks@ed9d034]" name="afterTest" is-config="true" duration-ms="0" started-at="2019-07-17T16:00:29Z" finished-at="2019-07-17T16:00:29Z">
          <reporter-output>
          </reporter-output>
        </test-method> <!-- afterTest -->
        <test-method status="PASS" signature="logOutOfSite()[pri:11, instance:snipp.test.bav.testcases.UAT_BavarianInnBrokenLinks@ed9d034]" name="logOutOfSite" duration-ms="3532" started-at="2019-07-17T16:00:29Z" finished-at="2019-07-17T16:00:32Z">
          <reporter-output>
          </reporter-output>
        </test-method> <!-- logOutOfSite -->
        <test-method status="PASS" signature="afterTest()[pri:0, instance:snipp.test.bav.testcases.UAT_BavarianInnBrokenLinks@ed9d034]" name="afterTest" is-config="true" duration-ms="0" started-at="2019-07-17T16:00:32Z" finished-at="2019-07-17T16:00:32Z">
          <reporter-output>
          </reporter-output>
        </test-method> <!-- afterTest -->
        <test-method status="PASS" signature="tearDown()[pri:0, instance:snipp.test.bav.testcases.UAT_BavarianInnBrokenLinks@ed9d034]" name="tearDown" is-config="true" duration-ms="646" started-at="2019-07-17T16:00:32Z" finished-at="2019-07-17T16:00:33Z">
          <reporter-output>
          </reporter-output>
        </test-method> <!-- tearDown -->
      </class> <!-- snipp.test.bav.testcases.UAT_BavarianInnBrokenLinks -->
    </test> <!-- Default test -->
  </suite> <!-- Default suite -->
</testng-results>
