<?xml version="1.0" encoding="UTF-8"?>
<testng-results skipped="0" failed="0" ignored="0" total="7" passed="7">
  <reporter-output>
  </reporter-output>
  <suite name="Default suite" duration-ms="379102" started-at="2019-07-18T13:33:08Z" finished-at="2019-07-18T13:39:27Z">
    <groups>
    </groups>
    <test name="Default test" duration-ms="379102" started-at="2019-07-18T13:33:08Z" finished-at="2019-07-18T13:39:27Z">
      <class name="snipp.test.bav.testcases.UAT_BavarianInnBrokenLinks">
        <test-method status="PASS" signature="launchBrowser()[pri:0, instance:snipp.test.bav.testcases.UAT_BavarianInnBrokenLinks@4eb7f003]" name="launchBrowser" is-config="true" duration-ms="22741" started-at="2019-07-18T14:32:45Z" finished-at="2019-07-18T14:33:08Z">
          <reporter-output>
          </reporter-output>
        </test-method> <!-- launchBrowser -->
        <test-method status="PASS" signature="beforeTest()[pri:0, instance:snipp.test.bav.testcases.UAT_BavarianInnBrokenLinks@4eb7f003]" name="beforeTest" is-config="true" duration-ms="0" started-at="2019-07-18T14:33:08Z" finished-at="2019-07-18T14:33:08Z">
          <reporter-output>
          </reporter-output>
        </test-method> <!-- beforeTest -->
        <test-method status="PASS" signature="login()[pri:0, instance:snipp.test.bav.testcases.UAT_BavarianInnBrokenLinks@4eb7f003]" name="login" is-config="true" duration-ms="1100" started-at="2019-07-18T14:33:08Z" finished-at="2019-07-18T14:33:09Z">
          <reporter-output>
          </reporter-output>
        </test-method> <!-- login -->
        <test-method status="PASS" signature="titleTest()[pri:1, instance:snipp.test.bav.testcases.UAT_BavarianInnBrokenLinks@4eb7f003]" name="titleTest" duration-ms="76600" started-at="2019-07-18T14:33:09Z" finished-at="2019-07-18T14:34:25Z">
          <reporter-output>
          </reporter-output>
        </test-method> <!-- titleTest -->
        <test-method status="PASS" signature="loginToSite()[pri:2, instance:snipp.test.bav.testcases.UAT_BavarianInnBrokenLinks@4eb7f003]" name="loginToSite" duration-ms="54518" started-at="2019-07-18T14:34:25Z" finished-at="2019-07-18T14:35:20Z">
          <reporter-output>
          </reporter-output>
        </test-method> <!-- loginToSite -->
        <test-method status="PASS" signature="WelcomeMessage()[pri:4, instance:snipp.test.bav.testcases.UAT_BavarianInnBrokenLinks@4eb7f003]" name="WelcomeMessage" duration-ms="65634" started-at="2019-07-18T14:35:20Z" finished-at="2019-07-18T14:36:25Z">
          <reporter-output>
          </reporter-output>
        </test-method> <!-- WelcomeMessage -->
        <test-method status="PASS" signature="membersOffers()[pri:8, instance:snipp.test.bav.testcases.UAT_BavarianInnBrokenLinks@4eb7f003]" name="membersOffers" duration-ms="83951" started-at="2019-07-18T14:36:25Z" finished-at="2019-07-18T14:37:49Z">
          <reporter-output>
          </reporter-output>
        </test-method> <!-- membersOffers -->
        <test-method status="PASS" signature="membersLocations()[pri:9, instance:snipp.test.bav.testcases.UAT_BavarianInnBrokenLinks@4eb7f003]" name="membersLocations" duration-ms="65446" started-at="2019-07-18T14:37:49Z" finished-at="2019-07-18T14:38:55Z">
          <reporter-output>
          </reporter-output>
        </test-method> <!-- membersLocations -->
        <test-method status="PASS" signature="membersSocial()[pri:10, instance:snipp.test.bav.testcases.UAT_BavarianInnBrokenLinks@4eb7f003]" name="membersSocial" duration-ms="26358" started-at="2019-07-18T14:38:55Z" finished-at="2019-07-18T14:39:21Z">
          <reporter-output>
          </reporter-output>
        </test-method> <!-- membersSocial -->
        <test-method status="PASS" signature="logOutOfSite()[pri:11, instance:snipp.test.bav.testcases.UAT_BavarianInnBrokenLinks@4eb7f003]" name="logOutOfSite" duration-ms="5461" started-at="2019-07-18T14:39:21Z" finished-at="2019-07-18T14:39:27Z">
          <reporter-output>
          </reporter-output>
        </test-method> <!-- logOutOfSite -->
        <test-method status="PASS" signature="tearDown()[pri:0, instance:snipp.test.bav.testcases.UAT_BavarianInnBrokenLinks@4eb7f003]" name="tearDown" is-config="true" duration-ms="2785" started-at="2019-07-18T14:39:27Z" finished-at="2019-07-18T14:39:30Z">
          <reporter-output>
          </reporter-output>
        </test-method> <!-- tearDown -->
      </class> <!-- snipp.test.bav.testcases.UAT_BavarianInnBrokenLinks -->
    </test> <!-- Default test -->
  </suite> <!-- Default suite -->
</testng-results>
