<?xml version="1.0" encoding="UTF-8"?>
<testng-results skipped="0" failed="15" ignored="0" total="39" passed="24">
  <reporter-output>
  </reporter-output>
  <suite name="BavarianInnTests" duration-ms="130810" started-at="2019-07-18T11:44:47Z" finished-at="2019-07-18T11:46:58Z">
    <groups>
    </groups>
    <test name="UAT_BavarianInnBrokenLinks" duration-ms="10875" started-at="2019-07-18T11:44:47Z" finished-at="2019-07-18T11:44:58Z">
      <class name="snipp.test.bav.testcases.UAT_BavarianInnBrokenLinks">
        <test-method status="PASS" signature="beforeTest()[pri:0, instance:snipp.test.bav.testcases.UAT_BavarianInnBrokenLinks@612fc6eb]" name="beforeTest" is-config="true" duration-ms="0" started-at="2019-07-18T12:44:47Z" finished-at="2019-07-18T12:44:47Z">
          <reporter-output>
          </reporter-output>
        </test-method> <!-- beforeTest -->
        <test-method status="PASS" signature="login()[pri:0, instance:snipp.test.bav.testcases.UAT_BavarianInnBrokenLinks@612fc6eb]" name="login" is-config="true" duration-ms="2069" started-at="2019-07-18T12:44:47Z" finished-at="2019-07-18T12:44:49Z">
          <reporter-output>
          </reporter-output>
        </test-method> <!-- login -->
        <test-method status="FAIL" signature="titleTest()[pri:1, instance:snipp.test.bav.testcases.UAT_BavarianInnBrokenLinks@612fc6eb]" name="titleTest" duration-ms="3029" started-at="2019-07-18T12:44:49Z" finished-at="2019-07-18T12:44:52Z">
          <exception class="java.lang.AssertionError">
            <message>
              <![CDATA[expected:<false> but was:<true>]]>
            </message>
            <full-stacktrace>
              <![CDATA[java.lang.AssertionError: expected:<false> but was:<true>
	at org.testng.AssertJUnit.fail(AssertJUnit.java:59)
	at org.testng.AssertJUnit.failNotEquals(AssertJUnit.java:364)
	at org.testng.AssertJUnit.assertEquals(AssertJUnit.java:80)
	at org.testng.AssertJUnit.assertEquals(AssertJUnit.java:185)
	at org.testng.AssertJUnit.assertEquals(AssertJUnit.java:192)
	at snipp.test.bav.testcases.UAT_BavarianInnBrokenLinks.titleTest(UAT_BavarianInnBrokenLinks.java:171)
	at sun.reflect.NativeMethodAccessorImpl.invoke0(Native Method)
	at sun.reflect.NativeMethodAccessorImpl.invoke(Unknown Source)
	at sun.reflect.DelegatingMethodAccessorImpl.invoke(Unknown Source)
	at java.lang.reflect.Method.invoke(Unknown Source)
	at org.testng.internal.MethodInvocationHelper.invokeMethod(MethodInvocationHelper.java:104)
	at org.testng.internal.Invoker.invokeMethod(Invoker.java:645)
	at org.testng.internal.Invoker.invokeTestMethod(Invoker.java:851)
	at org.testng.internal.Invoker.invokeTestMethods(Invoker.java:1177)
	at org.testng.internal.TestMethodWorker.invokeTestMethods(TestMethodWorker.java:129)
	at org.testng.internal.TestMethodWorker.run(TestMethodWorker.java:112)
	at org.testng.TestRunner.privateRun(TestRunner.java:756)
	at org.testng.TestRunner.run(TestRunner.java:610)
	at org.testng.SuiteRunner.runTest(SuiteRunner.java:387)
	at org.testng.SuiteRunner.runSequentially(SuiteRunner.java:382)
	at org.testng.SuiteRunner.privateRun(SuiteRunner.java:340)
	at org.testng.SuiteRunner.run(SuiteRunner.java:289)
	at org.testng.SuiteRunnerWorker.runSuite(SuiteRunnerWorker.java:52)
	at org.testng.SuiteRunnerWorker.run(SuiteRunnerWorker.java:86)
	at org.testng.TestNG.runSuitesSequentially(TestNG.java:1293)
	at org.testng.TestNG.runSuitesLocally(TestNG.java:1218)
	at org.testng.TestNG.runSuites(TestNG.java:1133)
	at org.testng.TestNG.run(TestNG.java:1104)
	at org.testng.remote.AbstractRemoteTestNG.run(AbstractRemoteTestNG.java:115)
	at org.testng.remote.RemoteTestNG.initAndRun(RemoteTestNG.java:251)
	at org.testng.remote.RemoteTestNG.main(RemoteTestNG.java:77)
]]>
            </full-stacktrace>
          </exception> <!-- java.lang.AssertionError -->
          <reporter-output>
          </reporter-output>
        </test-method> <!-- titleTest -->
        <test-method status="PASS" signature="loginToSite()[pri:2, instance:snipp.test.bav.testcases.UAT_BavarianInnBrokenLinks@612fc6eb]" name="loginToSite" duration-ms="1160" started-at="2019-07-18T12:44:52Z" finished-at="2019-07-18T12:44:54Z">
          <reporter-output>
          </reporter-output>
        </test-method> <!-- loginToSite -->
        <test-method status="FAIL" signature="WelcomeMessage()[pri:4, instance:snipp.test.bav.testcases.UAT_BavarianInnBrokenLinks@612fc6eb]" name="WelcomeMessage" duration-ms="85" started-at="2019-07-18T12:44:54Z" finished-at="2019-07-18T12:44:54Z">
          <exception class="org.openqa.selenium.NoSuchElementException">
            <message>
              <![CDATA[no such element: Unable to locate element: {"method":"xpath","selector":"//*[contains(text(), 'Hi Michael')]"}
  (Session info: chrome=75.0.3770.142)
For documentation on this error, please visit: https://www.seleniumhq.org/exceptions/no_such_element.html
Build info: version: '3.141.59', revision: 'e82be7d358', time: '2018-11-14T08:17:03'
System info: host: 'DESKTOP-1UNN7PP', ip: '10.242.2.7', os.name: 'Windows 10', os.arch: 'amd64', os.version: '10.0', java.version: '1.8.0_192'
Driver info: org.openqa.selenium.chrome.ChromeDriver
Capabilities {acceptInsecureCerts: false, browserName: chrome, browserVersion: 75.0.3770.142, chrome: {chromedriverVersion: 75.0.3770.90 (a6dcaf7e3ec6f..., userDataDir: C:\Users\Kieran\AppData\Loc...}, goog:chromeOptions: {debuggerAddress: localhost:61081}, javascriptEnabled: true, networkConnectionEnabled: false, pageLoadStrategy: normal, platform: XP, platformName: XP, proxy: Proxy(), setWindowRect: true, strictFileInteractability: false, timeouts: {implicit: 0, pageLoad: 300000, script: 30000}, unhandledPromptBehavior: dismiss and notify}
Session ID: ba3fed42748a5cbd22a2c6ce30c4ebee
*** Element info: {Using=xpath, value=//*[contains(text(), 'Hi Michael')]}]]>
            </message>
            <full-stacktrace>
              <![CDATA[org.openqa.selenium.NoSuchElementException: no such element: Unable to locate element: {"method":"xpath","selector":"//*[contains(text(), 'Hi Michael')]"}
  (Session info: chrome=75.0.3770.142)
For documentation on this error, please visit: https://www.seleniumhq.org/exceptions/no_such_element.html
Build info: version: '3.141.59', revision: 'e82be7d358', time: '2018-11-14T08:17:03'
System info: host: 'DESKTOP-1UNN7PP', ip: '10.242.2.7', os.name: 'Windows 10', os.arch: 'amd64', os.version: '10.0', java.version: '1.8.0_192'
Driver info: org.openqa.selenium.chrome.ChromeDriver
Capabilities {acceptInsecureCerts: false, browserName: chrome, browserVersion: 75.0.3770.142, chrome: {chromedriverVersion: 75.0.3770.90 (a6dcaf7e3ec6f..., userDataDir: C:\Users\Kieran\AppData\Loc...}, goog:chromeOptions: {debuggerAddress: localhost:61081}, javascriptEnabled: true, networkConnectionEnabled: false, pageLoadStrategy: normal, platform: XP, platformName: XP, proxy: Proxy(), setWindowRect: true, strictFileInteractability: false, timeouts: {implicit: 0, pageLoad: 300000, script: 30000}, unhandledPromptBehavior: dismiss and notify}
Session ID: ba3fed42748a5cbd22a2c6ce30c4ebee
*** Element info: {Using=xpath, value=//*[contains(text(), 'Hi Michael')]}
	at sun.reflect.NativeConstructorAccessorImpl.newInstance0(Native Method)
	at sun.reflect.NativeConstructorAccessorImpl.newInstance(Unknown Source)
	at sun.reflect.DelegatingConstructorAccessorImpl.newInstance(Unknown Source)
	at java.lang.reflect.Constructor.newInstance(Unknown Source)
	at org.openqa.selenium.remote.http.W3CHttpResponseCodec.createException(W3CHttpResponseCodec.java:187)
	at org.openqa.selenium.remote.http.W3CHttpResponseCodec.decode(W3CHttpResponseCodec.java:122)
	at org.openqa.selenium.remote.http.W3CHttpResponseCodec.decode(W3CHttpResponseCodec.java:49)
	at org.openqa.selenium.remote.HttpCommandExecutor.execute(HttpCommandExecutor.java:158)
	at org.openqa.selenium.remote.service.DriverCommandExecutor.execute(DriverCommandExecutor.java:83)
	at org.openqa.selenium.remote.RemoteWebDriver.execute(RemoteWebDriver.java:552)
	at org.openqa.selenium.remote.RemoteWebDriver.findElement(RemoteWebDriver.java:323)
	at org.openqa.selenium.remote.RemoteWebDriver.findElementByXPath(RemoteWebDriver.java:428)
	at org.openqa.selenium.By$ByXPath.findElement(By.java:353)
	at org.openqa.selenium.remote.RemoteWebDriver.findElement(RemoteWebDriver.java:315)
	at snipp.test.bav.testcases.UAT_BavarianInnBrokenLinks.WelcomeMessage(UAT_BavarianInnBrokenLinks.java:199)
	at sun.reflect.NativeMethodAccessorImpl.invoke0(Native Method)
	at sun.reflect.NativeMethodAccessorImpl.invoke(Unknown Source)
	at sun.reflect.DelegatingMethodAccessorImpl.invoke(Unknown Source)
	at java.lang.reflect.Method.invoke(Unknown Source)
	at org.testng.internal.MethodInvocationHelper.invokeMethod(MethodInvocationHelper.java:104)
	at org.testng.internal.Invoker.invokeMethod(Invoker.java:645)
	at org.testng.internal.Invoker.invokeTestMethod(Invoker.java:851)
	at org.testng.internal.Invoker.invokeTestMethods(Invoker.java:1177)
	at org.testng.internal.TestMethodWorker.invokeTestMethods(TestMethodWorker.java:129)
	at org.testng.internal.TestMethodWorker.run(TestMethodWorker.java:112)
	at org.testng.TestRunner.privateRun(TestRunner.java:756)
	at org.testng.TestRunner.run(TestRunner.java:610)
	at org.testng.SuiteRunner.runTest(SuiteRunner.java:387)
	at org.testng.SuiteRunner.runSequentially(SuiteRunner.java:382)
	at org.testng.SuiteRunner.privateRun(SuiteRunner.java:340)
	at org.testng.SuiteRunner.run(SuiteRunner.java:289)
	at org.testng.SuiteRunnerWorker.runSuite(SuiteRunnerWorker.java:52)
	at org.testng.SuiteRunnerWorker.run(SuiteRunnerWorker.java:86)
	at org.testng.TestNG.runSuitesSequentially(TestNG.java:1293)
	at org.testng.TestNG.runSuitesLocally(TestNG.java:1218)
	at org.testng.TestNG.runSuites(TestNG.java:1133)
	at org.testng.TestNG.run(TestNG.java:1104)
	at org.testng.remote.AbstractRemoteTestNG.run(AbstractRemoteTestNG.java:115)
	at org.testng.remote.RemoteTestNG.initAndRun(RemoteTestNG.java:251)
	at org.testng.remote.RemoteTestNG.main(RemoteTestNG.java:77)
]]>
            </full-stacktrace>
          </exception> <!-- org.openqa.selenium.NoSuchElementException -->
          <reporter-output>
          </reporter-output>
        </test-method> <!-- WelcomeMessage -->
        <test-method status="FAIL" signature="membersOffers()[pri:8, instance:snipp.test.bav.testcases.UAT_BavarianInnBrokenLinks@612fc6eb]" name="membersOffers" duration-ms="44" started-at="2019-07-18T12:44:54Z" finished-at="2019-07-18T12:44:54Z">
          <exception class="org.openqa.selenium.NoSuchElementException">
            <message>
              <![CDATA[no such element: Unable to locate element: {"method":"xpath","selector":"//*[contains(text(), 'Member Offers')]"}
  (Session info: chrome=75.0.3770.142)
For documentation on this error, please visit: https://www.seleniumhq.org/exceptions/no_such_element.html
Build info: version: '3.141.59', revision: 'e82be7d358', time: '2018-11-14T08:17:03'
System info: host: 'DESKTOP-1UNN7PP', ip: '10.242.2.7', os.name: 'Windows 10', os.arch: 'amd64', os.version: '10.0', java.version: '1.8.0_192'
Driver info: org.openqa.selenium.chrome.ChromeDriver
Capabilities {acceptInsecureCerts: false, browserName: chrome, browserVersion: 75.0.3770.142, chrome: {chromedriverVersion: 75.0.3770.90 (a6dcaf7e3ec6f..., userDataDir: C:\Users\Kieran\AppData\Loc...}, goog:chromeOptions: {debuggerAddress: localhost:61081}, javascriptEnabled: true, networkConnectionEnabled: false, pageLoadStrategy: normal, platform: XP, platformName: XP, proxy: Proxy(), setWindowRect: true, strictFileInteractability: false, timeouts: {implicit: 0, pageLoad: 300000, script: 30000}, unhandledPromptBehavior: dismiss and notify}
Session ID: ba3fed42748a5cbd22a2c6ce30c4ebee
*** Element info: {Using=xpath, value=//*[contains(text(), 'Member Offers')]}]]>
            </message>
            <full-stacktrace>
              <![CDATA[org.openqa.selenium.NoSuchElementException: no such element: Unable to locate element: {"method":"xpath","selector":"//*[contains(text(), 'Member Offers')]"}
  (Session info: chrome=75.0.3770.142)
For documentation on this error, please visit: https://www.seleniumhq.org/exceptions/no_such_element.html
Build info: version: '3.141.59', revision: 'e82be7d358', time: '2018-11-14T08:17:03'
System info: host: 'DESKTOP-1UNN7PP', ip: '10.242.2.7', os.name: 'Windows 10', os.arch: 'amd64', os.version: '10.0', java.version: '1.8.0_192'
Driver info: org.openqa.selenium.chrome.ChromeDriver
Capabilities {acceptInsecureCerts: false, browserName: chrome, browserVersion: 75.0.3770.142, chrome: {chromedriverVersion: 75.0.3770.90 (a6dcaf7e3ec6f..., userDataDir: C:\Users\Kieran\AppData\Loc...}, goog:chromeOptions: {debuggerAddress: localhost:61081}, javascriptEnabled: true, networkConnectionEnabled: false, pageLoadStrategy: normal, platform: XP, platformName: XP, proxy: Proxy(), setWindowRect: true, strictFileInteractability: false, timeouts: {implicit: 0, pageLoad: 300000, script: 30000}, unhandledPromptBehavior: dismiss and notify}
Session ID: ba3fed42748a5cbd22a2c6ce30c4ebee
*** Element info: {Using=xpath, value=//*[contains(text(), 'Member Offers')]}
	at sun.reflect.NativeConstructorAccessorImpl.newInstance0(Native Method)
	at sun.reflect.NativeConstructorAccessorImpl.newInstance(Unknown Source)
	at sun.reflect.DelegatingConstructorAccessorImpl.newInstance(Unknown Source)
	at java.lang.reflect.Constructor.newInstance(Unknown Source)
	at org.openqa.selenium.remote.http.W3CHttpResponseCodec.createException(W3CHttpResponseCodec.java:187)
	at org.openqa.selenium.remote.http.W3CHttpResponseCodec.decode(W3CHttpResponseCodec.java:122)
	at org.openqa.selenium.remote.http.W3CHttpResponseCodec.decode(W3CHttpResponseCodec.java:49)
	at org.openqa.selenium.remote.HttpCommandExecutor.execute(HttpCommandExecutor.java:158)
	at org.openqa.selenium.remote.service.DriverCommandExecutor.execute(DriverCommandExecutor.java:83)
	at org.openqa.selenium.remote.RemoteWebDriver.execute(RemoteWebDriver.java:552)
	at org.openqa.selenium.remote.RemoteWebDriver.findElement(RemoteWebDriver.java:323)
	at org.openqa.selenium.remote.RemoteWebDriver.findElementByXPath(RemoteWebDriver.java:428)
	at org.openqa.selenium.By$ByXPath.findElement(By.java:353)
	at org.openqa.selenium.remote.RemoteWebDriver.findElement(RemoteWebDriver.java:315)
	at snipp.test.bav.testcases.UAT_BavarianInnBrokenLinks.membersOffers(UAT_BavarianInnBrokenLinks.java:243)
	at sun.reflect.NativeMethodAccessorImpl.invoke0(Native Method)
	at sun.reflect.NativeMethodAccessorImpl.invoke(Unknown Source)
	at sun.reflect.DelegatingMethodAccessorImpl.invoke(Unknown Source)
	at java.lang.reflect.Method.invoke(Unknown Source)
	at org.testng.internal.MethodInvocationHelper.invokeMethod(MethodInvocationHelper.java:104)
	at org.testng.internal.Invoker.invokeMethod(Invoker.java:645)
	at org.testng.internal.Invoker.invokeTestMethod(Invoker.java:851)
	at org.testng.internal.Invoker.invokeTestMethods(Invoker.java:1177)
	at org.testng.internal.TestMethodWorker.invokeTestMethods(TestMethodWorker.java:129)
	at org.testng.internal.TestMethodWorker.run(TestMethodWorker.java:112)
	at org.testng.TestRunner.privateRun(TestRunner.java:756)
	at org.testng.TestRunner.run(TestRunner.java:610)
	at org.testng.SuiteRunner.runTest(SuiteRunner.java:387)
	at org.testng.SuiteRunner.runSequentially(SuiteRunner.java:382)
	at org.testng.SuiteRunner.privateRun(SuiteRunner.java:340)
	at org.testng.SuiteRunner.run(SuiteRunner.java:289)
	at org.testng.SuiteRunnerWorker.runSuite(SuiteRunnerWorker.java:52)
	at org.testng.SuiteRunnerWorker.run(SuiteRunnerWorker.java:86)
	at org.testng.TestNG.runSuitesSequentially(TestNG.java:1293)
	at org.testng.TestNG.runSuitesLocally(TestNG.java:1218)
	at org.testng.TestNG.runSuites(TestNG.java:1133)
	at org.testng.TestNG.run(TestNG.java:1104)
	at org.testng.remote.AbstractRemoteTestNG.run(AbstractRemoteTestNG.java:115)
	at org.testng.remote.RemoteTestNG.initAndRun(RemoteTestNG.java:251)
	at org.testng.remote.RemoteTestNG.main(RemoteTestNG.java:77)
]]>
            </full-stacktrace>
          </exception> <!-- org.openqa.selenium.NoSuchElementException -->
          <reporter-output>
          </reporter-output>
        </test-method> <!-- membersOffers -->
        <test-method status="FAIL" signature="membersLocations()[pri:9, instance:snipp.test.bav.testcases.UAT_BavarianInnBrokenLinks@612fc6eb]" name="membersLocations" duration-ms="35" started-at="2019-07-18T12:44:54Z" finished-at="2019-07-18T12:44:54Z">
          <exception class="org.openqa.selenium.NoSuchElementException">
            <message>
              <![CDATA[no such element: Unable to locate element: {"method":"xpath","selector":"//*[contains(text(), 'Locations')]"}
  (Session info: chrome=75.0.3770.142)
For documentation on this error, please visit: https://www.seleniumhq.org/exceptions/no_such_element.html
Build info: version: '3.141.59', revision: 'e82be7d358', time: '2018-11-14T08:17:03'
System info: host: 'DESKTOP-1UNN7PP', ip: '10.242.2.7', os.name: 'Windows 10', os.arch: 'amd64', os.version: '10.0', java.version: '1.8.0_192'
Driver info: org.openqa.selenium.chrome.ChromeDriver
Capabilities {acceptInsecureCerts: false, browserName: chrome, browserVersion: 75.0.3770.142, chrome: {chromedriverVersion: 75.0.3770.90 (a6dcaf7e3ec6f..., userDataDir: C:\Users\Kieran\AppData\Loc...}, goog:chromeOptions: {debuggerAddress: localhost:61081}, javascriptEnabled: true, networkConnectionEnabled: false, pageLoadStrategy: normal, platform: XP, platformName: XP, proxy: Proxy(), setWindowRect: true, strictFileInteractability: false, timeouts: {implicit: 0, pageLoad: 300000, script: 30000}, unhandledPromptBehavior: dismiss and notify}
Session ID: ba3fed42748a5cbd22a2c6ce30c4ebee
*** Element info: {Using=xpath, value=//*[contains(text(), 'Locations')]}]]>
            </message>
            <full-stacktrace>
              <![CDATA[org.openqa.selenium.NoSuchElementException: no such element: Unable to locate element: {"method":"xpath","selector":"//*[contains(text(), 'Locations')]"}
  (Session info: chrome=75.0.3770.142)
For documentation on this error, please visit: https://www.seleniumhq.org/exceptions/no_such_element.html
Build info: version: '3.141.59', revision: 'e82be7d358', time: '2018-11-14T08:17:03'
System info: host: 'DESKTOP-1UNN7PP', ip: '10.242.2.7', os.name: 'Windows 10', os.arch: 'amd64', os.version: '10.0', java.version: '1.8.0_192'
Driver info: org.openqa.selenium.chrome.ChromeDriver
Capabilities {acceptInsecureCerts: false, browserName: chrome, browserVersion: 75.0.3770.142, chrome: {chromedriverVersion: 75.0.3770.90 (a6dcaf7e3ec6f..., userDataDir: C:\Users\Kieran\AppData\Loc...}, goog:chromeOptions: {debuggerAddress: localhost:61081}, javascriptEnabled: true, networkConnectionEnabled: false, pageLoadStrategy: normal, platform: XP, platformName: XP, proxy: Proxy(), setWindowRect: true, strictFileInteractability: false, timeouts: {implicit: 0, pageLoad: 300000, script: 30000}, unhandledPromptBehavior: dismiss and notify}
Session ID: ba3fed42748a5cbd22a2c6ce30c4ebee
*** Element info: {Using=xpath, value=//*[contains(text(), 'Locations')]}
	at sun.reflect.NativeConstructorAccessorImpl.newInstance0(Native Method)
	at sun.reflect.NativeConstructorAccessorImpl.newInstance(Unknown Source)
	at sun.reflect.DelegatingConstructorAccessorImpl.newInstance(Unknown Source)
	at java.lang.reflect.Constructor.newInstance(Unknown Source)
	at org.openqa.selenium.remote.http.W3CHttpResponseCodec.createException(W3CHttpResponseCodec.java:187)
	at org.openqa.selenium.remote.http.W3CHttpResponseCodec.decode(W3CHttpResponseCodec.java:122)
	at org.openqa.selenium.remote.http.W3CHttpResponseCodec.decode(W3CHttpResponseCodec.java:49)
	at org.openqa.selenium.remote.HttpCommandExecutor.execute(HttpCommandExecutor.java:158)
	at org.openqa.selenium.remote.service.DriverCommandExecutor.execute(DriverCommandExecutor.java:83)
	at org.openqa.selenium.remote.RemoteWebDriver.execute(RemoteWebDriver.java:552)
	at org.openqa.selenium.remote.RemoteWebDriver.findElement(RemoteWebDriver.java:323)
	at org.openqa.selenium.remote.RemoteWebDriver.findElementByXPath(RemoteWebDriver.java:428)
	at org.openqa.selenium.By$ByXPath.findElement(By.java:353)
	at org.openqa.selenium.remote.RemoteWebDriver.findElement(RemoteWebDriver.java:315)
	at snipp.test.bav.testcases.UAT_BavarianInnBrokenLinks.membersLocations(UAT_BavarianInnBrokenLinks.java:256)
	at sun.reflect.NativeMethodAccessorImpl.invoke0(Native Method)
	at sun.reflect.NativeMethodAccessorImpl.invoke(Unknown Source)
	at sun.reflect.DelegatingMethodAccessorImpl.invoke(Unknown Source)
	at java.lang.reflect.Method.invoke(Unknown Source)
	at org.testng.internal.MethodInvocationHelper.invokeMethod(MethodInvocationHelper.java:104)
	at org.testng.internal.Invoker.invokeMethod(Invoker.java:645)
	at org.testng.internal.Invoker.invokeTestMethod(Invoker.java:851)
	at org.testng.internal.Invoker.invokeTestMethods(Invoker.java:1177)
	at org.testng.internal.TestMethodWorker.invokeTestMethods(TestMethodWorker.java:129)
	at org.testng.internal.TestMethodWorker.run(TestMethodWorker.java:112)
	at org.testng.TestRunner.privateRun(TestRunner.java:756)
	at org.testng.TestRunner.run(TestRunner.java:610)
	at org.testng.SuiteRunner.runTest(SuiteRunner.java:387)
	at org.testng.SuiteRunner.runSequentially(SuiteRunner.java:382)
	at org.testng.SuiteRunner.privateRun(SuiteRunner.java:340)
	at org.testng.SuiteRunner.run(SuiteRunner.java:289)
	at org.testng.SuiteRunnerWorker.runSuite(SuiteRunnerWorker.java:52)
	at org.testng.SuiteRunnerWorker.run(SuiteRunnerWorker.java:86)
	at org.testng.TestNG.runSuitesSequentially(TestNG.java:1293)
	at org.testng.TestNG.runSuitesLocally(TestNG.java:1218)
	at org.testng.TestNG.runSuites(TestNG.java:1133)
	at org.testng.TestNG.run(TestNG.java:1104)
	at org.testng.remote.AbstractRemoteTestNG.run(AbstractRemoteTestNG.java:115)
	at org.testng.remote.RemoteTestNG.initAndRun(RemoteTestNG.java:251)
	at org.testng.remote.RemoteTestNG.main(RemoteTestNG.java:77)
]]>
            </full-stacktrace>
          </exception> <!-- org.openqa.selenium.NoSuchElementException -->
          <reporter-output>
          </reporter-output>
        </test-method> <!-- membersLocations -->
        <test-method status="FAIL" signature="membersSocial()[pri:10, instance:snipp.test.bav.testcases.UAT_BavarianInnBrokenLinks@612fc6eb]" name="membersSocial" duration-ms="37" started-at="2019-07-18T12:44:54Z" finished-at="2019-07-18T12:44:54Z">
          <exception class="org.openqa.selenium.NoSuchElementException">
            <message>
              <![CDATA[no such element: Unable to locate element: {"method":"xpath","selector":"//*[contains(text(), 'Social')]"}
  (Session info: chrome=75.0.3770.142)
For documentation on this error, please visit: https://www.seleniumhq.org/exceptions/no_such_element.html
Build info: version: '3.141.59', revision: 'e82be7d358', time: '2018-11-14T08:17:03'
System info: host: 'DESKTOP-1UNN7PP', ip: '10.242.2.7', os.name: 'Windows 10', os.arch: 'amd64', os.version: '10.0', java.version: '1.8.0_192'
Driver info: org.openqa.selenium.chrome.ChromeDriver
Capabilities {acceptInsecureCerts: false, browserName: chrome, browserVersion: 75.0.3770.142, chrome: {chromedriverVersion: 75.0.3770.90 (a6dcaf7e3ec6f..., userDataDir: C:\Users\Kieran\AppData\Loc...}, goog:chromeOptions: {debuggerAddress: localhost:61081}, javascriptEnabled: true, networkConnectionEnabled: false, pageLoadStrategy: normal, platform: XP, platformName: XP, proxy: Proxy(), setWindowRect: true, strictFileInteractability: false, timeouts: {implicit: 0, pageLoad: 300000, script: 30000}, unhandledPromptBehavior: dismiss and notify}
Session ID: ba3fed42748a5cbd22a2c6ce30c4ebee
*** Element info: {Using=xpath, value=//*[contains(text(), 'Social')]}]]>
            </message>
            <full-stacktrace>
              <![CDATA[org.openqa.selenium.NoSuchElementException: no such element: Unable to locate element: {"method":"xpath","selector":"//*[contains(text(), 'Social')]"}
  (Session info: chrome=75.0.3770.142)
For documentation on this error, please visit: https://www.seleniumhq.org/exceptions/no_such_element.html
Build info: version: '3.141.59', revision: 'e82be7d358', time: '2018-11-14T08:17:03'
System info: host: 'DESKTOP-1UNN7PP', ip: '10.242.2.7', os.name: 'Windows 10', os.arch: 'amd64', os.version: '10.0', java.version: '1.8.0_192'
Driver info: org.openqa.selenium.chrome.ChromeDriver
Capabilities {acceptInsecureCerts: false, browserName: chrome, browserVersion: 75.0.3770.142, chrome: {chromedriverVersion: 75.0.3770.90 (a6dcaf7e3ec6f..., userDataDir: C:\Users\Kieran\AppData\Loc...}, goog:chromeOptions: {debuggerAddress: localhost:61081}, javascriptEnabled: true, networkConnectionEnabled: false, pageLoadStrategy: normal, platform: XP, platformName: XP, proxy: Proxy(), setWindowRect: true, strictFileInteractability: false, timeouts: {implicit: 0, pageLoad: 300000, script: 30000}, unhandledPromptBehavior: dismiss and notify}
Session ID: ba3fed42748a5cbd22a2c6ce30c4ebee
*** Element info: {Using=xpath, value=//*[contains(text(), 'Social')]}
	at sun.reflect.NativeConstructorAccessorImpl.newInstance0(Native Method)
	at sun.reflect.NativeConstructorAccessorImpl.newInstance(Unknown Source)
	at sun.reflect.DelegatingConstructorAccessorImpl.newInstance(Unknown Source)
	at java.lang.reflect.Constructor.newInstance(Unknown Source)
	at org.openqa.selenium.remote.http.W3CHttpResponseCodec.createException(W3CHttpResponseCodec.java:187)
	at org.openqa.selenium.remote.http.W3CHttpResponseCodec.decode(W3CHttpResponseCodec.java:122)
	at org.openqa.selenium.remote.http.W3CHttpResponseCodec.decode(W3CHttpResponseCodec.java:49)
	at org.openqa.selenium.remote.HttpCommandExecutor.execute(HttpCommandExecutor.java:158)
	at org.openqa.selenium.remote.service.DriverCommandExecutor.execute(DriverCommandExecutor.java:83)
	at org.openqa.selenium.remote.RemoteWebDriver.execute(RemoteWebDriver.java:552)
	at org.openqa.selenium.remote.RemoteWebDriver.findElement(RemoteWebDriver.java:323)
	at org.openqa.selenium.remote.RemoteWebDriver.findElementByXPath(RemoteWebDriver.java:428)
	at org.openqa.selenium.By$ByXPath.findElement(By.java:353)
	at org.openqa.selenium.remote.RemoteWebDriver.findElement(RemoteWebDriver.java:315)
	at snipp.test.bav.testcases.UAT_BavarianInnBrokenLinks.membersSocial(UAT_BavarianInnBrokenLinks.java:269)
	at sun.reflect.NativeMethodAccessorImpl.invoke0(Native Method)
	at sun.reflect.NativeMethodAccessorImpl.invoke(Unknown Source)
	at sun.reflect.DelegatingMethodAccessorImpl.invoke(Unknown Source)
	at java.lang.reflect.Method.invoke(Unknown Source)
	at org.testng.internal.MethodInvocationHelper.invokeMethod(MethodInvocationHelper.java:104)
	at org.testng.internal.Invoker.invokeMethod(Invoker.java:645)
	at org.testng.internal.Invoker.invokeTestMethod(Invoker.java:851)
	at org.testng.internal.Invoker.invokeTestMethods(Invoker.java:1177)
	at org.testng.internal.TestMethodWorker.invokeTestMethods(TestMethodWorker.java:129)
	at org.testng.internal.TestMethodWorker.run(TestMethodWorker.java:112)
	at org.testng.TestRunner.privateRun(TestRunner.java:756)
	at org.testng.TestRunner.run(TestRunner.java:610)
	at org.testng.SuiteRunner.runTest(SuiteRunner.java:387)
	at org.testng.SuiteRunner.runSequentially(SuiteRunner.java:382)
	at org.testng.SuiteRunner.privateRun(SuiteRunner.java:340)
	at org.testng.SuiteRunner.run(SuiteRunner.java:289)
	at org.testng.SuiteRunnerWorker.runSuite(SuiteRunnerWorker.java:52)
	at org.testng.SuiteRunnerWorker.run(SuiteRunnerWorker.java:86)
	at org.testng.TestNG.runSuitesSequentially(TestNG.java:1293)
	at org.testng.TestNG.runSuitesLocally(TestNG.java:1218)
	at org.testng.TestNG.runSuites(TestNG.java:1133)
	at org.testng.TestNG.run(TestNG.java:1104)
	at org.testng.remote.AbstractRemoteTestNG.run(AbstractRemoteTestNG.java:115)
	at org.testng.remote.RemoteTestNG.initAndRun(RemoteTestNG.java:251)
	at org.testng.remote.RemoteTestNG.main(RemoteTestNG.java:77)
]]>
            </full-stacktrace>
          </exception> <!-- org.openqa.selenium.NoSuchElementException -->
          <reporter-output>
          </reporter-output>
        </test-method> <!-- membersSocial -->
        <test-method status="PASS" signature="logOutOfSite()[pri:11, instance:snipp.test.bav.testcases.UAT_BavarianInnBrokenLinks@612fc6eb]" name="logOutOfSite" duration-ms="4361" started-at="2019-07-18T12:44:54Z" finished-at="2019-07-18T12:44:58Z">
          <reporter-output>
          </reporter-output>
        </test-method> <!-- logOutOfSite -->
      </class> <!-- snipp.test.bav.testcases.UAT_BavarianInnBrokenLinks -->
    </test> <!-- UAT_BavarianInnBrokenLinks -->
    <test name="UAT_BavarianInnLoginCheckScreens" duration-ms="14332" started-at="2019-07-18T11:44:58Z" finished-at="2019-07-18T11:45:13Z">
      <class name="snipp.test.bav.testcases.UAT_BavarianInnLoginCheckScreens">
        <test-method status="PASS" signature="setUp()[pri:0, instance:snipp.test.bav.testcases.UAT_BavarianInnLoginCheckScreens@74a10858]" name="setUp" is-config="true" duration-ms="5" started-at="2019-07-18T12:44:58Z" finished-at="2019-07-18T12:44:58Z">
          <reporter-output>
          </reporter-output>
        </test-method> <!-- setUp -->
        <test-method status="PASS" signature="loginToSite()[pri:1, instance:snipp.test.bav.testcases.UAT_BavarianInnLoginCheckScreens@74a10858]" name="loginToSite" duration-ms="28" started-at="2019-07-18T12:44:58Z" finished-at="2019-07-18T12:44:58Z">
          <reporter-output>
          </reporter-output>
        </test-method> <!-- loginToSite -->
        <test-method status="PASS" signature="beforeMethod()[pri:0, instance:snipp.test.bav.testcases.UAT_BavarianInnLoginCheckScreens@74a10858]" name="beforeMethod" is-config="true" duration-ms="0" started-at="2019-07-18T12:44:58Z" finished-at="2019-07-18T12:44:58Z">
          <reporter-output>
          </reporter-output>
        </test-method> <!-- beforeMethod -->
        <test-method status="PASS" signature="afterMethod()[pri:0, instance:snipp.test.bav.testcases.UAT_BavarianInnLoginCheckScreens@74a10858]" name="afterMethod" is-config="true" duration-ms="1030" started-at="2019-07-18T12:44:58Z" finished-at="2019-07-18T12:44:59Z">
          <reporter-output>
          </reporter-output>
        </test-method> <!-- afterMethod -->
        <test-method status="PASS" signature="enterDetails()[pri:2, instance:snipp.test.bav.testcases.UAT_BavarianInnLoginCheckScreens@74a10858]" name="enterDetails" duration-ms="4870" started-at="2019-07-18T12:44:59Z" finished-at="2019-07-18T12:45:04Z">
          <reporter-output>
          </reporter-output>
        </test-method> <!-- enterDetails -->
        <test-method status="PASS" signature="beforeMethod()[pri:0, instance:snipp.test.bav.testcases.UAT_BavarianInnLoginCheckScreens@74a10858]" name="beforeMethod" is-config="true" duration-ms="0" started-at="2019-07-18T12:44:59Z" finished-at="2019-07-18T12:44:59Z">
          <reporter-output>
          </reporter-output>
        </test-method> <!-- beforeMethod -->
        <test-method status="PASS" signature="afterMethod()[pri:0, instance:snipp.test.bav.testcases.UAT_BavarianInnLoginCheckScreens@74a10858]" name="afterMethod" is-config="true" duration-ms="276" started-at="2019-07-18T12:45:04Z" finished-at="2019-07-18T12:45:04Z">
          <reporter-output>
          </reporter-output>
        </test-method> <!-- afterMethod -->
        <test-method status="FAIL" signature="loginTitleTest()[pri:3, instance:snipp.test.bav.testcases.UAT_BavarianInnLoginCheckScreens@74a10858]" name="loginTitleTest" duration-ms="3041" started-at="2019-07-18T12:45:04Z" finished-at="2019-07-18T12:45:08Z">
          <exception class="java.lang.AssertionError">
            <message>
              <![CDATA[expected:<false> but was:<true>]]>
            </message>
            <full-stacktrace>
              <![CDATA[java.lang.AssertionError: expected:<false> but was:<true>
	at org.testng.AssertJUnit.fail(AssertJUnit.java:59)
	at org.testng.AssertJUnit.failNotEquals(AssertJUnit.java:364)
	at org.testng.AssertJUnit.assertEquals(AssertJUnit.java:80)
	at org.testng.AssertJUnit.assertEquals(AssertJUnit.java:185)
	at org.testng.AssertJUnit.assertEquals(AssertJUnit.java:192)
	at snipp.test.bav.testcases.UAT_BavarianInnLoginCheckScreens.loginTitleTest(UAT_BavarianInnLoginCheckScreens.java:166)
	at sun.reflect.NativeMethodAccessorImpl.invoke0(Native Method)
	at sun.reflect.NativeMethodAccessorImpl.invoke(Unknown Source)
	at sun.reflect.DelegatingMethodAccessorImpl.invoke(Unknown Source)
	at java.lang.reflect.Method.invoke(Unknown Source)
	at org.testng.internal.MethodInvocationHelper.invokeMethod(MethodInvocationHelper.java:104)
	at org.testng.internal.Invoker.invokeMethod(Invoker.java:645)
	at org.testng.internal.Invoker.invokeTestMethod(Invoker.java:851)
	at org.testng.internal.Invoker.invokeTestMethods(Invoker.java:1177)
	at org.testng.internal.TestMethodWorker.invokeTestMethods(TestMethodWorker.java:129)
	at org.testng.internal.TestMethodWorker.run(TestMethodWorker.java:112)
	at org.testng.TestRunner.privateRun(TestRunner.java:756)
	at org.testng.TestRunner.run(TestRunner.java:610)
	at org.testng.SuiteRunner.runTest(SuiteRunner.java:387)
	at org.testng.SuiteRunner.runSequentially(SuiteRunner.java:382)
	at org.testng.SuiteRunner.privateRun(SuiteRunner.java:340)
	at org.testng.SuiteRunner.run(SuiteRunner.java:289)
	at org.testng.SuiteRunnerWorker.runSuite(SuiteRunnerWorker.java:52)
	at org.testng.SuiteRunnerWorker.run(SuiteRunnerWorker.java:86)
	at org.testng.TestNG.runSuitesSequentially(TestNG.java:1293)
	at org.testng.TestNG.runSuitesLocally(TestNG.java:1218)
	at org.testng.TestNG.runSuites(TestNG.java:1133)
	at org.testng.TestNG.run(TestNG.java:1104)
	at org.testng.remote.AbstractRemoteTestNG.run(AbstractRemoteTestNG.java:115)
	at org.testng.remote.RemoteTestNG.initAndRun(RemoteTestNG.java:251)
	at org.testng.remote.RemoteTestNG.main(RemoteTestNG.java:77)
]]>
            </full-stacktrace>
          </exception> <!-- java.lang.AssertionError -->
          <reporter-output>
          </reporter-output>
        </test-method> <!-- loginTitleTest -->
        <test-method status="PASS" signature="beforeMethod()[pri:0, instance:snipp.test.bav.testcases.UAT_BavarianInnLoginCheckScreens@74a10858]" name="beforeMethod" is-config="true" duration-ms="0" started-at="2019-07-18T12:45:04Z" finished-at="2019-07-18T12:45:04Z">
          <reporter-output>
          </reporter-output>
        </test-method> <!-- beforeMethod -->
        <test-method status="PASS" signature="afterMethod()[pri:0, instance:snipp.test.bav.testcases.UAT_BavarianInnLoginCheckScreens@74a10858]" name="afterMethod" is-config="true" duration-ms="100" started-at="2019-07-18T12:45:08Z" finished-at="2019-07-18T12:45:08Z">
          <reporter-output>
          </reporter-output>
        </test-method> <!-- afterMethod -->
        <test-method status="PASS" signature="WelcomeMessage()[pri:4, instance:snipp.test.bav.testcases.UAT_BavarianInnLoginCheckScreens@74a10858]" name="WelcomeMessage" duration-ms="36" started-at="2019-07-18T12:45:08Z" finished-at="2019-07-18T12:45:08Z">
          <reporter-output>
          </reporter-output>
        </test-method> <!-- WelcomeMessage -->
        <test-method status="PASS" signature="beforeMethod()[pri:0, instance:snipp.test.bav.testcases.UAT_BavarianInnLoginCheckScreens@74a10858]" name="beforeMethod" is-config="true" duration-ms="0" started-at="2019-07-18T12:45:08Z" finished-at="2019-07-18T12:45:08Z">
          <reporter-output>
          </reporter-output>
        </test-method> <!-- beforeMethod -->
        <test-method status="PASS" signature="afterMethod()[pri:0, instance:snipp.test.bav.testcases.UAT_BavarianInnLoginCheckScreens@74a10858]" name="afterMethod" is-config="true" duration-ms="121" started-at="2019-07-18T12:45:08Z" finished-at="2019-07-18T12:45:08Z">
          <reporter-output>
          </reporter-output>
        </test-method> <!-- afterMethod -->
        <test-method status="PASS" signature="beforeMethod()[pri:0, instance:snipp.test.bav.testcases.UAT_BavarianInnLoginCheckScreens@74a10858]" name="beforeMethod" is-config="true" duration-ms="1" started-at="2019-07-18T12:45:08Z" finished-at="2019-07-18T12:45:08Z">
          <reporter-output>
          </reporter-output>
        </test-method> <!-- beforeMethod -->
        <test-method status="FAIL" signature="membersOffers()[pri:8, instance:snipp.test.bav.testcases.UAT_BavarianInnLoginCheckScreens@74a10858]" name="membersOffers" duration-ms="33" started-at="2019-07-18T12:45:08Z" finished-at="2019-07-18T12:45:08Z">
          <exception class="org.openqa.selenium.NoSuchElementException">
            <message>
              <![CDATA[no such element: Unable to locate element: {"method":"xpath","selector":"//*[contains(text(), 'Member Offers')]"}
  (Session info: chrome=75.0.3770.142)
For documentation on this error, please visit: https://www.seleniumhq.org/exceptions/no_such_element.html
Build info: version: '3.141.59', revision: 'e82be7d358', time: '2018-11-14T08:17:03'
System info: host: 'DESKTOP-1UNN7PP', ip: '10.242.2.7', os.name: 'Windows 10', os.arch: 'amd64', os.version: '10.0', java.version: '1.8.0_192'
Driver info: org.openqa.selenium.chrome.ChromeDriver
Capabilities {acceptInsecureCerts: false, browserName: chrome, browserVersion: 75.0.3770.142, chrome: {chromedriverVersion: 75.0.3770.90 (a6dcaf7e3ec6f..., userDataDir: C:\Users\Kieran\AppData\Loc...}, goog:chromeOptions: {debuggerAddress: localhost:61172}, javascriptEnabled: true, networkConnectionEnabled: false, pageLoadStrategy: normal, platform: XP, platformName: XP, proxy: Proxy(), setWindowRect: true, strictFileInteractability: false, timeouts: {implicit: 0, pageLoad: 300000, script: 30000}, unhandledPromptBehavior: dismiss and notify}
Session ID: 50dfb9434563c10a90d9495748e736bc
*** Element info: {Using=xpath, value=//*[contains(text(), 'Member Offers')]}]]>
            </message>
            <full-stacktrace>
              <![CDATA[org.openqa.selenium.NoSuchElementException: no such element: Unable to locate element: {"method":"xpath","selector":"//*[contains(text(), 'Member Offers')]"}
  (Session info: chrome=75.0.3770.142)
For documentation on this error, please visit: https://www.seleniumhq.org/exceptions/no_such_element.html
Build info: version: '3.141.59', revision: 'e82be7d358', time: '2018-11-14T08:17:03'
System info: host: 'DESKTOP-1UNN7PP', ip: '10.242.2.7', os.name: 'Windows 10', os.arch: 'amd64', os.version: '10.0', java.version: '1.8.0_192'
Driver info: org.openqa.selenium.chrome.ChromeDriver
Capabilities {acceptInsecureCerts: false, browserName: chrome, browserVersion: 75.0.3770.142, chrome: {chromedriverVersion: 75.0.3770.90 (a6dcaf7e3ec6f..., userDataDir: C:\Users\Kieran\AppData\Loc...}, goog:chromeOptions: {debuggerAddress: localhost:61172}, javascriptEnabled: true, networkConnectionEnabled: false, pageLoadStrategy: normal, platform: XP, platformName: XP, proxy: Proxy(), setWindowRect: true, strictFileInteractability: false, timeouts: {implicit: 0, pageLoad: 300000, script: 30000}, unhandledPromptBehavior: dismiss and notify}
Session ID: 50dfb9434563c10a90d9495748e736bc
*** Element info: {Using=xpath, value=//*[contains(text(), 'Member Offers')]}
	at sun.reflect.NativeConstructorAccessorImpl.newInstance0(Native Method)
	at sun.reflect.NativeConstructorAccessorImpl.newInstance(Unknown Source)
	at sun.reflect.DelegatingConstructorAccessorImpl.newInstance(Unknown Source)
	at java.lang.reflect.Constructor.newInstance(Unknown Source)
	at org.openqa.selenium.remote.http.W3CHttpResponseCodec.createException(W3CHttpResponseCodec.java:187)
	at org.openqa.selenium.remote.http.W3CHttpResponseCodec.decode(W3CHttpResponseCodec.java:122)
	at org.openqa.selenium.remote.http.W3CHttpResponseCodec.decode(W3CHttpResponseCodec.java:49)
	at org.openqa.selenium.remote.HttpCommandExecutor.execute(HttpCommandExecutor.java:158)
	at org.openqa.selenium.remote.service.DriverCommandExecutor.execute(DriverCommandExecutor.java:83)
	at org.openqa.selenium.remote.RemoteWebDriver.execute(RemoteWebDriver.java:552)
	at org.openqa.selenium.remote.RemoteWebDriver.findElement(RemoteWebDriver.java:323)
	at org.openqa.selenium.remote.RemoteWebDriver.findElementByXPath(RemoteWebDriver.java:428)
	at org.openqa.selenium.By$ByXPath.findElement(By.java:353)
	at org.openqa.selenium.remote.RemoteWebDriver.findElement(RemoteWebDriver.java:315)
	at snipp.test.bav.testcases.UAT_BavarianInnLoginCheckScreens.membersOffers(UAT_BavarianInnLoginCheckScreens.java:188)
	at sun.reflect.NativeMethodAccessorImpl.invoke0(Native Method)
	at sun.reflect.NativeMethodAccessorImpl.invoke(Unknown Source)
	at sun.reflect.DelegatingMethodAccessorImpl.invoke(Unknown Source)
	at java.lang.reflect.Method.invoke(Unknown Source)
	at org.testng.internal.MethodInvocationHelper.invokeMethod(MethodInvocationHelper.java:104)
	at org.testng.internal.Invoker.invokeMethod(Invoker.java:645)
	at org.testng.internal.Invoker.invokeTestMethod(Invoker.java:851)
	at org.testng.internal.Invoker.invokeTestMethods(Invoker.java:1177)
	at org.testng.internal.TestMethodWorker.invokeTestMethods(TestMethodWorker.java:129)
	at org.testng.internal.TestMethodWorker.run(TestMethodWorker.java:112)
	at org.testng.TestRunner.privateRun(TestRunner.java:756)
	at org.testng.TestRunner.run(TestRunner.java:610)
	at org.testng.SuiteRunner.runTest(SuiteRunner.java:387)
	at org.testng.SuiteRunner.runSequentially(SuiteRunner.java:382)
	at org.testng.SuiteRunner.privateRun(SuiteRunner.java:340)
	at org.testng.SuiteRunner.run(SuiteRunner.java:289)
	at org.testng.SuiteRunnerWorker.runSuite(SuiteRunnerWorker.java:52)
	at org.testng.SuiteRunnerWorker.run(SuiteRunnerWorker.java:86)
	at org.testng.TestNG.runSuitesSequentially(TestNG.java:1293)
	at org.testng.TestNG.runSuitesLocally(TestNG.java:1218)
	at org.testng.TestNG.runSuites(TestNG.java:1133)
	at org.testng.TestNG.run(TestNG.java:1104)
	at org.testng.remote.AbstractRemoteTestNG.run(AbstractRemoteTestNG.java:115)
	at org.testng.remote.RemoteTestNG.initAndRun(RemoteTestNG.java:251)
	at org.testng.remote.RemoteTestNG.main(RemoteTestNG.java:77)
]]>
            </full-stacktrace>
          </exception> <!-- org.openqa.selenium.NoSuchElementException -->
          <reporter-output>
          </reporter-output>
        </test-method> <!-- membersOffers -->
        <test-method status="PASS" signature="afterMethod()[pri:0, instance:snipp.test.bav.testcases.UAT_BavarianInnLoginCheckScreens@74a10858]" name="afterMethod" is-config="true" duration-ms="81" started-at="2019-07-18T12:45:08Z" finished-at="2019-07-18T12:45:08Z">
          <reporter-output>
          </reporter-output>
        </test-method> <!-- afterMethod -->
        <test-method status="FAIL" signature="membersLocations()[pri:9, instance:snipp.test.bav.testcases.UAT_BavarianInnLoginCheckScreens@74a10858]" name="membersLocations" duration-ms="48" started-at="2019-07-18T12:45:08Z" finished-at="2019-07-18T12:45:08Z">
          <exception class="org.openqa.selenium.NoSuchElementException">
            <message>
              <![CDATA[no such element: Unable to locate element: {"method":"xpath","selector":"//*[contains(text(), 'Locations')]"}
  (Session info: chrome=75.0.3770.142)
For documentation on this error, please visit: https://www.seleniumhq.org/exceptions/no_such_element.html
Build info: version: '3.141.59', revision: 'e82be7d358', time: '2018-11-14T08:17:03'
System info: host: 'DESKTOP-1UNN7PP', ip: '10.242.2.7', os.name: 'Windows 10', os.arch: 'amd64', os.version: '10.0', java.version: '1.8.0_192'
Driver info: org.openqa.selenium.chrome.ChromeDriver
Capabilities {acceptInsecureCerts: false, browserName: chrome, browserVersion: 75.0.3770.142, chrome: {chromedriverVersion: 75.0.3770.90 (a6dcaf7e3ec6f..., userDataDir: C:\Users\Kieran\AppData\Loc...}, goog:chromeOptions: {debuggerAddress: localhost:61172}, javascriptEnabled: true, networkConnectionEnabled: false, pageLoadStrategy: normal, platform: XP, platformName: XP, proxy: Proxy(), setWindowRect: true, strictFileInteractability: false, timeouts: {implicit: 0, pageLoad: 300000, script: 30000}, unhandledPromptBehavior: dismiss and notify}
Session ID: 50dfb9434563c10a90d9495748e736bc
*** Element info: {Using=xpath, value=//*[contains(text(), 'Locations')]}]]>
            </message>
            <full-stacktrace>
              <![CDATA[org.openqa.selenium.NoSuchElementException: no such element: Unable to locate element: {"method":"xpath","selector":"//*[contains(text(), 'Locations')]"}
  (Session info: chrome=75.0.3770.142)
For documentation on this error, please visit: https://www.seleniumhq.org/exceptions/no_such_element.html
Build info: version: '3.141.59', revision: 'e82be7d358', time: '2018-11-14T08:17:03'
System info: host: 'DESKTOP-1UNN7PP', ip: '10.242.2.7', os.name: 'Windows 10', os.arch: 'amd64', os.version: '10.0', java.version: '1.8.0_192'
Driver info: org.openqa.selenium.chrome.ChromeDriver
Capabilities {acceptInsecureCerts: false, browserName: chrome, browserVersion: 75.0.3770.142, chrome: {chromedriverVersion: 75.0.3770.90 (a6dcaf7e3ec6f..., userDataDir: C:\Users\Kieran\AppData\Loc...}, goog:chromeOptions: {debuggerAddress: localhost:61172}, javascriptEnabled: true, networkConnectionEnabled: false, pageLoadStrategy: normal, platform: XP, platformName: XP, proxy: Proxy(), setWindowRect: true, strictFileInteractability: false, timeouts: {implicit: 0, pageLoad: 300000, script: 30000}, unhandledPromptBehavior: dismiss and notify}
Session ID: 50dfb9434563c10a90d9495748e736bc
*** Element info: {Using=xpath, value=//*[contains(text(), 'Locations')]}
	at sun.reflect.NativeConstructorAccessorImpl.newInstance0(Native Method)
	at sun.reflect.NativeConstructorAccessorImpl.newInstance(Unknown Source)
	at sun.reflect.DelegatingConstructorAccessorImpl.newInstance(Unknown Source)
	at java.lang.reflect.Constructor.newInstance(Unknown Source)
	at org.openqa.selenium.remote.http.W3CHttpResponseCodec.createException(W3CHttpResponseCodec.java:187)
	at org.openqa.selenium.remote.http.W3CHttpResponseCodec.decode(W3CHttpResponseCodec.java:122)
	at org.openqa.selenium.remote.http.W3CHttpResponseCodec.decode(W3CHttpResponseCodec.java:49)
	at org.openqa.selenium.remote.HttpCommandExecutor.execute(HttpCommandExecutor.java:158)
	at org.openqa.selenium.remote.service.DriverCommandExecutor.execute(DriverCommandExecutor.java:83)
	at org.openqa.selenium.remote.RemoteWebDriver.execute(RemoteWebDriver.java:552)
	at org.openqa.selenium.remote.RemoteWebDriver.findElement(RemoteWebDriver.java:323)
	at org.openqa.selenium.remote.RemoteWebDriver.findElementByXPath(RemoteWebDriver.java:428)
	at org.openqa.selenium.By$ByXPath.findElement(By.java:353)
	at org.openqa.selenium.remote.RemoteWebDriver.findElement(RemoteWebDriver.java:315)
	at snipp.test.bav.testcases.UAT_BavarianInnLoginCheckScreens.membersLocations(UAT_BavarianInnLoginCheckScreens.java:200)
	at sun.reflect.NativeMethodAccessorImpl.invoke0(Native Method)
	at sun.reflect.NativeMethodAccessorImpl.invoke(Unknown Source)
	at sun.reflect.DelegatingMethodAccessorImpl.invoke(Unknown Source)
	at java.lang.reflect.Method.invoke(Unknown Source)
	at org.testng.internal.MethodInvocationHelper.invokeMethod(MethodInvocationHelper.java:104)
	at org.testng.internal.Invoker.invokeMethod(Invoker.java:645)
	at org.testng.internal.Invoker.invokeTestMethod(Invoker.java:851)
	at org.testng.internal.Invoker.invokeTestMethods(Invoker.java:1177)
	at org.testng.internal.TestMethodWorker.invokeTestMethods(TestMethodWorker.java:129)
	at org.testng.internal.TestMethodWorker.run(TestMethodWorker.java:112)
	at org.testng.TestRunner.privateRun(TestRunner.java:756)
	at org.testng.TestRunner.run(TestRunner.java:610)
	at org.testng.SuiteRunner.runTest(SuiteRunner.java:387)
	at org.testng.SuiteRunner.runSequentially(SuiteRunner.java:382)
	at org.testng.SuiteRunner.privateRun(SuiteRunner.java:340)
	at org.testng.SuiteRunner.run(SuiteRunner.java:289)
	at org.testng.SuiteRunnerWorker.runSuite(SuiteRunnerWorker.java:52)
	at org.testng.SuiteRunnerWorker.run(SuiteRunnerWorker.java:86)
	at org.testng.TestNG.runSuitesSequentially(TestNG.java:1293)
	at org.testng.TestNG.runSuitesLocally(TestNG.java:1218)
	at org.testng.TestNG.runSuites(TestNG.java:1133)
	at org.testng.TestNG.run(TestNG.java:1104)
	at org.testng.remote.AbstractRemoteTestNG.run(AbstractRemoteTestNG.java:115)
	at org.testng.remote.RemoteTestNG.initAndRun(RemoteTestNG.java:251)
	at org.testng.remote.RemoteTestNG.main(RemoteTestNG.java:77)
]]>
            </full-stacktrace>
          </exception> <!-- org.openqa.selenium.NoSuchElementException -->
          <reporter-output>
          </reporter-output>
        </test-method> <!-- membersLocations -->
        <test-method status="PASS" signature="beforeMethod()[pri:0, instance:snipp.test.bav.testcases.UAT_BavarianInnLoginCheckScreens@74a10858]" name="beforeMethod" is-config="true" duration-ms="0" started-at="2019-07-18T12:45:08Z" finished-at="2019-07-18T12:45:08Z">
          <reporter-output>
          </reporter-output>
        </test-method> <!-- beforeMethod -->
        <test-method status="PASS" signature="afterMethod()[pri:0, instance:snipp.test.bav.testcases.UAT_BavarianInnLoginCheckScreens@74a10858]" name="afterMethod" is-config="true" duration-ms="102" started-at="2019-07-18T12:45:08Z" finished-at="2019-07-18T12:45:08Z">
          <reporter-output>
          </reporter-output>
        </test-method> <!-- afterMethod -->
        <test-method status="PASS" signature="beforeMethod()[pri:0, instance:snipp.test.bav.testcases.UAT_BavarianInnLoginCheckScreens@74a10858]" name="beforeMethod" is-config="true" duration-ms="1" started-at="2019-07-18T12:45:08Z" finished-at="2019-07-18T12:45:08Z">
          <reporter-output>
          </reporter-output>
        </test-method> <!-- beforeMethod -->
        <test-method status="FAIL" signature="membersSocial()[pri:10, instance:snipp.test.bav.testcases.UAT_BavarianInnLoginCheckScreens@74a10858]" name="membersSocial" duration-ms="51" started-at="2019-07-18T12:45:08Z" finished-at="2019-07-18T12:45:08Z">
          <exception class="org.openqa.selenium.NoSuchElementException">
            <message>
              <![CDATA[no such element: Unable to locate element: {"method":"xpath","selector":"//*[contains(text(), 'Social')]"}
  (Session info: chrome=75.0.3770.142)
For documentation on this error, please visit: https://www.seleniumhq.org/exceptions/no_such_element.html
Build info: version: '3.141.59', revision: 'e82be7d358', time: '2018-11-14T08:17:03'
System info: host: 'DESKTOP-1UNN7PP', ip: '10.242.2.7', os.name: 'Windows 10', os.arch: 'amd64', os.version: '10.0', java.version: '1.8.0_192'
Driver info: org.openqa.selenium.chrome.ChromeDriver
Capabilities {acceptInsecureCerts: false, browserName: chrome, browserVersion: 75.0.3770.142, chrome: {chromedriverVersion: 75.0.3770.90 (a6dcaf7e3ec6f..., userDataDir: C:\Users\Kieran\AppData\Loc...}, goog:chromeOptions: {debuggerAddress: localhost:61172}, javascriptEnabled: true, networkConnectionEnabled: false, pageLoadStrategy: normal, platform: XP, platformName: XP, proxy: Proxy(), setWindowRect: true, strictFileInteractability: false, timeouts: {implicit: 0, pageLoad: 300000, script: 30000}, unhandledPromptBehavior: dismiss and notify}
Session ID: 50dfb9434563c10a90d9495748e736bc
*** Element info: {Using=xpath, value=//*[contains(text(), 'Social')]}]]>
            </message>
            <full-stacktrace>
              <![CDATA[org.openqa.selenium.NoSuchElementException: no such element: Unable to locate element: {"method":"xpath","selector":"//*[contains(text(), 'Social')]"}
  (Session info: chrome=75.0.3770.142)
For documentation on this error, please visit: https://www.seleniumhq.org/exceptions/no_such_element.html
Build info: version: '3.141.59', revision: 'e82be7d358', time: '2018-11-14T08:17:03'
System info: host: 'DESKTOP-1UNN7PP', ip: '10.242.2.7', os.name: 'Windows 10', os.arch: 'amd64', os.version: '10.0', java.version: '1.8.0_192'
Driver info: org.openqa.selenium.chrome.ChromeDriver
Capabilities {acceptInsecureCerts: false, browserName: chrome, browserVersion: 75.0.3770.142, chrome: {chromedriverVersion: 75.0.3770.90 (a6dcaf7e3ec6f..., userDataDir: C:\Users\Kieran\AppData\Loc...}, goog:chromeOptions: {debuggerAddress: localhost:61172}, javascriptEnabled: true, networkConnectionEnabled: false, pageLoadStrategy: normal, platform: XP, platformName: XP, proxy: Proxy(), setWindowRect: true, strictFileInteractability: false, timeouts: {implicit: 0, pageLoad: 300000, script: 30000}, unhandledPromptBehavior: dismiss and notify}
Session ID: 50dfb9434563c10a90d9495748e736bc
*** Element info: {Using=xpath, value=//*[contains(text(), 'Social')]}
	at sun.reflect.NativeConstructorAccessorImpl.newInstance0(Native Method)
	at sun.reflect.NativeConstructorAccessorImpl.newInstance(Unknown Source)
	at sun.reflect.DelegatingConstructorAccessorImpl.newInstance(Unknown Source)
	at java.lang.reflect.Constructor.newInstance(Unknown Source)
	at org.openqa.selenium.remote.http.W3CHttpResponseCodec.createException(W3CHttpResponseCodec.java:187)
	at org.openqa.selenium.remote.http.W3CHttpResponseCodec.decode(W3CHttpResponseCodec.java:122)
	at org.openqa.selenium.remote.http.W3CHttpResponseCodec.decode(W3CHttpResponseCodec.java:49)
	at org.openqa.selenium.remote.HttpCommandExecutor.execute(HttpCommandExecutor.java:158)
	at org.openqa.selenium.remote.service.DriverCommandExecutor.execute(DriverCommandExecutor.java:83)
	at org.openqa.selenium.remote.RemoteWebDriver.execute(RemoteWebDriver.java:552)
	at org.openqa.selenium.remote.RemoteWebDriver.findElement(RemoteWebDriver.java:323)
	at org.openqa.selenium.remote.RemoteWebDriver.findElementByXPath(RemoteWebDriver.java:428)
	at org.openqa.selenium.By$ByXPath.findElement(By.java:353)
	at org.openqa.selenium.remote.RemoteWebDriver.findElement(RemoteWebDriver.java:315)
	at snipp.test.bav.testcases.UAT_BavarianInnLoginCheckScreens.membersSocial(UAT_BavarianInnLoginCheckScreens.java:210)
	at sun.reflect.NativeMethodAccessorImpl.invoke0(Native Method)
	at sun.reflect.NativeMethodAccessorImpl.invoke(Unknown Source)
	at sun.reflect.DelegatingMethodAccessorImpl.invoke(Unknown Source)
	at java.lang.reflect.Method.invoke(Unknown Source)
	at org.testng.internal.MethodInvocationHelper.invokeMethod(MethodInvocationHelper.java:104)
	at org.testng.internal.Invoker.invokeMethod(Invoker.java:645)
	at org.testng.internal.Invoker.invokeTestMethod(Invoker.java:851)
	at org.testng.internal.Invoker.invokeTestMethods(Invoker.java:1177)
	at org.testng.internal.TestMethodWorker.invokeTestMethods(TestMethodWorker.java:129)
	at org.testng.internal.TestMethodWorker.run(TestMethodWorker.java:112)
	at org.testng.TestRunner.privateRun(TestRunner.java:756)
	at org.testng.TestRunner.run(TestRunner.java:610)
	at org.testng.SuiteRunner.runTest(SuiteRunner.java:387)
	at org.testng.SuiteRunner.runSequentially(SuiteRunner.java:382)
	at org.testng.SuiteRunner.privateRun(SuiteRunner.java:340)
	at org.testng.SuiteRunner.run(SuiteRunner.java:289)
	at org.testng.SuiteRunnerWorker.runSuite(SuiteRunnerWorker.java:52)
	at org.testng.SuiteRunnerWorker.run(SuiteRunnerWorker.java:86)
	at org.testng.TestNG.runSuitesSequentially(TestNG.java:1293)
	at org.testng.TestNG.runSuitesLocally(TestNG.java:1218)
	at org.testng.TestNG.runSuites(TestNG.java:1133)
	at org.testng.TestNG.run(TestNG.java:1104)
	at org.testng.remote.AbstractRemoteTestNG.run(AbstractRemoteTestNG.java:115)
	at org.testng.remote.RemoteTestNG.initAndRun(RemoteTestNG.java:251)
	at org.testng.remote.RemoteTestNG.main(RemoteTestNG.java:77)
]]>
            </full-stacktrace>
          </exception> <!-- org.openqa.selenium.NoSuchElementException -->
          <reporter-output>
          </reporter-output>
        </test-method> <!-- membersSocial -->
        <test-method status="PASS" signature="afterMethod()[pri:0, instance:snipp.test.bav.testcases.UAT_BavarianInnLoginCheckScreens@74a10858]" name="afterMethod" is-config="true" duration-ms="133" started-at="2019-07-18T12:45:08Z" finished-at="2019-07-18T12:45:08Z">
          <reporter-output>
          </reporter-output>
        </test-method> <!-- afterMethod -->
        <test-method status="PASS" signature="beforeMethod()[pri:0, instance:snipp.test.bav.testcases.UAT_BavarianInnLoginCheckScreens@74a10858]" name="beforeMethod" is-config="true" duration-ms="0" started-at="2019-07-18T12:45:08Z" finished-at="2019-07-18T12:45:08Z">
          <reporter-output>
          </reporter-output>
        </test-method> <!-- beforeMethod -->
        <test-method status="PASS" signature="logOutOfSite()[pri:11, instance:snipp.test.bav.testcases.UAT_BavarianInnLoginCheckScreens@74a10858]" name="logOutOfSite" duration-ms="1379" started-at="2019-07-18T12:45:08Z" finished-at="2019-07-18T12:45:10Z">
          <reporter-output>
          </reporter-output>
        </test-method> <!-- logOutOfSite -->
        <test-method status="PASS" signature="afterMethod()[pri:0, instance:snipp.test.bav.testcases.UAT_BavarianInnLoginCheckScreens@74a10858]" name="afterMethod" is-config="true" duration-ms="110" started-at="2019-07-18T12:45:10Z" finished-at="2019-07-18T12:45:10Z">
          <reporter-output>
          </reporter-output>
        </test-method> <!-- afterMethod -->
        <test-method status="PASS" signature="afterTest()[pri:0, instance:snipp.test.bav.testcases.UAT_BavarianInnLoginCheckScreens@74a10858]" name="afterTest" is-config="true" duration-ms="2867" started-at="2019-07-18T12:45:10Z" finished-at="2019-07-18T12:45:13Z">
          <reporter-output>
          </reporter-output>
        </test-method> <!-- afterTest -->
      </class> <!-- snipp.test.bav.testcases.UAT_BavarianInnLoginCheckScreens -->
    </test> <!-- UAT_BavarianInnLoginCheckScreens -->
    <test name="UAT_HomePageTest" duration-ms="39781" started-at="2019-07-18T11:45:13Z" finished-at="2019-07-18T11:45:52Z">
      <class name="snipp.test.bav.testcases.UAT_HomePageTest">
        <test-method status="PASS" signature="setUp()[pri:0, instance:snipp.test.bav.testcases.UAT_HomePageTest@51c8530f]" name="setUp" is-config="true" duration-ms="4" started-at="2019-07-18T12:45:13Z" finished-at="2019-07-18T12:45:13Z">
          <reporter-output>
          </reporter-output>
        </test-method> <!-- setUp -->
        <test-method status="PASS" signature="loginToSite()[pri:1, instance:snipp.test.bav.testcases.UAT_HomePageTest@51c8530f]" name="loginToSite" duration-ms="21" started-at="2019-07-18T12:45:13Z" finished-at="2019-07-18T12:45:13Z">
          <reporter-output>
          </reporter-output>
        </test-method> <!-- loginToSite -->
        <test-method status="PASS" signature="howItWorks()[pri:2, instance:snipp.test.bav.testcases.UAT_HomePageTest@51c8530f]" name="howItWorks" duration-ms="1556" started-at="2019-07-18T12:45:13Z" finished-at="2019-07-18T12:45:14Z">
          <reporter-output>
          </reporter-output>
        </test-method> <!-- howItWorks -->
        <test-method status="PASS" signature="register()[pri:3, instance:snipp.test.bav.testcases.UAT_HomePageTest@51c8530f]" name="register" duration-ms="2367" started-at="2019-07-18T12:45:14Z" finished-at="2019-07-18T12:45:17Z">
          <reporter-output>
          </reporter-output>
        </test-method> <!-- register -->
        <test-method status="PASS" signature="faq()[pri:4, instance:snipp.test.bav.testcases.UAT_HomePageTest@51c8530f]" name="faq" duration-ms="1611" started-at="2019-07-18T12:45:17Z" finished-at="2019-07-18T12:45:18Z">
          <reporter-output>
          </reporter-output>
        </test-method> <!-- faq -->
        <test-method status="PASS" signature="checkFacebook()[pri:5, instance:snipp.test.bav.testcases.UAT_HomePageTest@51c8530f]" name="checkFacebook" duration-ms="8802" started-at="2019-07-18T12:45:18Z" finished-at="2019-07-18T12:45:27Z">
          <reporter-output>
          </reporter-output>
        </test-method> <!-- checkFacebook -->
        <test-method status="PASS" signature="checkYoutube()[pri:6, instance:snipp.test.bav.testcases.UAT_HomePageTest@51c8530f]" name="checkYoutube" duration-ms="4715" started-at="2019-07-18T12:45:27Z" finished-at="2019-07-18T12:45:32Z">
          <reporter-output>
          </reporter-output>
        </test-method> <!-- checkYoutube -->
        <test-method status="PASS" signature="checkYelp()[pri:7, instance:snipp.test.bav.testcases.UAT_HomePageTest@51c8530f]" name="checkYelp" duration-ms="14675" started-at="2019-07-18T12:45:32Z" finished-at="2019-07-18T12:45:46Z">
          <reporter-output>
          </reporter-output>
        </test-method> <!-- checkYelp -->
        <test-method status="PASS" signature="checkTwitter()[pri:8, instance:snipp.test.bav.testcases.UAT_HomePageTest@51c8530f]" name="checkTwitter" duration-ms="5143" started-at="2019-07-18T12:45:46Z" finished-at="2019-07-18T12:45:52Z">
          <reporter-output>
          </reporter-output>
        </test-method> <!-- checkTwitter -->
        <test-method status="PASS" signature="tearDownTest()[pri:0, instance:snipp.test.bav.testcases.UAT_HomePageTest@51c8530f]" name="tearDownTest" is-config="true" duration-ms="868" started-at="2019-07-18T12:45:52Z" finished-at="2019-07-18T12:45:52Z">
          <reporter-output>
          </reporter-output>
        </test-method> <!-- tearDownTest -->
      </class> <!-- snipp.test.bav.testcases.UAT_HomePageTest -->
    </test> <!-- UAT_HomePageTest -->
    <test name="UAT_BavarianInnLoginUploadReciepts_Broken" duration-ms="43026" started-at="2019-07-18T11:45:52Z" finished-at="2019-07-18T11:46:35Z">
      <class name="snipp.test.bav.testcases.UAT_BavarianInnLoginUploadReciepts">
        <test-method status="PASS" signature="beforeTest()[pri:0, instance:snipp.test.bav.testcases.UAT_BavarianInnLoginUploadReciepts@22eeefeb]" name="beforeTest" is-config="true" duration-ms="0" started-at="2019-07-18T12:45:52Z" finished-at="2019-07-18T12:45:52Z">
          <reporter-output>
          </reporter-output>
        </test-method> <!-- beforeTest -->
        <test-method status="PASS" signature="setUp()[pri:0, instance:snipp.test.bav.testcases.UAT_BavarianInnLoginUploadReciepts@22eeefeb]" name="setUp" is-config="true" duration-ms="11" started-at="2019-07-18T12:45:52Z" finished-at="2019-07-18T12:45:52Z">
          <reporter-output>
          </reporter-output>
        </test-method> <!-- setUp -->
        <test-method status="PASS" signature="loginToSite()[pri:1, instance:snipp.test.bav.testcases.UAT_BavarianInnLoginUploadReciepts@22eeefeb]" name="loginToSite" duration-ms="20" started-at="2019-07-18T12:45:52Z" finished-at="2019-07-18T12:45:52Z">
          <reporter-output>
          </reporter-output>
        </test-method> <!-- loginToSite -->
        <test-method status="PASS" signature="enterDetails()[pri:2, instance:snipp.test.bav.testcases.UAT_BavarianInnLoginUploadReciepts@22eeefeb]" name="enterDetails" duration-ms="925" started-at="2019-07-18T12:45:52Z" finished-at="2019-07-18T12:45:53Z">
          <reporter-output>
          </reporter-output>
        </test-method> <!-- enterDetails -->
        <test-method status="PASS" signature="loginTitleTest()[pri:3, instance:snipp.test.bav.testcases.UAT_BavarianInnLoginUploadReciepts@22eeefeb]" name="loginTitleTest" duration-ms="3029" started-at="2019-07-18T12:45:53Z" finished-at="2019-07-18T12:45:56Z">
          <reporter-output>
          </reporter-output>
        </test-method> <!-- loginTitleTest -->
        <test-method status="FAIL" signature="WelcomeMessage()[pri:4, instance:snipp.test.bav.testcases.UAT_BavarianInnLoginUploadReciepts@22eeefeb]" name="WelcomeMessage" duration-ms="21" started-at="2019-07-18T12:45:56Z" finished-at="2019-07-18T12:45:56Z">
          <exception class="org.openqa.selenium.NoSuchElementException">
            <message>
              <![CDATA[no such element: Unable to locate element: {"method":"xpath","selector":"//*[contains(text(), 'Hi Michael')]"}
  (Session info: chrome=75.0.3770.142)
For documentation on this error, please visit: https://www.seleniumhq.org/exceptions/no_such_element.html
Build info: version: '3.141.59', revision: 'e82be7d358', time: '2018-11-14T08:17:03'
System info: host: 'DESKTOP-1UNN7PP', ip: '10.242.2.7', os.name: 'Windows 10', os.arch: 'amd64', os.version: '10.0', java.version: '1.8.0_192'
Driver info: org.openqa.selenium.chrome.ChromeDriver
Capabilities {acceptInsecureCerts: false, browserName: chrome, browserVersion: 75.0.3770.142, chrome: {chromedriverVersion: 75.0.3770.90 (a6dcaf7e3ec6f..., userDataDir: C:\Users\Kieran\AppData\Loc...}, goog:chromeOptions: {debuggerAddress: localhost:61354}, javascriptEnabled: true, networkConnectionEnabled: false, pageLoadStrategy: normal, platform: XP, platformName: XP, proxy: Proxy(), setWindowRect: true, strictFileInteractability: false, timeouts: {implicit: 0, pageLoad: 300000, script: 30000}, unhandledPromptBehavior: dismiss and notify}
Session ID: f59b127b3fcc6deb4ec78b0969576832
*** Element info: {Using=xpath, value=//*[contains(text(), 'Hi Michael')]}]]>
            </message>
            <full-stacktrace>
              <![CDATA[org.openqa.selenium.NoSuchElementException: no such element: Unable to locate element: {"method":"xpath","selector":"//*[contains(text(), 'Hi Michael')]"}
  (Session info: chrome=75.0.3770.142)
For documentation on this error, please visit: https://www.seleniumhq.org/exceptions/no_such_element.html
Build info: version: '3.141.59', revision: 'e82be7d358', time: '2018-11-14T08:17:03'
System info: host: 'DESKTOP-1UNN7PP', ip: '10.242.2.7', os.name: 'Windows 10', os.arch: 'amd64', os.version: '10.0', java.version: '1.8.0_192'
Driver info: org.openqa.selenium.chrome.ChromeDriver
Capabilities {acceptInsecureCerts: false, browserName: chrome, browserVersion: 75.0.3770.142, chrome: {chromedriverVersion: 75.0.3770.90 (a6dcaf7e3ec6f..., userDataDir: C:\Users\Kieran\AppData\Loc...}, goog:chromeOptions: {debuggerAddress: localhost:61354}, javascriptEnabled: true, networkConnectionEnabled: false, pageLoadStrategy: normal, platform: XP, platformName: XP, proxy: Proxy(), setWindowRect: true, strictFileInteractability: false, timeouts: {implicit: 0, pageLoad: 300000, script: 30000}, unhandledPromptBehavior: dismiss and notify}
Session ID: f59b127b3fcc6deb4ec78b0969576832
*** Element info: {Using=xpath, value=//*[contains(text(), 'Hi Michael')]}
	at sun.reflect.NativeConstructorAccessorImpl.newInstance0(Native Method)
	at sun.reflect.NativeConstructorAccessorImpl.newInstance(Unknown Source)
	at sun.reflect.DelegatingConstructorAccessorImpl.newInstance(Unknown Source)
	at java.lang.reflect.Constructor.newInstance(Unknown Source)
	at org.openqa.selenium.remote.http.W3CHttpResponseCodec.createException(W3CHttpResponseCodec.java:187)
	at org.openqa.selenium.remote.http.W3CHttpResponseCodec.decode(W3CHttpResponseCodec.java:122)
	at org.openqa.selenium.remote.http.W3CHttpResponseCodec.decode(W3CHttpResponseCodec.java:49)
	at org.openqa.selenium.remote.HttpCommandExecutor.execute(HttpCommandExecutor.java:158)
	at org.openqa.selenium.remote.service.DriverCommandExecutor.execute(DriverCommandExecutor.java:83)
	at org.openqa.selenium.remote.RemoteWebDriver.execute(RemoteWebDriver.java:552)
	at org.openqa.selenium.remote.RemoteWebDriver.findElement(RemoteWebDriver.java:323)
	at org.openqa.selenium.remote.RemoteWebDriver.findElementByXPath(RemoteWebDriver.java:428)
	at org.openqa.selenium.By$ByXPath.findElement(By.java:353)
	at org.openqa.selenium.remote.RemoteWebDriver.findElement(RemoteWebDriver.java:315)
	at snipp.test.bav.testcases.UAT_BavarianInnLoginUploadReciepts.WelcomeMessage(UAT_BavarianInnLoginUploadReciepts.java:178)
	at sun.reflect.NativeMethodAccessorImpl.invoke0(Native Method)
	at sun.reflect.NativeMethodAccessorImpl.invoke(Unknown Source)
	at sun.reflect.DelegatingMethodAccessorImpl.invoke(Unknown Source)
	at java.lang.reflect.Method.invoke(Unknown Source)
	at org.testng.internal.MethodInvocationHelper.invokeMethod(MethodInvocationHelper.java:104)
	at org.testng.internal.Invoker.invokeMethod(Invoker.java:645)
	at org.testng.internal.Invoker.invokeTestMethod(Invoker.java:851)
	at org.testng.internal.Invoker.invokeTestMethods(Invoker.java:1177)
	at org.testng.internal.TestMethodWorker.invokeTestMethods(TestMethodWorker.java:129)
	at org.testng.internal.TestMethodWorker.run(TestMethodWorker.java:112)
	at org.testng.TestRunner.privateRun(TestRunner.java:756)
	at org.testng.TestRunner.run(TestRunner.java:610)
	at org.testng.SuiteRunner.runTest(SuiteRunner.java:387)
	at org.testng.SuiteRunner.runSequentially(SuiteRunner.java:382)
	at org.testng.SuiteRunner.privateRun(SuiteRunner.java:340)
	at org.testng.SuiteRunner.run(SuiteRunner.java:289)
	at org.testng.SuiteRunnerWorker.runSuite(SuiteRunnerWorker.java:52)
	at org.testng.SuiteRunnerWorker.run(SuiteRunnerWorker.java:86)
	at org.testng.TestNG.runSuitesSequentially(TestNG.java:1293)
	at org.testng.TestNG.runSuitesLocally(TestNG.java:1218)
	at org.testng.TestNG.runSuites(TestNG.java:1133)
	at org.testng.TestNG.run(TestNG.java:1104)
	at org.testng.remote.AbstractRemoteTestNG.run(AbstractRemoteTestNG.java:115)
	at org.testng.remote.RemoteTestNG.initAndRun(RemoteTestNG.java:251)
	at org.testng.remote.RemoteTestNG.main(RemoteTestNG.java:77)
]]>
            </full-stacktrace>
          </exception> <!-- org.openqa.selenium.NoSuchElementException -->
          <reporter-output>
          </reporter-output>
        </test-method> <!-- WelcomeMessage -->
        <test-method status="FAIL" signature="uploadReciept()[pri:5, instance:snipp.test.bav.testcases.UAT_BavarianInnLoginUploadReciepts@22eeefeb]" name="uploadReciept" duration-ms="2035" started-at="2019-07-18T12:45:56Z" finished-at="2019-07-18T12:45:58Z">
          <exception class="org.openqa.selenium.NoSuchElementException">
            <message>
              <![CDATA[no such element: Unable to locate element: {"method":"xpath","selector":"//*[contains(text(), 'Upload Receipt')]"}
  (Session info: chrome=75.0.3770.142)
For documentation on this error, please visit: https://www.seleniumhq.org/exceptions/no_such_element.html
Build info: version: '3.141.59', revision: 'e82be7d358', time: '2018-11-14T08:17:03'
System info: host: 'DESKTOP-1UNN7PP', ip: '10.242.2.7', os.name: 'Windows 10', os.arch: 'amd64', os.version: '10.0', java.version: '1.8.0_192'
Driver info: org.openqa.selenium.chrome.ChromeDriver
Capabilities {acceptInsecureCerts: false, browserName: chrome, browserVersion: 75.0.3770.142, chrome: {chromedriverVersion: 75.0.3770.90 (a6dcaf7e3ec6f..., userDataDir: C:\Users\Kieran\AppData\Loc...}, goog:chromeOptions: {debuggerAddress: localhost:61354}, javascriptEnabled: true, networkConnectionEnabled: false, pageLoadStrategy: normal, platform: XP, platformName: XP, proxy: Proxy(), setWindowRect: true, strictFileInteractability: false, timeouts: {implicit: 0, pageLoad: 300000, script: 30000}, unhandledPromptBehavior: dismiss and notify}
Session ID: f59b127b3fcc6deb4ec78b0969576832
*** Element info: {Using=xpath, value=//*[contains(text(), 'Upload Receipt')]}]]>
            </message>
            <full-stacktrace>
              <![CDATA[org.openqa.selenium.NoSuchElementException: no such element: Unable to locate element: {"method":"xpath","selector":"//*[contains(text(), 'Upload Receipt')]"}
  (Session info: chrome=75.0.3770.142)
For documentation on this error, please visit: https://www.seleniumhq.org/exceptions/no_such_element.html
Build info: version: '3.141.59', revision: 'e82be7d358', time: '2018-11-14T08:17:03'
System info: host: 'DESKTOP-1UNN7PP', ip: '10.242.2.7', os.name: 'Windows 10', os.arch: 'amd64', os.version: '10.0', java.version: '1.8.0_192'
Driver info: org.openqa.selenium.chrome.ChromeDriver
Capabilities {acceptInsecureCerts: false, browserName: chrome, browserVersion: 75.0.3770.142, chrome: {chromedriverVersion: 75.0.3770.90 (a6dcaf7e3ec6f..., userDataDir: C:\Users\Kieran\AppData\Loc...}, goog:chromeOptions: {debuggerAddress: localhost:61354}, javascriptEnabled: true, networkConnectionEnabled: false, pageLoadStrategy: normal, platform: XP, platformName: XP, proxy: Proxy(), setWindowRect: true, strictFileInteractability: false, timeouts: {implicit: 0, pageLoad: 300000, script: 30000}, unhandledPromptBehavior: dismiss and notify}
Session ID: f59b127b3fcc6deb4ec78b0969576832
*** Element info: {Using=xpath, value=//*[contains(text(), 'Upload Receipt')]}
	at sun.reflect.NativeConstructorAccessorImpl.newInstance0(Native Method)
	at sun.reflect.NativeConstructorAccessorImpl.newInstance(Unknown Source)
	at sun.reflect.DelegatingConstructorAccessorImpl.newInstance(Unknown Source)
	at java.lang.reflect.Constructor.newInstance(Unknown Source)
	at org.openqa.selenium.remote.http.W3CHttpResponseCodec.createException(W3CHttpResponseCodec.java:187)
	at org.openqa.selenium.remote.http.W3CHttpResponseCodec.decode(W3CHttpResponseCodec.java:122)
	at org.openqa.selenium.remote.http.W3CHttpResponseCodec.decode(W3CHttpResponseCodec.java:49)
	at org.openqa.selenium.remote.HttpCommandExecutor.execute(HttpCommandExecutor.java:158)
	at org.openqa.selenium.remote.service.DriverCommandExecutor.execute(DriverCommandExecutor.java:83)
	at org.openqa.selenium.remote.RemoteWebDriver.execute(RemoteWebDriver.java:552)
	at org.openqa.selenium.remote.RemoteWebDriver.findElement(RemoteWebDriver.java:323)
	at org.openqa.selenium.remote.RemoteWebDriver.findElementByXPath(RemoteWebDriver.java:428)
	at org.openqa.selenium.By$ByXPath.findElement(By.java:353)
	at org.openqa.selenium.remote.RemoteWebDriver.findElement(RemoteWebDriver.java:315)
	at snipp.test.bav.testcases.UAT_BavarianInnLoginUploadReciepts.uploadReciept(UAT_BavarianInnLoginUploadReciepts.java:193)
	at sun.reflect.NativeMethodAccessorImpl.invoke0(Native Method)
	at sun.reflect.NativeMethodAccessorImpl.invoke(Unknown Source)
	at sun.reflect.DelegatingMethodAccessorImpl.invoke(Unknown Source)
	at java.lang.reflect.Method.invoke(Unknown Source)
	at org.testng.internal.MethodInvocationHelper.invokeMethod(MethodInvocationHelper.java:104)
	at org.testng.internal.Invoker.invokeMethod(Invoker.java:645)
	at org.testng.internal.Invoker.invokeTestMethod(Invoker.java:851)
	at org.testng.internal.Invoker.invokeTestMethods(Invoker.java:1177)
	at org.testng.internal.TestMethodWorker.invokeTestMethods(TestMethodWorker.java:129)
	at org.testng.internal.TestMethodWorker.run(TestMethodWorker.java:112)
	at org.testng.TestRunner.privateRun(TestRunner.java:756)
	at org.testng.TestRunner.run(TestRunner.java:610)
	at org.testng.SuiteRunner.runTest(SuiteRunner.java:387)
	at org.testng.SuiteRunner.runSequentially(SuiteRunner.java:382)
	at org.testng.SuiteRunner.privateRun(SuiteRunner.java:340)
	at org.testng.SuiteRunner.run(SuiteRunner.java:289)
	at org.testng.SuiteRunnerWorker.runSuite(SuiteRunnerWorker.java:52)
	at org.testng.SuiteRunnerWorker.run(SuiteRunnerWorker.java:86)
	at org.testng.TestNG.runSuitesSequentially(TestNG.java:1293)
	at org.testng.TestNG.runSuitesLocally(TestNG.java:1218)
	at org.testng.TestNG.runSuites(TestNG.java:1133)
	at org.testng.TestNG.run(TestNG.java:1104)
	at org.testng.remote.AbstractRemoteTestNG.run(AbstractRemoteTestNG.java:115)
	at org.testng.remote.RemoteTestNG.initAndRun(RemoteTestNG.java:251)
	at org.testng.remote.RemoteTestNG.main(RemoteTestNG.java:77)
]]>
            </full-stacktrace>
          </exception> <!-- org.openqa.selenium.NoSuchElementException -->
          <reporter-output>
          </reporter-output>
        </test-method> <!-- uploadReciept -->
        <test-method status="FAIL" signature="uploadButtomSelection()[pri:6, instance:snipp.test.bav.testcases.UAT_BavarianInnLoginUploadReciepts@22eeefeb]" name="uploadButtomSelection" duration-ms="2026" started-at="2019-07-18T12:45:58Z" finished-at="2019-07-18T12:46:00Z">
          <exception class="org.openqa.selenium.NoSuchElementException">
            <message>
              <![CDATA[no such element: Unable to locate element: {"method":"xpath","selector":"//input[@type='file']"}
  (Session info: chrome=75.0.3770.142)
For documentation on this error, please visit: https://www.seleniumhq.org/exceptions/no_such_element.html
Build info: version: '3.141.59', revision: 'e82be7d358', time: '2018-11-14T08:17:03'
System info: host: 'DESKTOP-1UNN7PP', ip: '10.242.2.7', os.name: 'Windows 10', os.arch: 'amd64', os.version: '10.0', java.version: '1.8.0_192'
Driver info: org.openqa.selenium.chrome.ChromeDriver
Capabilities {acceptInsecureCerts: false, browserName: chrome, browserVersion: 75.0.3770.142, chrome: {chromedriverVersion: 75.0.3770.90 (a6dcaf7e3ec6f..., userDataDir: C:\Users\Kieran\AppData\Loc...}, goog:chromeOptions: {debuggerAddress: localhost:61354}, javascriptEnabled: true, networkConnectionEnabled: false, pageLoadStrategy: normal, platform: XP, platformName: XP, proxy: Proxy(), setWindowRect: true, strictFileInteractability: false, timeouts: {implicit: 0, pageLoad: 300000, script: 30000}, unhandledPromptBehavior: dismiss and notify}
Session ID: f59b127b3fcc6deb4ec78b0969576832
*** Element info: {Using=xpath, value=//input[@type='file']}]]>
            </message>
            <full-stacktrace>
              <![CDATA[org.openqa.selenium.NoSuchElementException: no such element: Unable to locate element: {"method":"xpath","selector":"//input[@type='file']"}
  (Session info: chrome=75.0.3770.142)
For documentation on this error, please visit: https://www.seleniumhq.org/exceptions/no_such_element.html
Build info: version: '3.141.59', revision: 'e82be7d358', time: '2018-11-14T08:17:03'
System info: host: 'DESKTOP-1UNN7PP', ip: '10.242.2.7', os.name: 'Windows 10', os.arch: 'amd64', os.version: '10.0', java.version: '1.8.0_192'
Driver info: org.openqa.selenium.chrome.ChromeDriver
Capabilities {acceptInsecureCerts: false, browserName: chrome, browserVersion: 75.0.3770.142, chrome: {chromedriverVersion: 75.0.3770.90 (a6dcaf7e3ec6f..., userDataDir: C:\Users\Kieran\AppData\Loc...}, goog:chromeOptions: {debuggerAddress: localhost:61354}, javascriptEnabled: true, networkConnectionEnabled: false, pageLoadStrategy: normal, platform: XP, platformName: XP, proxy: Proxy(), setWindowRect: true, strictFileInteractability: false, timeouts: {implicit: 0, pageLoad: 300000, script: 30000}, unhandledPromptBehavior: dismiss and notify}
Session ID: f59b127b3fcc6deb4ec78b0969576832
*** Element info: {Using=xpath, value=//input[@type='file']}
	at sun.reflect.NativeConstructorAccessorImpl.newInstance0(Native Method)
	at sun.reflect.NativeConstructorAccessorImpl.newInstance(Unknown Source)
	at sun.reflect.DelegatingConstructorAccessorImpl.newInstance(Unknown Source)
	at java.lang.reflect.Constructor.newInstance(Unknown Source)
	at org.openqa.selenium.remote.http.W3CHttpResponseCodec.createException(W3CHttpResponseCodec.java:187)
	at org.openqa.selenium.remote.http.W3CHttpResponseCodec.decode(W3CHttpResponseCodec.java:122)
	at org.openqa.selenium.remote.http.W3CHttpResponseCodec.decode(W3CHttpResponseCodec.java:49)
	at org.openqa.selenium.remote.HttpCommandExecutor.execute(HttpCommandExecutor.java:158)
	at org.openqa.selenium.remote.service.DriverCommandExecutor.execute(DriverCommandExecutor.java:83)
	at org.openqa.selenium.remote.RemoteWebDriver.execute(RemoteWebDriver.java:552)
	at org.openqa.selenium.remote.RemoteWebDriver.findElement(RemoteWebDriver.java:323)
	at org.openqa.selenium.remote.RemoteWebDriver.findElementByXPath(RemoteWebDriver.java:428)
	at org.openqa.selenium.By$ByXPath.findElement(By.java:353)
	at org.openqa.selenium.remote.RemoteWebDriver.findElement(RemoteWebDriver.java:315)
	at snipp.test.bav.testcases.UAT_BavarianInnLoginUploadReciepts.uploadButtomSelection(UAT_BavarianInnLoginUploadReciepts.java:212)
	at sun.reflect.NativeMethodAccessorImpl.invoke0(Native Method)
	at sun.reflect.NativeMethodAccessorImpl.invoke(Unknown Source)
[...]
Driver info: org.openqa.selenium.chrome.ChromeDriver
Capabilities {acceptInsecureCerts: false, browserName: chrome, browserVersion: 75.0.3770.142, chrome: {chromedriverVersion: 75.0.3770.90 (a6dcaf7e3ec6f..., userDataDir: C:\Users\Kieran\AppData\Loc...}, goog:chromeOptions: {debuggerAddress: localhost:61354}, javascriptEnabled: true, networkConnectionEnabled: false, pageLoadStrategy: normal, platform: XP, platformName: XP, proxy: Proxy(), setWindowRect: true, strictFileInteractability: false, timeouts: {implicit: 0, pageLoad: 300000, script: 30000}, unhandledPromptBehavior: dismiss and notify}
Session ID: f59b127b3fcc6deb4ec78b0969576832
*** Element info: {Using=xpath, value=//*[@id="receiptPage"]/div/div/div[4]/div/div/div/div/div/div/table/tbody/tr[1]/td[2]/span[1]}]]>
            </message>
            <full-stacktrace>
              <![CDATA[org.openqa.selenium.NoSuchElementException: no such element: Unable to locate element: {"method":"xpath","selector":"//*[@id="receiptPage"]/div/div/div[4]/div/div/div/div/div/div/table/tbody/tr[1]/td[2]/span[1]"}
  (Session info: chrome=75.0.3770.142)
For documentation on this error, please visit: https://www.seleniumhq.org/exceptions/no_such_element.html
Build info: version: '3.141.59', revision: 'e82be7d358', time: '2018-11-14T08:17:03'
System info: host: 'DESKTOP-1UNN7PP', ip: '10.242.2.7', os.name: 'Windows 10', os.arch: 'amd64', os.version: '10.0', java.version: '1.8.0_192'
Driver info: org.openqa.selenium.chrome.ChromeDriver
Capabilities {acceptInsecureCerts: false, browserName: chrome, browserVersion: 75.0.3770.142, chrome: {chromedriverVersion: 75.0.3770.90 (a6dcaf7e3ec6f..., userDataDir: C:\Users\Kieran\AppData\Loc...}, goog:chromeOptions: {debuggerAddress: localhost:61354}, javascriptEnabled: true, networkConnectionEnabled: false, pageLoadStrategy: normal, platform: XP, platformName: XP, proxy: Proxy(), setWindowRect: true, strictFileInteractability: false, timeouts: {implicit: 0, pageLoad: 300000, script: 30000}, unhandledPromptBehavior: dismiss and notify}
Session ID: f59b127b3fcc6deb4ec78b0969576832
*** Element info: {Using=xpath, value=//*[@id="receiptPage"]/div/div/div[4]/div/div/div/div/div/div/table/tbody/tr[1]/td[2]/span[1]}
	at sun.reflect.NativeConstructorAccessorImpl.newInstance0(Native Method)
	at sun.reflect.NativeConstructorAccessorImpl.newInstance(Unknown Source)
	at sun.reflect.DelegatingConstructorAccessorImpl.newInstance(Unknown Source)
	at java.lang.reflect.Constructor.newInstance(Unknown Source)
	at org.openqa.selenium.remote.http.W3CHttpResponseCodec.createException(W3CHttpResponseCodec.java:187)
	at org.openqa.selenium.remote.http.W3CHttpResponseCodec.decode(W3CHttpResponseCodec.java:122)
	at org.openqa.selenium.remote.http.W3CHttpResponseCodec.decode(W3CHttpResponseCodec.java:49)
	at org.openqa.selenium.remote.HttpCommandExecutor.execute(HttpCommandExecutor.java:158)
	at org.openqa.selenium.remote.service.DriverCommandExecutor.execute(DriverCommandExecutor.java:83)
	at org.openqa.selenium.remote.RemoteWebDriver.execute(RemoteWebDriver.java:552)
	at org.openqa.selenium.remote.RemoteWebDriver.findElement(RemoteWebDriver.java:323)
	at org.openqa.selenium.remote.RemoteWebDriver.findElementByXPath(RemoteWebDriver.java:428)
	at org.openqa.selenium.By$ByXPath.findElement(By.java:353)
	at org.openqa.selenium.remote.RemoteWebDriver.findElement(RemoteWebDriver.java:315)
	at snipp.test.bav.testcases.UAT_BavarianInnLoginUploadReciepts.verifyUploadQUEUEDStatus(UAT_BavarianInnLoginUploadReciepts.java:257)
	at sun.reflect.NativeMethodAccessorImpl.invoke0(Native Method)
	at sun.reflect.NativeMethodAccessorImpl.invoke(Unknown Source)
	at sun.reflect.DelegatingMethodAccessorImpl.invoke(Unknown Source)
	at java.lang.reflect.Method.invoke(Unknown Source)
	at org.testng.internal.MethodInvocationHelper.invokeMethod(MethodInvocationHelper.java:104)
	at org.testng.internal.Invoker.invokeMethod(Invoker.java:645)
	at org.testng.internal.Invoker.invokeTestMethod(Invoker.java:851)
	at org.testng.internal.Invoker.invokeTestMethods(Invoker.java:1177)
	at org.testng.internal.TestMethodWorker.invokeTestMethods(TestMethodWorker.java:129)
	at org.testng.internal.TestMethodWorker.run(TestMethodWorker.java:112)
	at org.testng.TestRunner.privateRun(TestRunner.java:756)
	at org.testng.TestRunner.run(TestRunner.java:610)
	at org.testng.SuiteRunner.runTest(SuiteRunner.java:387)
	at org.testng.SuiteRunner.runSequentially(SuiteRunner.java:382)
	at org.testng.SuiteRunner.privateRun(SuiteRunner.java:340)
	at org.testng.SuiteRunner.run(SuiteRunner.java:289)
	at org.testng.SuiteRunnerWorker.runSuite(SuiteRunnerWorker.java:52)
	at org.testng.SuiteRunnerWorker.run(SuiteRunnerWorker.java:86)
	at org.testng.TestNG.runSuitesSequentially(TestNG.java:1293)
	at org.testng.TestNG.runSuitesLocally(TestNG.java:1218)
	at org.testng.TestNG.runSuites(TestNG.java:1133)
	at org.testng.TestNG.run(TestNG.java:1104)
	at org.testng.remote.AbstractRemoteTestNG.run(AbstractRemoteTestNG.java:115)
	at org.testng.remote.RemoteTestNG.initAndRun(RemoteTestNG.java:251)
	at org.testng.remote.RemoteTestNG.main(RemoteTestNG.java:77)
]]>
            </full-stacktrace>
          </exception> <!-- org.openqa.selenium.NoSuchElementException -->
          <reporter-output>
          </reporter-output>
        </test-method> <!-- verifyUploadQUEUEDStatus -->
        <test-method status="FAIL" signature="viewReciept()[pri:9, instance:snipp.test.bav.testcases.UAT_BavarianInnLoginUploadReciepts@22eeefeb]" name="viewReciept" duration-ms="75" started-at="2019-07-18T12:46:31Z" finished-at="2019-07-18T12:46:32Z">
          <exception class="java.lang.AssertionError">
            <message>
              <![CDATA[Failed viewReciept does not work????]]>
            </message>
            <full-stacktrace>
              <![CDATA[java.lang.AssertionError: Failed viewReciept does not work????
	at org.testng.Assert.fail(Assert.java:94)
	at snipp.test.bav.testcases.UAT_BavarianInnLoginUploadReciepts.viewReciept(UAT_BavarianInnLoginUploadReciepts.java:297)
	at sun.reflect.NativeMethodAccessorImpl.invoke0(Native Method)
	at sun.reflect.NativeMethodAccessorImpl.invoke(Unknown Source)
	at sun.reflect.DelegatingMethodAccessorImpl.invoke(Unknown Source)
	at java.lang.reflect.Method.invoke(Unknown Source)
	at org.testng.internal.MethodInvocationHelper.invokeMethod(MethodInvocationHelper.java:104)
	at org.testng.internal.Invoker.invokeMethod(Invoker.java:645)
	at org.testng.internal.Invoker.invokeTestMethod(Invoker.java:851)
	at org.testng.internal.Invoker.invokeTestMethods(Invoker.java:1177)
	at org.testng.internal.TestMethodWorker.invokeTestMethods(TestMethodWorker.java:129)
	at org.testng.internal.TestMethodWorker.run(TestMethodWorker.java:112)
	at org.testng.TestRunner.privateRun(TestRunner.java:756)
	at org.testng.TestRunner.run(TestRunner.java:610)
	at org.testng.SuiteRunner.runTest(SuiteRunner.java:387)
	at org.testng.SuiteRunner.runSequentially(SuiteRunner.java:382)
	at org.testng.SuiteRunner.privateRun(SuiteRunner.java:340)
	at org.testng.SuiteRunner.run(SuiteRunner.java:289)
	at org.testng.SuiteRunnerWorker.runSuite(SuiteRunnerWorker.java:52)
	at org.testng.SuiteRunnerWorker.run(SuiteRunnerWorker.java:86)
	at org.testng.TestNG.runSuitesSequentially(TestNG.java:1293)
	at org.testng.TestNG.runSuitesLocally(TestNG.java:1218)
	at org.testng.TestNG.runSuites(TestNG.java:1133)
	at org.testng.TestNG.run(TestNG.java:1104)
	at org.testng.remote.AbstractRemoteTestNG.run(AbstractRemoteTestNG.java:115)
	at org.testng.remote.RemoteTestNG.initAndRun(RemoteTestNG.java:251)
	at org.testng.remote.RemoteTestNG.main(RemoteTestNG.java:77)
]]>
            </full-stacktrace>
          </exception> <!-- java.lang.AssertionError -->
          <reporter-output>
          </reporter-output>
        </test-method> <!-- viewReciept -->
        <test-method status="PASS" signature="logOutOfSite()[pri:10, instance:snipp.test.bav.testcases.UAT_BavarianInnLoginUploadReciepts@22eeefeb]" name="logOutOfSite" duration-ms="1186" started-at="2019-07-18T12:46:32Z" finished-at="2019-07-18T12:46:33Z">
          <reporter-output>
          </reporter-output>
        </test-method> <!-- logOutOfSite -->
        <test-method status="PASS" signature="tearDownTest()[pri:0, instance:snipp.test.bav.testcases.UAT_BavarianInnLoginUploadReciepts@22eeefeb]" name="tearDownTest" is-config="true" duration-ms="2710" started-at="2019-07-18T12:46:33Z" finished-at="2019-07-18T12:46:35Z">
          <reporter-output>
          </reporter-output>
        </test-method> <!-- tearDownTest -->
      </class> <!-- snipp.test.bav.testcases.UAT_BavarianInnLoginUploadReciepts -->
    </test> <!-- UAT_BavarianInnLoginUploadReciepts_Broken -->
    <test name="UAT_ExcelDataProviderFull_POM_Broken" duration-ms="12479" started-at="2019-07-18T11:46:35Z" finished-at="2019-07-18T11:46:48Z">
      <class name="snipp.test.bav.testcases.UAT_ExcelDataProviderFull_POM">
        <test-method status="PASS" signature="setUp()[pri:0, instance:snipp.test.bav.testcases.UAT_ExcelDataProviderFull_POM@18bf3d14]" name="setUp" is-config="true" duration-ms="3" started-at="2019-07-18T12:46:35Z" finished-at="2019-07-18T12:46:35Z">
          <reporter-output>
          </reporter-output>
        </test-method> <!-- setUp -->
        <test-method status="PASS" signature="loginToSite()[pri:1, instance:snipp.test.bav.testcases.UAT_ExcelDataProviderFull_POM@18bf3d14]" name="loginToSite" duration-ms="21" started-at="2019-07-18T12:46:35Z" finished-at="2019-07-18T12:46:35Z">
          <reporter-output>
          </reporter-output>
        </test-method> <!-- loginToSite -->
        <test-method status="PASS" signature="enterDetails()[pri:2, instance:snipp.test.bav.testcases.UAT_ExcelDataProviderFull_POM@18bf3d14]" name="enterDetails" duration-ms="1351" started-at="2019-07-18T12:46:35Z" finished-at="2019-07-18T12:46:37Z">
          <reporter-output>
          </reporter-output>
        </test-method> <!-- enterDetails -->
        <test-method status="PASS" signature="test1(java.lang.String, java.lang.String, java.lang.String, java.lang.String, java.lang.String, java.lang.String, java.lang.String, java.lang.String, java.lang.String, java.lang.String, java.lang.String, java.lang.String, java.lang.String, java.lang.String, java.lang.String)[pri:3, instance:snipp.test.bav.testcases.UAT_ExcelDataProviderFull_POM@18bf3d14]" name="test1" duration-ms="9146" started-at="2019-07-18T12:46:38Z" data-provider="test1data" finished-at="2019-07-18T12:46:47Z">
          <params>
            <param index="0">
              <value>
                <![CDATA[UserfirstNamex]]>
              </value>
            </param>
            <param index="1">
              <value>
                <![CDATA[UserlastNamex]]>
              </value>
            </param>
            <param index="2">
              <value>
                <![CDATA[email@email.com]]>
              </value>
            </param>
            <param index="3">
              <value>
                <![CDATA[Password1]]>
              </value>
            </param>
            <param index="4">
              <value>
                <![CDATA[Password1]]>
              </value>
            </param>
            <param index="5">
              <value>
                <![CDATA[02/031977]]>
              </value>
            </param>
            <param index="6">
              <value>
                <![CDATA[604555555]]>
              </value>
            </param>
            <param index="7">
              <value>
                <![CDATA[12344567]]>
              </value>
            </param>
            <param index="8">
              <value>
                <![CDATA[Canada]]>
              </value>
            </param>
            <param index="9">
              <value>
                <![CDATA[Yukon]]>
              </value>
            </param>
            <param index="10">
              <value>
                <![CDATA[addressLinex]]>
              </value>
            </param>
            <param index="11">
              <value>
                <![CDATA[addressLinex]]>
              </value>
            </param>
            <param index="12">
              <value>
                <![CDATA[Vancouver]]>
              </value>
            </param>
            <param index="13">
              <value>
                <![CDATA[DDDD]]>
              </value>
            </param>
            <param index="14">
              <value>
                <![CDATA[Cork]]>
              </value>
            </param>
          </params>
          <reporter-output>
          </reporter-output>
        </test-method> <!-- test1 -->
        <test-method status="PASS" signature="afterTest()[pri:0, instance:snipp.test.bav.testcases.UAT_ExcelDataProviderFull_POM@18bf3d14]" name="afterTest" is-config="true" duration-ms="803" started-at="2019-07-18T12:46:47Z" finished-at="2019-07-18T12:46:48Z">
          <reporter-output>
          </reporter-output>
        </test-method> <!-- afterTest -->
      </class> <!-- snipp.test.bav.testcases.UAT_ExcelDataProviderFull_POM -->
    </test> <!-- UAT_ExcelDataProviderFull_POM_Broken -->
    <test name="UAT_RegisterPageTestCanada_Broken" duration-ms="10169" started-at="2019-07-18T11:46:48Z" finished-at="2019-07-18T11:46:58Z">
      <class name="snipp.test.bav.testcases.UAT_RegisterPageTestCanada">
        <test-method status="PASS" signature="setUp()[pri:0, instance:snipp.test.bav.testcases.UAT_RegisterPageTestCanada@9301672]" name="setUp" is-config="true" duration-ms="8" started-at="2019-07-18T12:46:48Z" finished-at="2019-07-18T12:46:48Z">
          <reporter-output>
          </reporter-output>
        </test-method> <!-- setUp -->
        <test-method status="PASS" signature="loginToSite()[pri:1, instance:snipp.test.bav.testcases.UAT_RegisterPageTestCanada@9301672]" name="loginToSite" duration-ms="16" started-at="2019-07-18T12:46:48Z" finished-at="2019-07-18T12:46:48Z">
          <reporter-output>
          </reporter-output>
        </test-method> <!-- loginToSite -->
        <test-method status="PASS" signature="enterDetails()[pri:2, instance:snipp.test.bav.testcases.UAT_RegisterPageTestCanada@9301672]" name="enterDetails" duration-ms="1058" started-at="2019-07-18T12:46:48Z" finished-at="2019-07-18T12:46:49Z">
          <reporter-output>
          </reporter-output>
        </test-method> <!-- enterDetails -->
        <test-method status="PASS" signature="enterForm()[pri:0, instance:snipp.test.bav.testcases.UAT_RegisterPageTestCanada@9301672]" name="enterForm" duration-ms="8317" started-at="2019-07-18T12:46:49Z" depends-on-methods="snipp.test.bav.testcases.UAT_RegisterPageTestCanada.enterDetails" finished-at="2019-07-18T12:46:57Z">
          <reporter-output>
          </reporter-output>
        </test-method> <!-- enterForm -->
        <test-method status="PASS" signature="afterTest()[pri:0, instance:snipp.test.bav.testcases.UAT_RegisterPageTestCanada@9301672]" name="afterTest" is-config="true" duration-ms="764" started-at="2019-07-18T12:46:57Z" finished-at="2019-07-18T12:46:58Z">
          <reporter-output>
          </reporter-output>
        </test-method> <!-- afterTest -->
      </class> <!-- snipp.test.bav.testcases.UAT_RegisterPageTestCanada -->
      <class name="snipp.test.bav.testcases.UAT_BavarianInnBrokenLinks">
        <test-method status="PASS" signature="launchBrowser()[pri:0, instance:snipp.test.bav.testcases.UAT_BavarianInnBrokenLinks@612fc6eb]" name="launchBrowser" is-config="true" duration-ms="9559" started-at="2019-07-18T12:43:51Z" finished-at="2019-07-18T12:44:00Z">
          <reporter-output>
          </reporter-output>
        </test-method> <!-- launchBrowser -->
        <test-method status="PASS" signature="launchBrowser()[pri:0, instance:snipp.test.bav.testcases.UAT_BavarianInnLoginCheckScreens@74a10858]" name="launchBrowser" is-config="true" duration-ms="14884" started-at="2019-07-18T12:44:00Z" finished-at="2019-07-18T12:44:15Z">
          <reporter-output>
          </reporter-output>
        </test-method> <!-- launchBrowser -->
        <test-method status="PASS" signature="launchBrowser()[pri:0, instance:snipp.test.bav.testcases.UAT_HomePageTest@51c8530f]" name="launchBrowser" is-config="true" duration-ms="8405" started-at="2019-07-18T12:44:15Z" finished-at="2019-07-18T12:44:24Z">
          <reporter-output>
          </reporter-output>
        </test-method> <!-- launchBrowser -->
        <test-method status="PASS" signature="launchBrowser()[pri:0, instance:snipp.test.bav.testcases.UAT_BavarianInnLoginUploadReciepts@22eeefeb]" name="launchBrowser" is-config="true" duration-ms="7547" started-at="2019-07-18T12:44:24Z" finished-at="2019-07-18T12:44:31Z">
          <reporter-output>
          </reporter-output>
        </test-method> <!-- launchBrowser -->
        <test-method status="PASS" signature="launchBrowser()[pri:0, instance:snipp.test.bav.testcases.UAT_ExcelDataProviderFull_POM@18bf3d14]" name="launchBrowser" is-config="true" duration-ms="7181" started-at="2019-07-18T12:44:31Z" finished-at="2019-07-18T12:44:38Z">
          <reporter-output>
          </reporter-output>
        </test-method> <!-- launchBrowser -->
        <test-method status="PASS" signature="launchBrowser()[pri:0, instance:snipp.test.bav.testcases.UAT_RegisterPageTestCanada@9301672]" name="launchBrowser" is-config="true" duration-ms="9014" started-at="2019-07-18T12:44:38Z" finished-at="2019-07-18T12:44:47Z">
          <reporter-output>
          </reporter-output>
        </test-method> <!-- launchBrowser -->
        <test-method status="PASS" signature="tearDown()[pri:0, instance:snipp.test.bav.testcases.UAT_BavarianInnBrokenLinks@612fc6eb]" name="tearDown" is-config="true" duration-ms="2742" started-at="2019-07-18T12:46:58Z" finished-at="2019-07-18T12:47:01Z">
          <reporter-output>
          </reporter-output>
        </test-method> <!-- tearDown -->
        <test-method status="PASS" signature="generateTestNG()[pri:0, instance:snipp.test.bav.testcases.UAT_BavarianInnLoginCheckScreens@74a10858]" name="generateTestNG" is-config="true" duration-ms="1" started-at="2019-07-18T12:47:01Z" finished-at="2019-07-18T12:47:01Z">
          <reporter-output>
          </reporter-output>
        </test-method> <!-- generateTestNG -->
        <test-method status="PASS" signature="tearDown()[pri:0, instance:snipp.test.bav.testcases.UAT_HomePageTest@51c8530f]" name="tearDown" is-config="true" duration-ms="99" started-at="2019-07-18T12:47:01Z" finished-at="2019-07-18T12:47:01Z">
          <reporter-output>
          </reporter-output>
        </test-method> <!-- tearDown -->
        <test-method status="PASS" signature="tearDown()[pri:0, instance:snipp.test.bav.testcases.UAT_BavarianInnLoginUploadReciepts@22eeefeb]" name="tearDown" is-config="true" duration-ms="108" started-at="2019-07-18T12:47:01Z" finished-at="2019-07-18T12:47:01Z">
          <reporter-output>
          </reporter-output>
        </test-method> <!-- tearDown -->
        <test-method status="PASS" signature="tearDown()[pri:0, instance:snipp.test.bav.testcases.UAT_ExcelDataProviderFull_POM@18bf3d14]" name="tearDown" is-config="true" duration-ms="242" started-at="2019-07-18T12:47:01Z" finished-at="2019-07-18T12:47:01Z">
          <reporter-output>
          </reporter-output>
        </test-method> <!-- tearDown -->
        <test-method status="PASS" signature="tearDown()[pri:0, instance:snipp.test.bav.testcases.UAT_RegisterPageTestCanada@9301672]" name="tearDown" is-config="true" duration-ms="74" started-at="2019-07-18T12:47:01Z" finished-at="2019-07-18T12:47:01Z">
          <reporter-output>
          </reporter-output>
        </test-method> <!-- tearDown -->
      </class> <!-- snipp.test.bav.testcases.UAT_BavarianInnBrokenLinks -->
    </test> <!-- UAT_RegisterPageTestCanada_Broken -->
  </suite> <!-- BavarianInnTests -->
</testng-results>
