<?xml version="1.0" encoding="UTF-8"?>
<testng-results skipped="0" failed="0" ignored="0" total="3" passed="3">
  <reporter-output>
  </reporter-output>
  <suite name="Default suite" duration-ms="7244" started-at="2019-07-17T15:55:35Z" finished-at="2019-07-17T15:55:43Z">
    <groups>
    </groups>
    <test name="Default test" duration-ms="7244" started-at="2019-07-17T15:55:35Z" finished-at="2019-07-17T15:55:43Z">
      <class name="sandpit.XX_OLD_UATBavarianInnCreateUser">
        <test-method status="PASS" signature="launchBrowser()[pri:0, instance:sandpit.XX_OLD_UATBavarianInnCreateUser@38b8b6c0]" name="launchBrowser" is-config="true" duration-ms="5485" started-at="2019-07-17T16:55:30Z" finished-at="2019-07-17T16:55:35Z">
          <reporter-output>
          </reporter-output>
        </test-method> <!-- launchBrowser -->
        <test-method status="PASS" signature="beforeMethod()[pri:0, instance:sandpit.XX_OLD_UATBavarianInnCreateUser@38b8b6c0]" name="beforeMethod" is-config="true" duration-ms="1" started-at="2019-07-17T16:55:35Z" finished-at="2019-07-17T16:55:35Z">
          <reporter-output>
          </reporter-output>
        </test-method> <!-- beforeMethod -->
        <test-method status="PASS" signature="loginToSite()[pri:1, instance:sandpit.XX_OLD_UATBavarianInnCreateUser@38b8b6c0]" name="loginToSite" duration-ms="87" started-at="2019-07-17T16:55:35Z" finished-at="2019-07-17T16:55:36Z">
          <reporter-output>
          </reporter-output>
        </test-method> <!-- loginToSite -->
        <test-method status="PASS" signature="beforeMethod()[pri:0, instance:sandpit.XX_OLD_UATBavarianInnCreateUser@38b8b6c0]" name="beforeMethod" is-config="true" duration-ms="0" started-at="2019-07-17T16:55:36Z" finished-at="2019-07-17T16:55:36Z">
          <reporter-output>
          </reporter-output>
        </test-method> <!-- beforeMethod -->
        <test-method status="PASS" signature="enterDetails()[pri:2, instance:sandpit.XX_OLD_UATBavarianInnCreateUser@38b8b6c0]" name="enterDetails" duration-ms="810" started-at="2019-07-17T16:55:36Z" finished-at="2019-07-17T16:55:36Z">
          <reporter-output>
          </reporter-output>
        </test-method> <!-- enterDetails -->
        <test-method status="PASS" signature="enterForm()[pri:0, instance:sandpit.XX_OLD_UATBavarianInnCreateUser@38b8b6c0]" name="enterForm" duration-ms="5988" started-at="2019-07-17T16:55:36Z" depends-on-methods="sandpit.XX_OLD_UATBavarianInnCreateUser.enterDetails" finished-at="2019-07-17T16:55:42Z">
          <reporter-output>
          </reporter-output>
        </test-method> <!-- enterForm -->
        <test-method status="PASS" signature="beforeMethod()[pri:0, instance:sandpit.XX_OLD_UATBavarianInnCreateUser@38b8b6c0]" name="beforeMethod" is-config="true" duration-ms="0" started-at="2019-07-17T16:55:36Z" finished-at="2019-07-17T16:55:36Z">
          <reporter-output>
          </reporter-output>
        </test-method> <!-- beforeMethod -->
        <test-method status="PASS" signature="createReport()[pri:0, instance:sandpit.XX_OLD_UATBavarianInnCreateUser@38b8b6c0]" name="createReport" is-config="true" duration-ms="339" started-at="2019-07-17T16:55:42Z" finished-at="2019-07-17T16:55:43Z">
          <reporter-output>
          </reporter-output>
        </test-method> <!-- createReport -->
      </class> <!-- sandpit.XX_OLD_UATBavarianInnCreateUser -->
    </test> <!-- Default test -->
  </suite> <!-- Default suite -->
</testng-results>
