<?xml version="1.0" encoding="UTF-8"?>
<testng-results skipped="0" failed="1" ignored="0" total="9" passed="8">
  <reporter-output>
  </reporter-output>
  <suite name="Default suite" duration-ms="87767" started-at="2019-07-22T16:28:22Z" finished-at="2019-07-22T16:29:50Z">
    <groups>
    </groups>
    <test name="Default test" duration-ms="87767" started-at="2019-07-22T16:28:22Z" finished-at="2019-07-22T16:29:50Z">
      <class name="testcases.UAT_BavarianInnBrokenLinks">
        <test-method status="PASS" signature="launchBrowser()[pri:0, instance:testcases.UAT_BavarianInnBrokenLinks@150c158]" name="launchBrowser" is-config="true" duration-ms="10579" started-at="2019-07-22T17:28:12Z" finished-at="2019-07-22T17:28:22Z">
          <reporter-output>
          </reporter-output>
        </test-method> <!-- launchBrowser -->
        <test-method status="PASS" signature="login()[pri:0, instance:testcases.UAT_BavarianInnBrokenLinks@150c158]" name="login" is-config="true" duration-ms="1440" started-at="2019-07-22T17:28:22Z" finished-at="2019-07-22T17:28:24Z">
          <reporter-output>
          </reporter-output>
        </test-method> <!-- login -->
        <test-method status="PASS" signature="loginToSite()[pri:1, instance:testcases.UAT_BavarianInnBrokenLinks@150c158]" name="loginToSite" duration-ms="7538" started-at="2019-07-22T17:28:24Z" finished-at="2019-07-22T17:28:31Z">
          <reporter-output>
          </reporter-output>
        </test-method> <!-- loginToSite -->
        <test-method status="PASS" signature="WelcomeMessage()[pri:2, instance:testcases.UAT_BavarianInnBrokenLinks@150c158]" name="WelcomeMessage" duration-ms="8482" started-at="2019-07-22T17:28:31Z" finished-at="2019-07-22T17:28:40Z">
          <reporter-output>
          </reporter-output>
        </test-method> <!-- WelcomeMessage -->
        <test-method status="PASS" signature="uploadReciept()[pri:3, instance:testcases.UAT_BavarianInnBrokenLinks@150c158]" name="uploadReciept" duration-ms="4384" started-at="2019-07-22T17:28:40Z" finished-at="2019-07-22T17:28:44Z">
          <reporter-output>
          </reporter-output>
        </test-method> <!-- uploadReciept -->
        <test-method status="PASS" signature="profileDisplayed()[pri:4, instance:testcases.UAT_BavarianInnBrokenLinks@150c158]" name="profileDisplayed" duration-ms="4161" started-at="2019-07-22T17:28:44Z" finished-at="2019-07-22T17:28:48Z">
          <reporter-output>
          </reporter-output>
        </test-method> <!-- profileDisplayed -->
        <test-method status="PASS" signature="profileCheckBalance()[pri:5, instance:testcases.UAT_BavarianInnBrokenLinks@150c158]" name="profileCheckBalance" duration-ms="6135" started-at="2019-07-22T17:28:48Z" finished-at="2019-07-22T17:28:54Z">
          <reporter-output>
          </reporter-output>
        </test-method> <!-- profileCheckBalance -->
        <test-method status="FAIL" signature="profileMyTransactions()[pri:6, instance:testcases.UAT_BavarianInnBrokenLinks@150c158]" name="profileMyTransactions" duration-ms="4574" started-at="2019-07-22T17:28:54Z" finished-at="2019-07-22T17:28:59Z">
          <exception class="java.lang.AssertionError">
            <message>
              <![CDATA[expected [Check Card Balance] but found [Transactions]]]>
            </message>
            <full-stacktrace>
              <![CDATA[java.lang.AssertionError: expected [Check Card Balance] but found [Transactions]
	at org.testng.Assert.fail(Assert.java:94)
	at org.testng.Assert.failNotEquals(Assert.java:513)
	at org.testng.Assert.assertEqualsImpl(Assert.java:135)
	at org.testng.Assert.assertEquals(Assert.java:116)
	at org.testng.Assert.assertEquals(Assert.java:190)
	at org.testng.Assert.assertEquals(Assert.java:200)
	at testcases.UAT_BavarianInnBrokenLinks.profileMyTransactions(UAT_BavarianInnBrokenLinks.java:256)
	at sun.reflect.NativeMethodAccessorImpl.invoke0(Native Method)
	at sun.reflect.NativeMethodAccessorImpl.invoke(Unknown Source)
	at sun.reflect.DelegatingMethodAccessorImpl.invoke(Unknown Source)
	at java.lang.reflect.Method.invoke(Unknown Source)
	at org.testng.internal.MethodInvocationHelper.invokeMethod(MethodInvocationHelper.java:104)
	at org.testng.internal.Invoker.invokeMethod(Invoker.java:645)
	at org.testng.internal.Invoker.invokeTestMethod(Invoker.java:851)
	at org.testng.internal.Invoker.invokeTestMethods(Invoker.java:1177)
	at org.testng.internal.TestMethodWorker.invokeTestMethods(TestMethodWorker.java:129)
	at org.testng.internal.TestMethodWorker.run(TestMethodWorker.java:112)
	at org.testng.TestRunner.privateRun(TestRunner.java:756)
	at org.testng.TestRunner.run(TestRunner.java:610)
	at org.testng.SuiteRunner.runTest(SuiteRunner.java:387)
	at org.testng.SuiteRunner.runSequentially(SuiteRunner.java:382)
	at org.testng.SuiteRunner.privateRun(SuiteRunner.java:340)
	at org.testng.SuiteRunner.run(SuiteRunner.java:289)
	at org.testng.SuiteRunnerWorker.runSuite(SuiteRunnerWorker.java:52)
	at org.testng.SuiteRunnerWorker.run(SuiteRunnerWorker.java:86)
	at org.testng.TestNG.runSuitesSequentially(TestNG.java:1293)
	at org.testng.TestNG.runSuitesLocally(TestNG.java:1218)
	at org.testng.TestNG.runSuites(TestNG.java:1133)
	at org.testng.TestNG.run(TestNG.java:1104)
	at org.testng.remote.AbstractRemoteTestNG.run(AbstractRemoteTestNG.java:115)
	at org.testng.remote.RemoteTestNG.initAndRun(RemoteTestNG.java:251)
	at org.testng.remote.RemoteTestNG.main(RemoteTestNG.java:77)
]]>
            </full-stacktrace>
          </exception> <!-- java.lang.AssertionError -->
          <reporter-output>
          </reporter-output>
        </test-method> <!-- profileMyTransactions -->
        <test-method status="PASS" signature="membersOffers()[pri:7, instance:testcases.UAT_BavarianInnBrokenLinks@150c158]" name="membersOffers" duration-ms="20489" started-at="2019-07-22T17:28:59Z" finished-at="2019-07-22T17:29:19Z">
          <reporter-output>
          </reporter-output>
        </test-method> <!-- membersOffers -->
        <test-method status="PASS" signature="membersLocations()[pri:8, instance:testcases.UAT_BavarianInnBrokenLinks@150c158]" name="membersLocations" duration-ms="23778" started-at="2019-07-22T17:29:19Z" finished-at="2019-07-22T17:29:43Z">
          <reporter-output>
          </reporter-output>
        </test-method> <!-- membersLocations -->
        <test-method status="PASS" signature="membersSocial()[pri:9, instance:testcases.UAT_BavarianInnBrokenLinks@150c158]" name="membersSocial" duration-ms="6696" started-at="2019-07-22T17:29:43Z" finished-at="2019-07-22T17:29:50Z">
          <reporter-output>
          </reporter-output>
        </test-method> <!-- membersSocial -->
        <test-method status="PASS" signature="tearDown()[pri:0, instance:testcases.UAT_BavarianInnBrokenLinks@150c158]" name="tearDown" is-config="true" duration-ms="1363" started-at="2019-07-22T17:29:50Z" finished-at="2019-07-22T17:29:51Z">
          <reporter-output>
          </reporter-output>
        </test-method> <!-- tearDown -->
      </class> <!-- testcases.UAT_BavarianInnBrokenLinks -->
    </test> <!-- Default test -->
  </suite> <!-- Default suite -->
</testng-results>
