<?xml version="1.0" encoding="UTF-8"?>
<testng-results skipped="0" failed="0" ignored="0" total="8" passed="8">
  <reporter-output>
  </reporter-output>
  <suite name="Default suite" duration-ms="89338" started-at="2019-07-22T10:26:45Z" finished-at="2019-07-22T10:28:14Z">
    <groups>
    </groups>
    <test name="Default test" duration-ms="89338" started-at="2019-07-22T10:26:45Z" finished-at="2019-07-22T10:28:14Z">
      <class name="testcases.UAT_BavarianInnBrokenLinks">
        <test-method status="PASS" signature="launchBrowser()[pri:0, instance:testcases.UAT_BavarianInnBrokenLinks@150c158]" name="launchBrowser" is-config="true" duration-ms="8389" started-at="2019-07-22T11:26:36Z" finished-at="2019-07-22T11:26:45Z">
          <reporter-output>
          </reporter-output>
        </test-method> <!-- launchBrowser -->
        <test-method status="PASS" signature="login()[pri:0, instance:testcases.UAT_BavarianInnBrokenLinks@150c158]" name="login" is-config="true" duration-ms="1809" started-at="2019-07-22T11:26:45Z" finished-at="2019-07-22T11:26:46Z">
          <reporter-output>
          </reporter-output>
        </test-method> <!-- login -->
        <test-method status="PASS" signature="titleTest()[pri:1, instance:testcases.UAT_BavarianInnBrokenLinks@150c158]" name="titleTest" duration-ms="10433" started-at="2019-07-22T11:26:46Z" finished-at="2019-07-22T11:26:57Z">
          <reporter-output>
          </reporter-output>
        </test-method> <!-- titleTest -->
        <test-method status="PASS" signature="loginToSite()[pri:2, instance:testcases.UAT_BavarianInnBrokenLinks@150c158]" name="loginToSite" duration-ms="5538" started-at="2019-07-22T11:26:57Z" finished-at="2019-07-22T11:27:02Z">
          <reporter-output>
          </reporter-output>
        </test-method> <!-- loginToSite -->
        <test-method status="PASS" signature="WelcomeMessage()[pri:3, instance:testcases.UAT_BavarianInnBrokenLinks@150c158]" name="WelcomeMessage" duration-ms="8892" started-at="2019-07-22T11:27:02Z" finished-at="2019-07-22T11:27:11Z">
          <reporter-output>
          </reporter-output>
        </test-method> <!-- WelcomeMessage -->
        <test-method status="PASS" signature="uploadReciept()[pri:4, instance:testcases.UAT_BavarianInnBrokenLinks@150c158]" name="uploadReciept" duration-ms="1251" started-at="2019-07-22T11:27:11Z" finished-at="2019-07-22T11:27:13Z">
          <reporter-output>
          </reporter-output>
        </test-method> <!-- uploadReciept -->
        <test-method status="PASS" signature="profileDisplayed()[pri:5, instance:testcases.UAT_BavarianInnBrokenLinks@150c158]" name="profileDisplayed" duration-ms="6696" started-at="2019-07-22T11:27:13Z" finished-at="2019-07-22T11:27:19Z">
          <reporter-output>
          </reporter-output>
        </test-method> <!-- profileDisplayed -->
        <test-method status="PASS" signature="membersOffers()[pri:6, instance:testcases.UAT_BavarianInnBrokenLinks@150c158]" name="membersOffers" duration-ms="26326" started-at="2019-07-22T11:27:19Z" finished-at="2019-07-22T11:27:46Z">
          <reporter-output>
          </reporter-output>
        </test-method> <!-- membersOffers -->
        <test-method status="PASS" signature="membersLocations()[pri:7, instance:testcases.UAT_BavarianInnBrokenLinks@150c158]" name="membersLocations" duration-ms="22039" started-at="2019-07-22T11:27:46Z" finished-at="2019-07-22T11:28:08Z">
          <reporter-output>
          </reporter-output>
        </test-method> <!-- membersLocations -->
        <test-method status="PASS" signature="membersSocial()[pri:8, instance:testcases.UAT_BavarianInnBrokenLinks@150c158]" name="membersSocial" duration-ms="6308" started-at="2019-07-22T11:28:08Z" finished-at="2019-07-22T11:28:14Z">
          <reporter-output>
          </reporter-output>
        </test-method> <!-- membersSocial -->
        <test-method status="PASS" signature="tearDown()[pri:0, instance:testcases.UAT_BavarianInnBrokenLinks@150c158]" name="tearDown" is-config="true" duration-ms="1384" started-at="2019-07-22T11:28:14Z" finished-at="2019-07-22T11:28:15Z">
          <reporter-output>
          </reporter-output>
        </test-method> <!-- tearDown -->
      </class> <!-- testcases.UAT_BavarianInnBrokenLinks -->
    </test> <!-- Default test -->
  </suite> <!-- Default suite -->
</testng-results>
