<?xml version="1.0" encoding="UTF-8"?>
<testng-results skipped="0" failed="0" ignored="0" total="3" passed="3">
  <reporter-output>
  </reporter-output>
  <suite name="Default suite" duration-ms="8648" started-at="2019-07-17T08:43:37Z" finished-at="2019-07-17T08:43:45Z">
    <groups>
    </groups>
    <test name="Default test" duration-ms="8648" started-at="2019-07-17T08:43:37Z" finished-at="2019-07-17T08:43:45Z">
      <class name="snipp.test.bav.testcases.OLD_UAT_ExcelDataProviderFull">
        <test-method status="PASS" signature="launchBrowser()[pri:0, instance:snipp.test.bav.testcases.OLD_UAT_ExcelDataProviderFull@587d1d39]" name="launchBrowser" is-config="true" duration-ms="14259" started-at="2019-07-17T09:43:22Z" finished-at="2019-07-17T09:43:37Z">
          <reporter-output>
          </reporter-output>
        </test-method> <!-- launchBrowser -->
        <test-method status="PASS" signature="enterURL()[pri:0, instance:snipp.test.bav.testcases.OLD_UAT_ExcelDataProviderFull@587d1d39]" name="enterURL" is-config="true" duration-ms="940" started-at="2019-07-17T09:43:37Z" finished-at="2019-07-17T09:43:38Z">
          <reporter-output>
          </reporter-output>
        </test-method> <!-- enterURL -->
        <test-method status="PASS" signature="loginToSite()[pri:1, instance:snipp.test.bav.testcases.OLD_UAT_ExcelDataProviderFull@587d1d39]" name="loginToSite" duration-ms="20" started-at="2019-07-17T09:43:38Z" finished-at="2019-07-17T09:43:38Z">
          <reporter-output>
          </reporter-output>
        </test-method> <!-- loginToSite -->
        <test-method status="PASS" signature="enterDetails()[pri:2, instance:snipp.test.bav.testcases.OLD_UAT_ExcelDataProviderFull@587d1d39]" name="enterDetails" duration-ms="1218" started-at="2019-07-17T09:43:38Z" finished-at="2019-07-17T09:43:39Z">
          <reporter-output>
          </reporter-output>
        </test-method> <!-- enterDetails -->
        <test-method status="PASS" signature="test1(java.lang.String, java.lang.String, java.lang.String, java.lang.String, java.lang.String, java.lang.String, java.lang.String, java.lang.String, java.lang.String, java.lang.String, java.lang.String, java.lang.String, java.lang.String, java.lang.String, java.lang.String)[pri:3, instance:snipp.test.bav.testcases.OLD_UAT_ExcelDataProviderFull@587d1d39]" name="test1" duration-ms="5758" started-at="2019-07-17T09:43:39Z" data-provider="test1data" finished-at="2019-07-17T09:43:45Z">
          <params>
            <param index="0">
              <value>
                <![CDATA[UserfirstNamex]]>
              </value>
            </param>
            <param index="1">
              <value>
                <![CDATA[UserlastNamex]]>
              </value>
            </param>
            <param index="2">
              <value>
                <![CDATA[email@email.com]]>
              </value>
            </param>
            <param index="3">
              <value>
                <![CDATA[Password1]]>
              </value>
            </param>
            <param index="4">
              <value>
                <![CDATA[Password1]]>
              </value>
            </param>
            <param index="5">
              <value>
                <![CDATA[02/031977]]>
              </value>
            </param>
            <param index="6">
              <value>
                <![CDATA[604555555]]>
              </value>
            </param>
            <param index="7">
              <value>
                <![CDATA[12344567]]>
              </value>
            </param>
            <param index="8">
              <value>
                <![CDATA[Canada]]>
              </value>
            </param>
            <param index="9">
              <value>
                <![CDATA[Yukon]]>
              </value>
            </param>
            <param index="10">
              <value>
                <![CDATA[addressLinex]]>
              </value>
            </param>
            <param index="11">
              <value>
                <![CDATA[addressLinex]]>
              </value>
            </param>
            <param index="12">
              <value>
                <![CDATA[Vancouver]]>
              </value>
            </param>
            <param index="13">
              <value>
                <![CDATA[DDDD]]>
              </value>
            </param>
            <param index="14">
              <value>
                <![CDATA[Cork]]>
              </value>
            </param>
          </params>
          <reporter-output>
          </reporter-output>
        </test-method> <!-- test1 -->
      </class> <!-- snipp.test.bav.testcases.OLD_UAT_ExcelDataProviderFull -->
    </test> <!-- Default test -->
  </suite> <!-- Default suite -->
</testng-results>
