<?xml version="1.0" encoding="UTF-8"?>
<testng-results skipped="0" failed="0" ignored="0" total="3" passed="3">
  <reporter-output>
  </reporter-output>
  <suite name="Default suite" duration-ms="10172" started-at="2019-07-17T07:57:42Z" finished-at="2019-07-17T07:57:52Z">
    <groups>
    </groups>
    <test name="Default test" duration-ms="10172" started-at="2019-07-17T07:57:42Z" finished-at="2019-07-17T07:57:52Z">
      <class name="snipp.test.bav.testcases.UAT_RegisterPageTestCanada">
        <test-method status="PASS" signature="launchBrowser()[pri:0, instance:snipp.test.bav.testcases.UAT_RegisterPageTestCanada@3f5156a6]" name="launchBrowser" is-config="true" duration-ms="5550" started-at="2019-07-17T08:57:36Z" finished-at="2019-07-17T08:57:42Z">
          <reporter-output>
          </reporter-output>
        </test-method> <!-- launchBrowser -->
        <test-method status="PASS" signature="setUp()[pri:0, instance:snipp.test.bav.testcases.UAT_RegisterPageTestCanada@3f5156a6]" name="setUp" is-config="true" duration-ms="86" started-at="2019-07-17T08:57:42Z" finished-at="2019-07-17T08:57:42Z">
          <reporter-output>
          </reporter-output>
        </test-method> <!-- setUp -->
        <test-method status="PASS" signature="beforeMethod()[pri:0, instance:snipp.test.bav.testcases.UAT_RegisterPageTestCanada@3f5156a6]" name="beforeMethod" is-config="true" duration-ms="0" started-at="2019-07-17T08:57:42Z" finished-at="2019-07-17T08:57:42Z">
          <reporter-output>
          </reporter-output>
        </test-method> <!-- beforeMethod -->
        <test-method status="PASS" signature="setUp()[pri:0, instance:snipp.test.bav.testcases.UAT_RegisterPageTestCanada@3f5156a6]" name="setUp" is-config="true" duration-ms="2" started-at="2019-07-17T08:57:42Z" finished-at="2019-07-17T08:57:42Z">
          <reporter-output>
          </reporter-output>
        </test-method> <!-- setUp -->
        <test-method status="PASS" signature="loginToSite()[pri:1, instance:snipp.test.bav.testcases.UAT_RegisterPageTestCanada@3f5156a6]" name="loginToSite" duration-ms="47" started-at="2019-07-17T08:57:42Z" finished-at="2019-07-17T08:57:42Z">
          <reporter-output>
          </reporter-output>
        </test-method> <!-- loginToSite -->
        <test-method status="PASS" signature="tearDown()[pri:0, instance:snipp.test.bav.testcases.UAT_RegisterPageTestCanada@3f5156a6]" name="tearDown" is-config="true" duration-ms="266" started-at="2019-07-17T08:57:42Z" finished-at="2019-07-17T08:57:42Z">
          <reporter-output>
          </reporter-output>
        </test-method> <!-- tearDown -->
        <test-method status="PASS" signature="beforeMethod()[pri:0, instance:snipp.test.bav.testcases.UAT_RegisterPageTestCanada@3f5156a6]" name="beforeMethod" is-config="true" duration-ms="0" started-at="2019-07-17T08:57:42Z" finished-at="2019-07-17T08:57:42Z">
          <reporter-output>
          </reporter-output>
        </test-method> <!-- beforeMethod -->
        <test-method status="PASS" signature="setUp()[pri:0, instance:snipp.test.bav.testcases.UAT_RegisterPageTestCanada@3f5156a6]" name="setUp" is-config="true" duration-ms="1" started-at="2019-07-17T08:57:42Z" finished-at="2019-07-17T08:57:42Z">
          <reporter-output>
          </reporter-output>
        </test-method> <!-- setUp -->
        <test-method status="PASS" signature="enterDetails()[pri:2, instance:snipp.test.bav.testcases.UAT_RegisterPageTestCanada@3f5156a6]" name="enterDetails" duration-ms="1664" started-at="2019-07-17T08:57:42Z" finished-at="2019-07-17T08:57:44Z">
          <reporter-output>
          </reporter-output>
        </test-method> <!-- enterDetails -->
        <test-method status="PASS" signature="tearDown()[pri:0, instance:snipp.test.bav.testcases.UAT_RegisterPageTestCanada@3f5156a6]" name="tearDown" is-config="true" duration-ms="44" started-at="2019-07-17T08:57:44Z" finished-at="2019-07-17T08:57:44Z">
          <reporter-output>
          </reporter-output>
        </test-method> <!-- tearDown -->
        <test-method status="PASS" signature="beforeMethod()[pri:0, instance:snipp.test.bav.testcases.UAT_RegisterPageTestCanada@3f5156a6]" name="beforeMethod" is-config="true" duration-ms="0" started-at="2019-07-17T08:57:44Z" finished-at="2019-07-17T08:57:44Z">
          <reporter-output>
          </reporter-output>
        </test-method> <!-- beforeMethod -->
        <test-method status="PASS" signature="setUp()[pri:0, instance:snipp.test.bav.testcases.UAT_RegisterPageTestCanada@3f5156a6]" name="setUp" is-config="true" duration-ms="2" started-at="2019-07-17T08:57:44Z" finished-at="2019-07-17T08:57:44Z">
          <reporter-output>
          </reporter-output>
        </test-method> <!-- setUp -->
        <test-method status="PASS" signature="enterForm()[pri:0, instance:snipp.test.bav.testcases.UAT_RegisterPageTestCanada@3f5156a6]" name="enterForm" duration-ms="7988" started-at="2019-07-17T08:57:44Z" depends-on-methods="snipp.test.bav.testcases.UAT_RegisterPageTestCanada.enterDetails" finished-at="2019-07-17T08:57:52Z">
          <reporter-output>
          </reporter-output>
        </test-method> <!-- enterForm -->
        <test-method status="PASS" signature="tearDown()[pri:0, instance:snipp.test.bav.testcases.UAT_RegisterPageTestCanada@3f5156a6]" name="tearDown" is-config="true" duration-ms="52" started-at="2019-07-17T08:57:52Z" finished-at="2019-07-17T08:57:52Z">
          <reporter-output>
          </reporter-output>
        </test-method> <!-- tearDown -->
        <test-method status="PASS" signature="tearDown()[pri:0, instance:snipp.test.bav.testcases.UAT_RegisterPageTestCanada@3f5156a6]" name="tearDown" is-config="true" duration-ms="74" started-at="2019-07-17T08:57:52Z" finished-at="2019-07-17T08:57:52Z">
          <reporter-output>
          </reporter-output>
        </test-method> <!-- tearDown -->
      </class> <!-- snipp.test.bav.testcases.UAT_RegisterPageTestCanada -->
    </test> <!-- Default test -->
  </suite> <!-- Default suite -->
</testng-results>
