<?xml version="1.0" encoding="UTF-8"?>
<testng-results skipped="0" failed="0" ignored="0" total="3" passed="3">
  <reporter-output>
  </reporter-output>
  <suite name="Default suite" duration-ms="8088" started-at="2019-07-22T21:22:04Z" finished-at="2019-07-22T21:22:13Z">
    <groups>
    </groups>
    <test name="Default test" duration-ms="8088" started-at="2019-07-22T21:22:04Z" finished-at="2019-07-22T21:22:13Z">
      <class name="testcases.UAT_RegisterPageTestCanada">
        <test-method status="PASS" signature="launchBrowser()[pri:0, instance:testcases.UAT_RegisterPageTestCanada@2c7db926]" name="launchBrowser" is-config="true" duration-ms="5548" started-at="2019-07-22T22:21:59Z" finished-at="2019-07-22T22:22:04Z">
          <reporter-output>
          </reporter-output>
        </test-method> <!-- launchBrowser -->
        <test-method status="PASS" signature="setUp()[pri:0, instance:testcases.UAT_RegisterPageTestCanada@2c7db926]" name="setUp" is-config="true" duration-ms="86" started-at="2019-07-22T22:22:04Z" finished-at="2019-07-22T22:22:05Z">
          <reporter-output>
          </reporter-output>
        </test-method> <!-- setUp -->
        <test-method status="PASS" signature="loginToSite()[pri:1, instance:testcases.UAT_RegisterPageTestCanada@2c7db926]" name="loginToSite" duration-ms="20" started-at="2019-07-22T22:22:05Z" finished-at="2019-07-22T22:22:05Z">
          <reporter-output>
          </reporter-output>
        </test-method> <!-- loginToSite -->
        <test-method status="PASS" signature="enterDetails()[pri:2, instance:testcases.UAT_RegisterPageTestCanada@2c7db926]" name="enterDetails" duration-ms="537" started-at="2019-07-22T22:22:05Z" finished-at="2019-07-22T22:22:05Z">
          <reporter-output>
          </reporter-output>
        </test-method> <!-- enterDetails -->
        <test-method status="PASS" signature="enterForm()[pri:0, instance:testcases.UAT_RegisterPageTestCanada@2c7db926]" name="enterForm" duration-ms="7426" started-at="2019-07-22T22:22:05Z" depends-on-methods="testcases.UAT_RegisterPageTestCanada.enterDetails" finished-at="2019-07-22T22:22:13Z">
          <reporter-output>
          </reporter-output>
        </test-method> <!-- enterForm -->
        <test-method status="PASS" signature="afterTest()[pri:0, instance:testcases.UAT_RegisterPageTestCanada@2c7db926]" name="afterTest" is-config="true" duration-ms="0" started-at="2019-07-22T22:22:13Z" finished-at="2019-07-22T22:22:13Z">
          <reporter-output>
          </reporter-output>
        </test-method> <!-- afterTest -->
        <test-method status="PASS" signature="tearDown()[pri:0, instance:testcases.UAT_RegisterPageTestCanada@2c7db926]" name="tearDown" is-config="true" duration-ms="360" started-at="2019-07-22T22:22:13Z" finished-at="2019-07-22T22:22:13Z">
          <reporter-output>
          </reporter-output>
        </test-method> <!-- tearDown -->
      </class> <!-- testcases.UAT_RegisterPageTestCanada -->
    </test> <!-- Default test -->
  </suite> <!-- Default suite -->
</testng-results>
