<?xml version="1.0" encoding="UTF-8"?>
<testng-results skipped="0" failed="0" ignored="0" total="1" passed="1">
  <reporter-output>
  </reporter-output>
  <suite name="Default suite" duration-ms="9490" started-at="2019-07-19T10:17:57Z" finished-at="2019-07-19T10:18:06Z">
    <groups>
    </groups>
    <test name="Default test" duration-ms="9490" started-at="2019-07-19T10:17:57Z" finished-at="2019-07-19T10:18:06Z">
      <class name="demo.TestNG_Demoa4">
        <test-method status="PASS" signature="setUpTest()[pri:0, instance:demo.TestNG_Demoa4@31206beb]" name="setUpTest" is-config="true" duration-ms="3740" started-at="2019-07-19T11:17:57Z" finished-at="2019-07-19T11:18:01Z">
          <reporter-output>
          </reporter-output>
        </test-method> <!-- setUpTest -->
        <test-method status="PASS" signature="googleSearch()[pri:0, instance:demo.TestNG_Demoa4@31206beb]" name="googleSearch" duration-ms="5723" started-at="2019-07-19T11:18:01Z" finished-at="2019-07-19T11:18:06Z">
          <reporter-output>
          </reporter-output>
        </test-method> <!-- googleSearch -->
        <test-method status="PASS" signature="tearDown()[pri:0, instance:demo.TestNG_Demoa4@31206beb]" name="tearDown" is-config="true" duration-ms="2710" started-at="2019-07-19T11:18:06Z" finished-at="2019-07-19T11:18:09Z">
          <reporter-output>
          </reporter-output>
        </test-method> <!-- tearDown -->
      </class> <!-- demo.TestNG_Demoa4 -->
    </test> <!-- Default test -->
  </suite> <!-- Default suite -->
</testng-results>
