<?xml version="1.0" encoding="UTF-8"?>
<testng-results skipped="0" failed="0" ignored="0" total="8" passed="8">
  <reporter-output>
  </reporter-output>
  <suite name="Default suite" duration-ms="33289" started-at="2019-07-22T10:40:26Z" finished-at="2019-07-22T10:41:00Z">
    <groups>
    </groups>
    <test name="Default test" duration-ms="33289" started-at="2019-07-22T10:40:26Z" finished-at="2019-07-22T10:41:00Z">
      <class name="testcases.UAT_HomePageTest">
        <test-method status="PASS" signature="launchBrowser()[pri:0, instance:testcases.UAT_HomePageTest@4524411f]" name="launchBrowser" is-config="true" duration-ms="16690" started-at="2019-07-22T11:40:10Z" finished-at="2019-07-22T11:40:26Z">
          <reporter-output>
          </reporter-output>
        </test-method> <!-- launchBrowser -->
        <test-method status="PASS" signature="setUp()[pri:0, instance:testcases.UAT_HomePageTest@4524411f]" name="setUp" is-config="true" duration-ms="239" started-at="2019-07-22T11:40:26Z" finished-at="2019-07-22T11:40:26Z">
          <reporter-output>
          </reporter-output>
        </test-method> <!-- setUp -->
        <test-method status="PASS" signature="loginToSite()[pri:1, instance:testcases.UAT_HomePageTest@4524411f]" name="loginToSite" duration-ms="25" started-at="2019-07-22T11:40:26Z" finished-at="2019-07-22T11:40:27Z">
          <reporter-output>
          </reporter-output>
        </test-method> <!-- loginToSite -->
        <test-method status="PASS" signature="howItWorks()[pri:2, instance:testcases.UAT_HomePageTest@4524411f]" name="howItWorks" duration-ms="1691" started-at="2019-07-22T11:40:27Z" finished-at="2019-07-22T11:40:28Z">
          <reporter-output>
          </reporter-output>
        </test-method> <!-- howItWorks -->
        <test-method status="PASS" signature="register()[pri:3, instance:testcases.UAT_HomePageTest@4524411f]" name="register" duration-ms="1446" started-at="2019-07-22T11:40:28Z" finished-at="2019-07-22T11:40:30Z">
          <reporter-output>
          </reporter-output>
        </test-method> <!-- register -->
        <test-method status="PASS" signature="faq()[pri:4, instance:testcases.UAT_HomePageTest@4524411f]" name="faq" duration-ms="1543" started-at="2019-07-22T11:40:30Z" finished-at="2019-07-22T11:40:31Z">
          <reporter-output>
          </reporter-output>
        </test-method> <!-- faq -->
        <test-method status="PASS" signature="checkFacebook()[pri:5, instance:testcases.UAT_HomePageTest@4524411f]" name="checkFacebook" duration-ms="8817" started-at="2019-07-22T11:40:31Z" finished-at="2019-07-22T11:40:40Z">
          <reporter-output>
          </reporter-output>
        </test-method> <!-- checkFacebook -->
        <test-method status="PASS" signature="checkYoutube()[pri:6, instance:testcases.UAT_HomePageTest@4524411f]" name="checkYoutube" duration-ms="5254" started-at="2019-07-22T11:40:40Z" finished-at="2019-07-22T11:40:45Z">
          <reporter-output>
          </reporter-output>
        </test-method> <!-- checkYoutube -->
        <test-method status="PASS" signature="checkYelp()[pri:7, instance:testcases.UAT_HomePageTest@4524411f]" name="checkYelp" duration-ms="6774" started-at="2019-07-22T11:40:45Z" finished-at="2019-07-22T11:40:52Z">
          <reporter-output>
          </reporter-output>
        </test-method> <!-- checkYelp -->
        <test-method status="PASS" signature="checkTwitter()[pri:8, instance:testcases.UAT_HomePageTest@4524411f]" name="checkTwitter" duration-ms="6295" started-at="2019-07-22T11:40:52Z" finished-at="2019-07-22T11:40:58Z">
          <reporter-output>
          </reporter-output>
        </test-method> <!-- checkTwitter -->
        <test-method status="PASS" signature="tearDownTest()[pri:0, instance:testcases.UAT_HomePageTest@4524411f]" name="tearDownTest" is-config="true" duration-ms="1168" started-at="2019-07-22T11:40:58Z" finished-at="2019-07-22T11:41:00Z">
          <reporter-output>
          </reporter-output>
        </test-method> <!-- tearDownTest -->
        <test-method status="PASS" signature="tearDown()[pri:0, instance:testcases.UAT_HomePageTest@4524411f]" name="tearDown" is-config="true" duration-ms="586" started-at="2019-07-22T11:41:00Z" finished-at="2019-07-22T11:41:00Z">
          <reporter-output>
          </reporter-output>
        </test-method> <!-- tearDown -->
      </class> <!-- testcases.UAT_HomePageTest -->
    </test> <!-- Default test -->
  </suite> <!-- Default suite -->
</testng-results>
