<?xml version="1.0" encoding="UTF-8"?>
<testng-results skipped="0" failed="0" ignored="0" total="13" passed="13">
  <reporter-output>
  </reporter-output>
  <suite name="Default suite" duration-ms="31920" started-at="2019-07-23T07:25:26Z" finished-at="2019-07-23T07:25:58Z">
    <groups>
    </groups>
    <test name="Default test" duration-ms="31920" started-at="2019-07-23T07:25:26Z" finished-at="2019-07-23T07:25:58Z">
      <class name="testcases.UAT_BavarianInnBrokenLinks">
        <test-method status="PASS" signature="launchBrowser()[pri:0, instance:testcases.UAT_BavarianInnBrokenLinks@4524411f]" name="launchBrowser" is-config="true" duration-ms="5444" started-at="2019-07-23T08:25:20Z" finished-at="2019-07-23T08:25:26Z">
          <reporter-output>
          </reporter-output>
        </test-method> <!-- launchBrowser -->
        <test-method status="PASS" signature="login()[pri:0, instance:testcases.UAT_BavarianInnBrokenLinks@4524411f]" name="login" is-config="true" duration-ms="823" started-at="2019-07-23T08:25:26Z" finished-at="2019-07-23T08:25:27Z">
          <reporter-output>
          </reporter-output>
        </test-method> <!-- login -->
        <test-method status="PASS" signature="loginToSite()[pri:1, instance:testcases.UAT_BavarianInnBrokenLinks@4524411f]" name="loginToSite" duration-ms="2966" started-at="2019-07-23T08:25:27Z" finished-at="2019-07-23T08:25:30Z">
          <reporter-output>
          </reporter-output>
        </test-method> <!-- loginToSite -->
        <test-method status="PASS" signature="WelcomeMessage()[pri:2, instance:testcases.UAT_BavarianInnBrokenLinks@4524411f]" name="WelcomeMessage" duration-ms="4001" started-at="2019-07-23T08:25:30Z" finished-at="2019-07-23T08:25:34Z">
          <reporter-output>
          </reporter-output>
        </test-method> <!-- WelcomeMessage -->
        <test-method status="PASS" signature="uploadReciept()[pri:3, instance:testcases.UAT_BavarianInnBrokenLinks@4524411f]" name="uploadReciept" duration-ms="1641" started-at="2019-07-23T08:25:34Z" finished-at="2019-07-23T08:25:35Z">
          <reporter-output>
          </reporter-output>
        </test-method> <!-- uploadReciept -->
        <test-method status="PASS" signature="profileDisplayed()[pri:4, instance:testcases.UAT_BavarianInnBrokenLinks@4524411f]" name="profileDisplayed" duration-ms="1943" started-at="2019-07-23T08:25:35Z" finished-at="2019-07-23T08:25:37Z">
          <reporter-output>
          </reporter-output>
        </test-method> <!-- profileDisplayed -->
        <test-method status="PASS" signature="profileCheckBalance()[pri:5, instance:testcases.UAT_BavarianInnBrokenLinks@4524411f]" name="profileCheckBalance" duration-ms="3524" started-at="2019-07-23T08:25:37Z" finished-at="2019-07-23T08:25:41Z">
          <reporter-output>
          </reporter-output>
        </test-method> <!-- profileCheckBalance -->
        <test-method status="PASS" signature="profileMyTransactions()[pri:6, instance:testcases.UAT_BavarianInnBrokenLinks@4524411f]" name="profileMyTransactions" duration-ms="1982" started-at="2019-07-23T08:25:41Z" finished-at="2019-07-23T08:25:43Z">
          <reporter-output>
          </reporter-output>
        </test-method> <!-- profileMyTransactions -->
        <test-method status="PASS" signature="membersOffers()[pri:7, instance:testcases.UAT_BavarianInnBrokenLinks@4524411f]" name="membersOffers" duration-ms="4453" started-at="2019-07-23T08:25:43Z" finished-at="2019-07-23T08:25:47Z">
          <reporter-output>
          </reporter-output>
        </test-method> <!-- membersOffers -->
        <test-method status="PASS" signature="membersLocations()[pri:8, instance:testcases.UAT_BavarianInnBrokenLinks@4524411f]" name="membersLocations" duration-ms="3288" started-at="2019-07-23T08:25:47Z" finished-at="2019-07-23T08:25:50Z">
          <reporter-output>
          </reporter-output>
        </test-method> <!-- membersLocations -->
        <test-method status="PASS" signature="membersSocial()[pri:9, instance:testcases.UAT_BavarianInnBrokenLinks@4524411f]" name="membersSocial" duration-ms="2418" started-at="2019-07-23T08:25:50Z" finished-at="2019-07-23T08:25:53Z">
          <reporter-output>
          </reporter-output>
        </test-method> <!-- membersSocial -->
        <test-method status="PASS" signature="logOutOfSite()[pri:10, instance:testcases.UAT_BavarianInnBrokenLinks@4524411f]" name="logOutOfSite" duration-ms="567" started-at="2019-07-23T08:25:53Z" finished-at="2019-07-23T08:25:53Z">
          <reporter-output>
          </reporter-output>
        </test-method> <!-- logOutOfSite -->
        <test-method status="PASS" signature="AfterLogoutHome()[pri:11, instance:testcases.UAT_BavarianInnBrokenLinks@4524411f]" name="AfterLogoutHome" duration-ms="1053" started-at="2019-07-23T08:25:53Z" finished-at="2019-07-23T08:25:54Z">
          <reporter-output>
          </reporter-output>
        </test-method> <!-- AfterLogoutHome -->
        <test-method status="PASS" signature="AfterLogoutRegister()[pri:11, instance:testcases.UAT_BavarianInnBrokenLinks@4524411f]" name="AfterLogoutRegister" duration-ms="602" started-at="2019-07-23T08:25:54Z" finished-at="2019-07-23T08:25:55Z">
          <reporter-output>
          </reporter-output>
        </test-method> <!-- AfterLogoutRegister -->
        <test-method status="PASS" signature="AfterLogoutFAQ()[pri:12, instance:testcases.UAT_BavarianInnBrokenLinks@4524411f]" name="AfterLogoutFAQ" duration-ms="1997" started-at="2019-07-23T08:25:55Z" finished-at="2019-07-23T08:25:57Z">
          <reporter-output>
          </reporter-output>
        </test-method> <!-- AfterLogoutFAQ -->
        <test-method status="PASS" signature="tearDownTest()[pri:0, instance:testcases.UAT_BavarianInnBrokenLinks@4524411f]" name="tearDownTest" is-config="true" duration-ms="633" started-at="2019-07-23T08:25:57Z" finished-at="2019-07-23T08:25:58Z">
          <reporter-output>
          </reporter-output>
        </test-method> <!-- tearDownTest -->
        <test-method status="FAIL" signature="tearDown()[pri:0, instance:testcases.UAT_BavarianInnBrokenLinks@4524411f]" name="tearDown" is-config="true" duration-ms="0" started-at="2019-07-23T08:25:58Z" finished-at="2019-07-23T08:25:58Z">
          <exception class="org.openqa.selenium.NoSuchSessionException">
            <message>
              <![CDATA[Session ID is null. Using WebDriver after calling quit()?
Build info: version: '3.141.59', revision: 'e82be7d358', time: '2018-11-14T08:17:03'
System info: host: 'DESKTOP-G1T6KU3', ip: '192.168.1.18', os.name: 'Windows 10', os.arch: 'amd64', os.version: '10.0', java.version: '1.8.0_212'
Driver info: driver.version: RemoteWebDriver]]>
            </message>
            <full-stacktrace>
              <![CDATA[org.openqa.selenium.NoSuchSessionException: Session ID is null. Using WebDriver after calling quit()?
Build info: version: '3.141.59', revision: 'e82be7d358', time: '2018-11-14T08:17:03'
System info: host: 'DESKTOP-G1T6KU3', ip: '192.168.1.18', os.name: 'Windows 10', os.arch: 'amd64', os.version: '10.0', java.version: '1.8.0_212'
Driver info: driver.version: RemoteWebDriver
	at org.openqa.selenium.remote.HttpCommandExecutor.execute(HttpCommandExecutor.java:125)
	at org.openqa.selenium.remote.service.DriverCommandExecutor.execute(DriverCommandExecutor.java:83)
	at org.openqa.selenium.remote.RemoteWebDriver.execute(RemoteWebDriver.java:552)
	at org.openqa.selenium.remote.RemoteWebDriver.execute(RemoteWebDriver.java:609)
	at org.openqa.selenium.remote.RemoteWebDriver.close(RemoteWebDriver.java:442)
	at testcases.UAT_BavarianInnBrokenLinks.tearDown(UAT_BavarianInnBrokenLinks.java:431)
	at sun.reflect.NativeMethodAccessorImpl.invoke0(Native Method)
	at sun.reflect.NativeMethodAccessorImpl.invoke(Unknown Source)
	at sun.reflect.DelegatingMethodAccessorImpl.invoke(Unknown Source)
	at java.lang.reflect.Method.invoke(Unknown Source)
	at org.testng.internal.MethodInvocationHelper.invokeMethod(MethodInvocationHelper.java:104)
	at org.testng.internal.Invoker.invokeConfigurationMethod(Invoker.java:515)
	at org.testng.internal.Invoker.invokeConfigurations(Invoker.java:217)
	at org.testng.internal.Invoker.invokeConfigurations(Invoker.java:144)
	at org.testng.SuiteRunner.privateRun(SuiteRunner.java:357)
	at org.testng.SuiteRunner.run(SuiteRunner.java:289)
	at org.testng.SuiteRunnerWorker.runSuite(SuiteRunnerWorker.java:52)
	at org.testng.SuiteRunnerWorker.run(SuiteRunnerWorker.java:86)
	at org.testng.TestNG.runSuitesSequentially(TestNG.java:1293)
	at org.testng.TestNG.runSuitesLocally(TestNG.java:1218)
	at org.testng.TestNG.runSuites(TestNG.java:1133)
	at org.testng.TestNG.run(TestNG.java:1104)
	at org.testng.remote.AbstractRemoteTestNG.run(AbstractRemoteTestNG.java:115)
	at org.testng.remote.RemoteTestNG.initAndRun(RemoteTestNG.java:251)
	at org.testng.remote.RemoteTestNG.main(RemoteTestNG.java:77)
]]>
            </full-stacktrace>
          </exception> <!-- org.openqa.selenium.NoSuchSessionException -->
          <reporter-output>
          </reporter-output>
        </test-method> <!-- tearDown -->
      </class> <!-- testcases.UAT_BavarianInnBrokenLinks -->
    </test> <!-- Default test -->
  </suite> <!-- Default suite -->
</testng-results>
