<?xml version="1.0" encoding="UTF-8"?>
<testng-results skipped="0" failed="0" ignored="0" total="7" passed="7">
  <reporter-output>
  </reporter-output>
  <suite name="Default suite" duration-ms="25147" started-at="2019-07-17T10:47:11Z" finished-at="2019-07-17T10:47:36Z">
    <groups>
    </groups>
    <test name="Default test" duration-ms="25147" started-at="2019-07-17T10:47:11Z" finished-at="2019-07-17T10:47:36Z">
      <class name="snipp.test.bav.testcases.UAT_BavarianInnBrokenLinks">
        <test-method status="PASS" signature="launchBrowser()[pri:0, instance:snipp.test.bav.testcases.UAT_BavarianInnBrokenLinks@ed9d034]" name="launchBrowser" is-config="true" duration-ms="6067" started-at="2019-07-17T11:47:05Z" finished-at="2019-07-17T11:47:11Z">
          <reporter-output>
          </reporter-output>
        </test-method> <!-- launchBrowser -->
        <test-method status="PASS" signature="beforeTest()[pri:0, instance:snipp.test.bav.testcases.UAT_BavarianInnBrokenLinks@ed9d034]" name="beforeTest" is-config="true" duration-ms="0" started-at="2019-07-17T11:47:11Z" finished-at="2019-07-17T11:47:11Z">
          <reporter-output>
          </reporter-output>
        </test-method> <!-- beforeTest -->
        <test-method status="PASS" signature="login()[pri:0, instance:snipp.test.bav.testcases.UAT_BavarianInnBrokenLinks@ed9d034]" name="login" is-config="true" duration-ms="1587" started-at="2019-07-17T11:47:11Z" finished-at="2019-07-17T11:47:13Z">
          <reporter-output>
          </reporter-output>
        </test-method> <!-- login -->
        <test-method status="PASS" signature="titleTest()[pri:1, instance:snipp.test.bav.testcases.UAT_BavarianInnBrokenLinks@ed9d034]" name="titleTest" duration-ms="6147" started-at="2019-07-17T11:47:13Z" finished-at="2019-07-17T11:47:19Z">
          <reporter-output>
          </reporter-output>
        </test-method> <!-- titleTest -->
        <test-method status="PASS" signature="afterTest()[pri:0, instance:snipp.test.bav.testcases.UAT_BavarianInnBrokenLinks@ed9d034]" name="afterTest" is-config="true" duration-ms="1" started-at="2019-07-17T11:47:19Z" finished-at="2019-07-17T11:47:19Z">
          <reporter-output>
          </reporter-output>
        </test-method> <!-- afterTest -->
        <test-method status="PASS" signature="loginToSite()[pri:2, instance:snipp.test.bav.testcases.UAT_BavarianInnBrokenLinks@ed9d034]" name="loginToSite" duration-ms="2073" started-at="2019-07-17T11:47:19Z" finished-at="2019-07-17T11:47:21Z">
          <reporter-output>
          </reporter-output>
        </test-method> <!-- loginToSite -->
        <test-method status="PASS" signature="afterTest()[pri:0, instance:snipp.test.bav.testcases.UAT_BavarianInnBrokenLinks@ed9d034]" name="afterTest" is-config="true" duration-ms="0" started-at="2019-07-17T11:47:21Z" finished-at="2019-07-17T11:47:21Z">
          <reporter-output>
          </reporter-output>
        </test-method> <!-- afterTest -->
        <test-method status="PASS" signature="WelcomeMessage()[pri:4, instance:snipp.test.bav.testcases.UAT_BavarianInnBrokenLinks@ed9d034]" name="WelcomeMessage" duration-ms="2049" started-at="2019-07-17T11:47:21Z" finished-at="2019-07-17T11:47:23Z">
          <reporter-output>
          </reporter-output>
        </test-method> <!-- WelcomeMessage -->
        <test-method status="PASS" signature="membersOffers()[pri:8, instance:snipp.test.bav.testcases.UAT_BavarianInnBrokenLinks@ed9d034]" name="membersOffers" duration-ms="4452" started-at="2019-07-17T11:47:23Z" finished-at="2019-07-17T11:47:28Z">
          <reporter-output>
          </reporter-output>
        </test-method> <!-- membersOffers -->
        <test-method status="PASS" signature="afterTest()[pri:0, instance:snipp.test.bav.testcases.UAT_BavarianInnBrokenLinks@ed9d034]" name="afterTest" is-config="true" duration-ms="0" started-at="2019-07-17T11:47:23Z" finished-at="2019-07-17T11:47:23Z">
          <reporter-output>
          </reporter-output>
        </test-method> <!-- afterTest -->
        <test-method status="PASS" signature="membersLocations()[pri:9, instance:snipp.test.bav.testcases.UAT_BavarianInnBrokenLinks@ed9d034]" name="membersLocations" duration-ms="2905" started-at="2019-07-17T11:47:28Z" finished-at="2019-07-17T11:47:31Z">
          <reporter-output>
          </reporter-output>
        </test-method> <!-- membersLocations -->
        <test-method status="PASS" signature="afterTest()[pri:0, instance:snipp.test.bav.testcases.UAT_BavarianInnBrokenLinks@ed9d034]" name="afterTest" is-config="true" duration-ms="0" started-at="2019-07-17T11:47:28Z" finished-at="2019-07-17T11:47:28Z">
          <reporter-output>
          </reporter-output>
        </test-method> <!-- afterTest -->
        <test-method status="PASS" signature="afterTest()[pri:0, instance:snipp.test.bav.testcases.UAT_BavarianInnBrokenLinks@ed9d034]" name="afterTest" is-config="true" duration-ms="1" started-at="2019-07-17T11:47:31Z" finished-at="2019-07-17T11:47:31Z">
          <reporter-output>
          </reporter-output>
        </test-method> <!-- afterTest -->
        <test-method status="PASS" signature="membersSocial()[pri:10, instance:snipp.test.bav.testcases.UAT_BavarianInnBrokenLinks@ed9d034]" name="membersSocial" duration-ms="2274" started-at="2019-07-17T11:47:31Z" finished-at="2019-07-17T11:47:33Z">
          <reporter-output>
          </reporter-output>
        </test-method> <!-- membersSocial -->
        <test-method status="PASS" signature="afterTest()[pri:0, instance:snipp.test.bav.testcases.UAT_BavarianInnBrokenLinks@ed9d034]" name="afterTest" is-config="true" duration-ms="1" started-at="2019-07-17T11:47:33Z" finished-at="2019-07-17T11:47:33Z">
          <reporter-output>
          </reporter-output>
        </test-method> <!-- afterTest -->
        <test-method status="PASS" signature="logOutOfSite()[pri:11, instance:snipp.test.bav.testcases.UAT_BavarianInnBrokenLinks@ed9d034]" name="logOutOfSite" duration-ms="3634" started-at="2019-07-17T11:47:33Z" finished-at="2019-07-17T11:47:36Z">
          <reporter-output>
          </reporter-output>
        </test-method> <!-- logOutOfSite -->
        <test-method status="PASS" signature="afterTest()[pri:0, instance:snipp.test.bav.testcases.UAT_BavarianInnBrokenLinks@ed9d034]" name="afterTest" is-config="true" duration-ms="0" started-at="2019-07-17T11:47:36Z" finished-at="2019-07-17T11:47:36Z">
          <reporter-output>
          </reporter-output>
        </test-method> <!-- afterTest -->
        <test-method status="FAIL" signature="tearDown()[pri:0, instance:snipp.test.bav.testcases.UAT_BavarianInnBrokenLinks@ed9d034]" name="tearDown" is-config="true" duration-ms="0" started-at="2019-07-17T11:47:37Z" finished-at="2019-07-17T11:47:37Z">
          <exception class="org.openqa.selenium.NoSuchSessionException">
            <message>
              <![CDATA[Tried to run command without establishing a connection
Build info: version: '3.141.59', revision: 'e82be7d358', time: '2018-11-14T08:17:03'
System info: host: 'DESKTOP-G1T6KU3', ip: '192.168.1.18', os.name: 'Windows 10', os.arch: 'amd64', os.version: '10.0', java.version: '1.8.0_212'
Driver info: org.openqa.selenium.firefox.FirefoxDriver
Capabilities {acceptInsecureCerts: true, browserName: firefox, browserVersion: 68.0, javascriptEnabled: true, moz:accessibilityChecks: false, moz:buildID: 20190705220548, moz:geckodriverVersion: 0.24.0, moz:headless: false, moz:processID: 6292, moz:profile: C:\Users\kiera\AppData\Loca..., moz:shutdownTimeout: 60000, moz:useNonSpecCompliantPointerOrigin: false, moz:webdriverClick: true, pageLoadStrategy: normal, platform: WINDOWS, platformName: WINDOWS, platformVersion: 10.0, rotatable: false, setWindowRect: true, strictFileInteractability: false, timeouts: {implicit: 0, pageLoad: 300000, script: 30000}, unhandledPromptBehavior: dismiss and notify}
Session ID: cb52a340-05db-444f-999b-97511ba41572]]>
            </message>
            <full-stacktrace>
              <![CDATA[org.openqa.selenium.NoSuchSessionException: Tried to run command without establishing a connection
Build info: version: '3.141.59', revision: 'e82be7d358', time: '2018-11-14T08:17:03'
System info: host: 'DESKTOP-G1T6KU3', ip: '192.168.1.18', os.name: 'Windows 10', os.arch: 'amd64', os.version: '10.0', java.version: '1.8.0_212'
Driver info: org.openqa.selenium.firefox.FirefoxDriver
Capabilities {acceptInsecureCerts: true, browserName: firefox, browserVersion: 68.0, javascriptEnabled: true, moz:accessibilityChecks: false, moz:buildID: 20190705220548, moz:geckodriverVersion: 0.24.0, moz:headless: false, moz:processID: 6292, moz:profile: C:\Users\kiera\AppData\Loca..., moz:shutdownTimeout: 60000, moz:useNonSpecCompliantPointerOrigin: false, moz:webdriverClick: true, pageLoadStrategy: normal, platform: WINDOWS, platformName: WINDOWS, platformVersion: 10.0, rotatable: false, setWindowRect: true, strictFileInteractability: false, timeouts: {implicit: 0, pageLoad: 300000, script: 30000}, unhandledPromptBehavior: dismiss and notify}
Session ID: cb52a340-05db-444f-999b-97511ba41572
	at sun.reflect.NativeConstructorAccessorImpl.newInstance0(Native Method)
	at sun.reflect.NativeConstructorAccessorImpl.newInstance(Unknown Source)
	at sun.reflect.DelegatingConstructorAccessorImpl.newInstance(Unknown Source)
	at java.lang.reflect.Constructor.newInstance(Unknown Source)
	at org.openqa.selenium.remote.http.W3CHttpResponseCodec.createException(W3CHttpResponseCodec.java:187)
	at org.openqa.selenium.remote.http.W3CHttpResponseCodec.decode(W3CHttpResponseCodec.java:122)
	at org.openqa.selenium.remote.http.W3CHttpResponseCodec.decode(W3CHttpResponseCodec.java:49)
	at org.openqa.selenium.remote.HttpCommandExecutor.execute(HttpCommandExecutor.java:158)
	at org.openqa.selenium.remote.service.DriverCommandExecutor.execute(DriverCommandExecutor.java:83)
	at org.openqa.selenium.remote.RemoteWebDriver.execute(RemoteWebDriver.java:552)
	at org.openqa.selenium.remote.RemoteWebDriver.execute(RemoteWebDriver.java:609)
	at org.openqa.selenium.remote.RemoteWebDriver.quit(RemoteWebDriver.java:452)
	at snipp.test.bav.testcases.UAT_BavarianInnBrokenLinks.tearDown(UAT_BavarianInnBrokenLinks.java:359)
	at sun.reflect.NativeMethodAccessorImpl.invoke0(Native Method)
	at sun.reflect.NativeMethodAccessorImpl.invoke(Unknown Source)
	at sun.reflect.DelegatingMethodAccessorImpl.invoke(Unknown Source)
	at java.lang.reflect.Method.invoke(Unknown Source)
	at org.testng.internal.MethodInvocationHelper.invokeMethod(MethodInvocationHelper.java:104)
	at org.testng.internal.Invoker.invokeConfigurationMethod(Invoker.java:515)
	at org.testng.internal.Invoker.invokeConfigurations(Invoker.java:217)
	at org.testng.internal.Invoker.invokeConfigurations(Invoker.java:144)
	at org.testng.SuiteRunner.privateRun(SuiteRunner.java:357)
	at org.testng.SuiteRunner.run(SuiteRunner.java:289)
	at org.testng.SuiteRunnerWorker.runSuite(SuiteRunnerWorker.java:52)
	at org.testng.SuiteRunnerWorker.run(SuiteRunnerWorker.java:86)
	at org.testng.TestNG.runSuitesSequentially(TestNG.java:1293)
	at org.testng.TestNG.runSuitesLocally(TestNG.java:1218)
	at org.testng.TestNG.runSuites(TestNG.java:1133)
	at org.testng.TestNG.run(TestNG.java:1104)
	at org.testng.remote.AbstractRemoteTestNG.run(AbstractRemoteTestNG.java:115)
	at org.testng.remote.RemoteTestNG.initAndRun(RemoteTestNG.java:251)
	at org.testng.remote.RemoteTestNG.main(RemoteTestNG.java:77)
]]>
            </full-stacktrace>
          </exception> <!-- org.openqa.selenium.NoSuchSessionException -->
          <reporter-output>
          </reporter-output>
        </test-method> <!-- tearDown -->
      </class> <!-- snipp.test.bav.testcases.UAT_BavarianInnBrokenLinks -->
    </test> <!-- Default test -->
  </suite> <!-- Default suite -->
</testng-results>
