<?xml version="1.0" encoding="UTF-8"?>
<testng-results skipped="0" failed="0" ignored="0" total="7" passed="7">
  <reporter-output>
  </reporter-output>
  <suite name="Default suite" duration-ms="200844" started-at="2019-07-18T15:24:29Z" finished-at="2019-07-18T15:27:49Z">
    <groups>
    </groups>
    <test name="Default test" duration-ms="200844" started-at="2019-07-18T15:24:29Z" finished-at="2019-07-18T15:27:49Z">
      <class name="snipp.test.bav.testcases.UAT_BavarianInnBrokenLinks">
        <test-method status="PASS" signature="launchBrowser()[pri:0, instance:snipp.test.bav.testcases.UAT_BavarianInnBrokenLinks@4eb7f003]" name="launchBrowser" is-config="true" duration-ms="24221" started-at="2019-07-18T16:24:04Z" finished-at="2019-07-18T16:24:29Z">
          <reporter-output>
          </reporter-output>
        </test-method> <!-- launchBrowser -->
        <test-method status="PASS" signature="beforeTest()[pri:0, instance:snipp.test.bav.testcases.UAT_BavarianInnBrokenLinks@4eb7f003]" name="beforeTest" is-config="true" duration-ms="0" started-at="2019-07-18T16:24:29Z" finished-at="2019-07-18T16:24:29Z">
          <reporter-output>
          </reporter-output>
        </test-method> <!-- beforeTest -->
        <test-method status="PASS" signature="login()[pri:0, instance:snipp.test.bav.testcases.UAT_BavarianInnBrokenLinks@4eb7f003]" name="login" is-config="true" duration-ms="1370" started-at="2019-07-18T16:24:29Z" finished-at="2019-07-18T16:24:30Z">
          <reporter-output>
          </reporter-output>
        </test-method> <!-- login -->
        <test-method status="PASS" signature="titleTest()[pri:1, instance:snipp.test.bav.testcases.UAT_BavarianInnBrokenLinks@4eb7f003]" name="titleTest" duration-ms="61680" started-at="2019-07-18T16:24:30Z" finished-at="2019-07-18T16:25:32Z">
          <reporter-output>
          </reporter-output>
        </test-method> <!-- titleTest -->
        <test-method status="PASS" signature="loginToSite()[pri:2, instance:snipp.test.bav.testcases.UAT_BavarianInnBrokenLinks@4eb7f003]" name="loginToSite" duration-ms="42007" started-at="2019-07-18T16:25:32Z" finished-at="2019-07-18T16:26:14Z">
          <reporter-output>
          </reporter-output>
        </test-method> <!-- loginToSite -->
        <test-method status="PASS" signature="WelcomeMessage()[pri:4, instance:snipp.test.bav.testcases.UAT_BavarianInnBrokenLinks@4eb7f003]" name="WelcomeMessage" duration-ms="25639" started-at="2019-07-18T16:26:14Z" finished-at="2019-07-18T16:26:39Z">
          <reporter-output>
          </reporter-output>
        </test-method> <!-- WelcomeMessage -->
        <test-method status="PASS" signature="membersOffers()[pri:8, instance:snipp.test.bav.testcases.UAT_BavarianInnBrokenLinks@4eb7f003]" name="membersOffers" duration-ms="21737" started-at="2019-07-18T16:26:39Z" finished-at="2019-07-18T16:27:01Z">
          <reporter-output>
          </reporter-output>
        </test-method> <!-- membersOffers -->
        <test-method status="PASS" signature="membersLocations()[pri:9, instance:snipp.test.bav.testcases.UAT_BavarianInnBrokenLinks@4eb7f003]" name="membersLocations" duration-ms="28061" started-at="2019-07-18T16:27:01Z" finished-at="2019-07-18T16:27:29Z">
          <reporter-output>
          </reporter-output>
        </test-method> <!-- membersLocations -->
        <test-method status="PASS" signature="membersSocial()[pri:10, instance:snipp.test.bav.testcases.UAT_BavarianInnBrokenLinks@4eb7f003]" name="membersSocial" duration-ms="15383" started-at="2019-07-18T16:27:29Z" finished-at="2019-07-18T16:27:44Z">
          <reporter-output>
          </reporter-output>
        </test-method> <!-- membersSocial -->
        <test-method status="PASS" signature="logOutOfSite()[pri:11, instance:snipp.test.bav.testcases.UAT_BavarianInnBrokenLinks@4eb7f003]" name="logOutOfSite" duration-ms="4917" started-at="2019-07-18T16:27:44Z" finished-at="2019-07-18T16:27:49Z">
          <reporter-output>
          </reporter-output>
        </test-method> <!-- logOutOfSite -->
        <test-method status="PASS" signature="tearDown()[pri:0, instance:snipp.test.bav.testcases.UAT_BavarianInnBrokenLinks@4eb7f003]" name="tearDown" is-config="true" duration-ms="1397" started-at="2019-07-18T16:27:49Z" finished-at="2019-07-18T16:27:51Z">
          <reporter-output>
          </reporter-output>
        </test-method> <!-- tearDown -->
      </class> <!-- snipp.test.bav.testcases.UAT_BavarianInnBrokenLinks -->
    </test> <!-- Default test -->
  </suite> <!-- Default suite -->
</testng-results>
