<?xml version="1.0" encoding="UTF-8"?>
<testng-results skipped="0" failed="0" ignored="0" total="7" passed="7">
  <reporter-output>
  </reporter-output>
  <suite name="Default suite" duration-ms="74547" started-at="2019-07-22T15:16:09Z" finished-at="2019-07-22T15:17:24Z">
    <groups>
    </groups>
    <test name="Default test" duration-ms="74547" started-at="2019-07-22T15:16:09Z" finished-at="2019-07-22T15:17:24Z">
      <class name="testcases.UAT_BavarianInnBrokenLinks">
        <test-method status="PASS" signature="launchBrowser()[pri:0, instance:testcases.UAT_BavarianInnBrokenLinks@2e3fc542]" name="launchBrowser" is-config="true" duration-ms="9682" started-at="2019-07-22T16:15:59Z" finished-at="2019-07-22T16:16:09Z">
          <reporter-output>
          </reporter-output>
        </test-method> <!-- launchBrowser -->
        <test-method status="PASS" signature="login()[pri:0, instance:testcases.UAT_BavarianInnBrokenLinks@2e3fc542]" name="login" is-config="true" duration-ms="1477" started-at="2019-07-22T16:16:09Z" finished-at="2019-07-22T16:16:10Z">
          <reporter-output>
          </reporter-output>
        </test-method> <!-- login -->
        <test-method status="PASS" signature="loginToSite()[pri:2, instance:testcases.UAT_BavarianInnBrokenLinks@2e3fc542]" name="loginToSite" duration-ms="7012" started-at="2019-07-22T16:16:10Z" finished-at="2019-07-22T16:16:18Z">
          <reporter-output>
          </reporter-output>
        </test-method> <!-- loginToSite -->
        <test-method status="PASS" signature="WelcomeMessage()[pri:3, instance:testcases.UAT_BavarianInnBrokenLinks@2e3fc542]" name="WelcomeMessage" duration-ms="7469" started-at="2019-07-22T16:16:18Z" finished-at="2019-07-22T16:16:25Z">
          <reporter-output>
          </reporter-output>
        </test-method> <!-- WelcomeMessage -->
        <test-method status="PASS" signature="uploadReciept()[pri:4, instance:testcases.UAT_BavarianInnBrokenLinks@2e3fc542]" name="uploadReciept" duration-ms="4807" started-at="2019-07-22T16:16:25Z" finished-at="2019-07-22T16:16:30Z">
          <reporter-output>
          </reporter-output>
        </test-method> <!-- uploadReciept -->
        <test-method status="PASS" signature="profileDisplayed()[pri:5, instance:testcases.UAT_BavarianInnBrokenLinks@2e3fc542]" name="profileDisplayed" duration-ms="4381" started-at="2019-07-22T16:16:30Z" finished-at="2019-07-22T16:16:34Z">
          <reporter-output>
          </reporter-output>
        </test-method> <!-- profileDisplayed -->
        <test-method status="PASS" signature="membersOffers()[pri:6, instance:testcases.UAT_BavarianInnBrokenLinks@2e3fc542]" name="membersOffers" duration-ms="20624" started-at="2019-07-22T16:16:34Z" finished-at="2019-07-22T16:16:55Z">
          <reporter-output>
          </reporter-output>
        </test-method> <!-- membersOffers -->
        <test-method status="PASS" signature="membersLocations()[pri:7, instance:testcases.UAT_BavarianInnBrokenLinks@2e3fc542]" name="membersLocations" duration-ms="21688" started-at="2019-07-22T16:16:55Z" finished-at="2019-07-22T16:17:16Z">
          <reporter-output>
          </reporter-output>
        </test-method> <!-- membersLocations -->
        <test-method status="PASS" signature="membersSocial()[pri:8, instance:testcases.UAT_BavarianInnBrokenLinks@2e3fc542]" name="membersSocial" duration-ms="7054" started-at="2019-07-22T16:17:16Z" finished-at="2019-07-22T16:17:24Z">
          <reporter-output>
          </reporter-output>
        </test-method> <!-- membersSocial -->
        <test-method status="PASS" signature="tearDown()[pri:0, instance:testcases.UAT_BavarianInnBrokenLinks@2e3fc542]" name="tearDown" is-config="true" duration-ms="1466" started-at="2019-07-22T16:17:24Z" finished-at="2019-07-22T16:17:25Z">
          <reporter-output>
          </reporter-output>
        </test-method> <!-- tearDown -->
      </class> <!-- testcases.UAT_BavarianInnBrokenLinks -->
    </test> <!-- Default test -->
  </suite> <!-- Default suite -->
</testng-results>
