<?xml version="1.0" encoding="UTF-8"?>
<testng-results skipped="0" failed="4" ignored="0" total="10" passed="6">
  <reporter-output>
  </reporter-output>
  <suite name="Default suite" duration-ms="43099" started-at="2019-07-17T07:52:39Z" finished-at="2019-07-17T07:53:22Z">
    <groups>
    </groups>
    <test name="Default test" duration-ms="43099" started-at="2019-07-17T07:52:39Z" finished-at="2019-07-17T07:53:22Z">
      <class name="snipp.test.bav.testcases.UAT_BavarianInnLoginUploadReciepts">
        <test-method status="PASS" signature="launchBrowser()[pri:0, instance:snipp.test.bav.testcases.UAT_BavarianInnLoginUploadReciepts@1e7c7811]" name="launchBrowser" is-config="true" duration-ms="5545" started-at="2019-07-17T08:52:33Z" finished-at="2019-07-17T08:52:39Z">
          <reporter-output>
          </reporter-output>
        </test-method> <!-- launchBrowser -->
        <test-method status="PASS" signature="beforeTest()[pri:0, instance:snipp.test.bav.testcases.UAT_BavarianInnLoginUploadReciepts@1e7c7811]" name="beforeTest" is-config="true" duration-ms="0" started-at="2019-07-17T08:52:39Z" finished-at="2019-07-17T08:52:39Z">
          <reporter-output>
          </reporter-output>
        </test-method> <!-- beforeTest -->
        <test-method status="PASS" signature="setUp()[pri:0, instance:snipp.test.bav.testcases.UAT_BavarianInnLoginUploadReciepts@1e7c7811]" name="setUp" is-config="true" duration-ms="169" started-at="2019-07-17T08:52:39Z" finished-at="2019-07-17T08:52:39Z">
          <reporter-output>
          </reporter-output>
        </test-method> <!-- setUp -->
        <test-method status="PASS" signature="beforeMethod()[pri:0, instance:snipp.test.bav.testcases.UAT_BavarianInnLoginUploadReciepts@1e7c7811]" name="beforeMethod" is-config="true" duration-ms="0" started-at="2019-07-17T08:52:39Z" finished-at="2019-07-17T08:52:39Z">
          <reporter-output>
          </reporter-output>
        </test-method> <!-- beforeMethod -->
        <test-method status="PASS" signature="loginToSite()[pri:1, instance:snipp.test.bav.testcases.UAT_BavarianInnLoginUploadReciepts@1e7c7811]" name="loginToSite" duration-ms="26" started-at="2019-07-17T08:52:39Z" finished-at="2019-07-17T08:52:39Z">
          <reporter-output>
          </reporter-output>
        </test-method> <!-- loginToSite -->
        <test-method status="PASS" signature="tearDown()[pri:0, instance:snipp.test.bav.testcases.UAT_BavarianInnLoginUploadReciepts@1e7c7811]" name="tearDown" is-config="true" duration-ms="345" started-at="2019-07-17T08:52:39Z" finished-at="2019-07-17T08:52:39Z">
          <reporter-output>
          </reporter-output>
        </test-method> <!-- tearDown -->
        <test-method status="PASS" signature="beforeMethod()[pri:0, instance:snipp.test.bav.testcases.UAT_BavarianInnLoginUploadReciepts@1e7c7811]" name="beforeMethod" is-config="true" duration-ms="1" started-at="2019-07-17T08:52:39Z" finished-at="2019-07-17T08:52:39Z">
          <reporter-output>
          </reporter-output>
        </test-method> <!-- beforeMethod -->
        <test-method status="PASS" signature="enterDetails()[pri:2, instance:snipp.test.bav.testcases.UAT_BavarianInnLoginUploadReciepts@1e7c7811]" name="enterDetails" duration-ms="690" started-at="2019-07-17T08:52:39Z" finished-at="2019-07-17T08:52:40Z">
          <reporter-output>
          </reporter-output>
        </test-method> <!-- enterDetails -->
        <test-method status="PASS" signature="tearDown()[pri:0, instance:snipp.test.bav.testcases.UAT_BavarianInnLoginUploadReciepts@1e7c7811]" name="tearDown" is-config="true" duration-ms="56" started-at="2019-07-17T08:52:40Z" finished-at="2019-07-17T08:52:40Z">
          <reporter-output>
          </reporter-output>
        </test-method> <!-- tearDown -->
        <test-method status="PASS" signature="loginTitleTest()[pri:3, instance:snipp.test.bav.testcases.UAT_BavarianInnLoginUploadReciepts@1e7c7811]" name="loginTitleTest" duration-ms="3008" started-at="2019-07-17T08:52:40Z" finished-at="2019-07-17T08:52:43Z">
          <reporter-output>
          </reporter-output>
        </test-method> <!-- loginTitleTest -->
        <test-method status="PASS" signature="beforeMethod()[pri:0, instance:snipp.test.bav.testcases.UAT_BavarianInnLoginUploadReciepts@1e7c7811]" name="beforeMethod" is-config="true" duration-ms="0" started-at="2019-07-17T08:52:40Z" finished-at="2019-07-17T08:52:40Z">
          <reporter-output>
          </reporter-output>
        </test-method> <!-- beforeMethod -->
        <test-method status="PASS" signature="tearDown()[pri:0, instance:snipp.test.bav.testcases.UAT_BavarianInnLoginUploadReciepts@1e7c7811]" name="tearDown" is-config="true" duration-ms="73" started-at="2019-07-17T08:52:43Z" finished-at="2019-07-17T08:52:43Z">
          <reporter-output>
          </reporter-output>
        </test-method> <!-- tearDown -->
        <test-method status="PASS" signature="WelcomeMessage()[pri:4, instance:snipp.test.bav.testcases.UAT_BavarianInnLoginUploadReciepts@1e7c7811]" name="WelcomeMessage" duration-ms="30" started-at="2019-07-17T08:52:43Z" finished-at="2019-07-17T08:52:43Z">
          <reporter-output>
          </reporter-output>
        </test-method> <!-- WelcomeMessage -->
        <test-method status="PASS" signature="beforeMethod()[pri:0, instance:snipp.test.bav.testcases.UAT_BavarianInnLoginUploadReciepts@1e7c7811]" name="beforeMethod" is-config="true" duration-ms="0" started-at="2019-07-17T08:52:43Z" finished-at="2019-07-17T08:52:43Z">
          <reporter-output>
          </reporter-output>
        </test-method> <!-- beforeMethod -->
        <test-method status="PASS" signature="tearDown()[pri:0, instance:snipp.test.bav.testcases.UAT_BavarianInnLoginUploadReciepts@1e7c7811]" name="tearDown" is-config="true" duration-ms="48" started-at="2019-07-17T08:52:43Z" finished-at="2019-07-17T08:52:43Z">
          <reporter-output>
          </reporter-output>
        </test-method> <!-- tearDown -->
        <test-method status="PASS" signature="uploadReciept()[pri:5, instance:snipp.test.bav.testcases.UAT_BavarianInnLoginUploadReciepts@1e7c7811]" name="uploadReciept" duration-ms="2579" started-at="2019-07-17T08:52:43Z" finished-at="2019-07-17T08:52:46Z">
          <reporter-output>
          </reporter-output>
        </test-method> <!-- uploadReciept -->
        <test-method status="PASS" signature="beforeMethod()[pri:0, instance:snipp.test.bav.testcases.UAT_BavarianInnLoginUploadReciepts@1e7c7811]" name="beforeMethod" is-config="true" duration-ms="0" started-at="2019-07-17T08:52:43Z" finished-at="2019-07-17T08:52:43Z">
          <reporter-output>
          </reporter-output>
        </test-method> <!-- beforeMethod -->
        <test-method status="PASS" signature="tearDown()[pri:0, instance:snipp.test.bav.testcases.UAT_BavarianInnLoginUploadReciepts@1e7c7811]" name="tearDown" is-config="true" duration-ms="47" started-at="2019-07-17T08:52:46Z" finished-at="2019-07-17T08:52:46Z">
          <reporter-output>
          </reporter-output>
        </test-method> <!-- tearDown -->
        <test-method status="PASS" signature="beforeMethod()[pri:0, instance:snipp.test.bav.testcases.UAT_BavarianInnLoginUploadReciepts@1e7c7811]" name="beforeMethod" is-config="true" duration-ms="1" started-at="2019-07-17T08:52:46Z" finished-at="2019-07-17T08:52:46Z">
          <reporter-output>
          </reporter-output>
        </test-method> <!-- beforeMethod -->
        <test-method status="FAIL" signature="uploadButtomSelection()[pri:6, instance:snipp.test.bav.testcases.UAT_BavarianInnLoginUploadReciepts@1e7c7811]" name="uploadButtomSelection" duration-ms="2107" started-at="2019-07-17T08:52:46Z" finished-at="2019-07-17T08:52:48Z">
          <exception class="org.openqa.selenium.WebDriverException">
            <message>
              <![CDATA[unknown error: path is not absolute: src/testfiles/demo.jpg
  (Session info: chrome=75.0.3770.100)
Build info: version: '3.141.59', revision: 'e82be7d358', time: '2018-11-14T08:17:03'
System info: host: 'DESKTOP-G1T6KU3', ip: '192.168.1.18', os.name: 'Windows 10', os.arch: 'amd64', os.version: '10.0', java.version: '1.8.0_212'
Driver info: org.openqa.selenium.chrome.ChromeDriver
Capabilities {acceptInsecureCerts: false, browserName: chrome, browserVersion: 75.0.3770.100, chrome: {chromedriverVersion: 75.0.3770.90 (a6dcaf7e3ec6f..., userDataDir: C:\Users\kiera\AppData\Loca...}, goog:chromeOptions: {debuggerAddress: localhost:61326}, javascriptEnabled: true, networkConnectionEnabled: false, pageLoadStrategy: normal, platform: XP, platformName: XP, proxy: Proxy(), setWindowRect: true, strictFileInteractability: false, timeouts: {implicit: 0, pageLoad: 300000, script: 30000}, unhandledPromptBehavior: dismiss and notify}
Session ID: 1aa87d1b2ac1aa057fa7361666c09482]]>
            </message>
            <full-stacktrace>
              <![CDATA[org.openqa.selenium.WebDriverException: unknown error: path is not absolute: src/testfiles/demo.jpg
  (Session info: chrome=75.0.3770.100)
Build info: version: '3.141.59', revision: 'e82be7d358', time: '2018-11-14T08:17:03'
System info: host: 'DESKTOP-G1T6KU3', ip: '192.168.1.18', os.name: 'Windows 10', os.arch: 'amd64', os.version: '10.0', java.version: '1.8.0_212'
Driver info: org.openqa.selenium.chrome.ChromeDriver
Capabilities {acceptInsecureCerts: false, browserName: chrome, browserVersion: 75.0.3770.100, chrome: {chromedriverVersion: 75.0.3770.90 (a6dcaf7e3ec6f..., userDataDir: C:\Users\kiera\AppData\Loca...}, goog:chromeOptions: {debuggerAddress: localhost:61326}, javascriptEnabled: true, networkConnectionEnabled: false, pageLoadStrategy: normal, platform: XP, platformName: XP, proxy: Proxy(), setWindowRect: true, strictFileInteractability: false, timeouts: {implicit: 0, pageLoad: 300000, script: 30000}, unhandledPromptBehavior: dismiss and notify}
Session ID: 1aa87d1b2ac1aa057fa7361666c09482
	at sun.reflect.NativeConstructorAccessorImpl.newInstance0(Native Method)
	at sun.reflect.NativeConstructorAccessorImpl.newInstance(Unknown Source)
	at sun.reflect.DelegatingConstructorAccessorImpl.newInstance(Unknown Source)
	at java.lang.reflect.Constructor.newInstance(Unknown Source)
	at org.openqa.selenium.remote.http.W3CHttpResponseCodec.createException(W3CHttpResponseCodec.java:187)
	at org.openqa.selenium.remote.http.W3CHttpResponseCodec.decode(W3CHttpResponseCodec.java:122)
	at org.openqa.selenium.remote.http.W3CHttpResponseCodec.decode(W3CHttpResponseCodec.java:49)
	at org.openqa.selenium.remote.HttpCommandExecutor.execute(HttpCommandExecutor.java:158)
	at org.openqa.selenium.remote.service.DriverCommandExecutor.execute(DriverCommandExecutor.java:83)
	at org.openqa.selenium.remote.RemoteWebDriver.execute(RemoteWebDriver.java:552)
	at org.openqa.selenium.remote.RemoteWebElement.execute(RemoteWebElement.java:285)
	at org.openqa.selenium.remote.RemoteWebElement.sendKeys(RemoteWebElement.java:106)
	at snipp.test.bav.testcases.UAT_BavarianInnLoginUploadReciepts.uploadButtomSelection(UAT_BavarianInnLoginUploadReciepts.java:218)
	at sun.reflect.NativeMethodAccessorImpl.invoke0(Native Method)
	at sun.reflect.NativeMethodAccessorImpl.invoke(Unknown Source)
	at sun.reflect.DelegatingMethodAccessorImpl.invoke(Unknown Source)
	at java.lang.reflect.Method.invoke(Unknown Source)
	at org.testng.internal.MethodInvocationHelper.invokeMethod(MethodInvocationHelper.java:104)
	at org.testng.internal.Invoker.invokeMethod(Invoker.java:645)
	at org.testng.internal.Invoker.invokeTestMethod(Invoker.java:851)
	at org.testng.internal.Invoker.invokeTestMethods(Invoker.java:1177)
	at org.testng.internal.TestMethodWorker.invokeTestMethods(TestMethodWorker.java:129)
	at org.testng.internal.TestMethodWorker.run(TestMethodWorker.java:112)
	at org.testng.TestRunner.privateRun(TestRunner.java:756)
	at org.testng.TestRunner.run(TestRunner.java:610)
	at org.testng.SuiteRunner.runTest(SuiteRunner.java:387)
	at org.testng.SuiteRunner.runSequentially(SuiteRunner.java:382)
	at org.testng.SuiteRunner.privateRun(SuiteRunner.java:340)
	at org.testng.SuiteRunner.run(SuiteRunner.java:289)
	at org.testng.SuiteRunnerWorker.runSuite(SuiteRunnerWorker.java:52)
	at org.testng.SuiteRunnerWorker.run(SuiteRunnerWorker.java:86)
	at org.testng.TestNG.runSuitesSequentially(TestNG.java:1293)
	at org.testng.TestNG.runSuitesLocally(TestNG.java:1218)
	at org.testng.TestNG.runSuites(TestNG.java:1133)
	at org.testng.TestNG.run(TestNG.java:1104)
	at org.testng.remote.AbstractRemoteTestNG.run(AbstractRemoteTestNG.java:115)
	at org.testng.remote.RemoteTestNG.initAndRun(RemoteTestNG.java:251)
	at org.testng.remote.RemoteTestNG.main(RemoteTestNG.java:77)
]]>
            </full-stacktrace>
          </exception> <!-- org.openqa.selenium.WebDriverException -->
          <reporter-output>
          </reporter-output>
        </test-method> <!-- uploadButtomSelection -->
        <test-method status="PASS" signature="tearDown()[pri:0, instance:snipp.test.bav.testcases.UAT_BavarianInnLoginUploadReciepts@1e7c7811]" name="tearDown" is-config="true" duration-ms="57" started-at="2019-07-17T08:52:48Z" finished-at="2019-07-17T08:52:48Z">
          <reporter-output>
          </reporter-output>
        </test-method> <!-- tearDown -->
        <test-method status="PASS" signature="beforeMethod()[pri:0, instance:snipp.test.bav.testcases.UAT_BavarianInnLoginUploadReciepts@1e7c7811]" name="beforeMethod" is-config="true" duration-ms="0" started-at="2019-07-17T08:52:48Z" finished-at="2019-07-17T08:52:48Z">
          <reporter-output>
          </reporter-output>
        </test-method> <!-- beforeMethod -->
        <test-method status="FAIL" signature="verifyUploadWorked()[pri:7, instance:snipp.test.bav.testcases.UAT_BavarianInnLoginUploadReciepts@1e7c7811]" name="verifyUploadWorked" duration-ms="20491" started-at="2019-07-17T08:52:48Z" finished-at="2019-07-17T08:53:09Z">
          <exception class="org.openqa.selenium.NoSuchElementException">
            <message>
              <![CDATA[no such element: Unable to locate element: {"method":"xpath","selector":"//*[@id="receiptPage"]/div/div/div[4]/div/div/div/div/div/div/table/tbody/tr[1]/td[1]/span"}
  (Session info: chrome=75.0.3770.100)
For documentation on this error, please visit: https://www.seleniumhq.org/exceptions/no_such_element.html
Build info: version: '3.141.59', revision: 'e82be7d358', time: '2018-11-14T08:17:03'
System info: host: 'DESKTOP-G1T6KU3', ip: '192.168.1.18', os.name: 'Windows 10', os.arch: 'amd64', os.version: '10.0', java.version: '1.8.0_212'
Driver info: org.openqa.selenium.chrome.ChromeDriver
Capabilities {acceptInsecureCerts: false, browserName: chrome, browserVersion: 75.0.3770.100, chrome: {chromedriverVersion: 75.0.3770.90 (a6dcaf7e3ec6f..., userDataDir: C:\Users\kiera\AppData\Loca...}, goog:chromeOptions: {debuggerAddress: localhost:61326}, javascriptEnabled: true, networkConnectionEnabled: false, pageLoadStrategy: normal, platform: XP, platformName: XP, proxy: Proxy(), setWindowRect: true, strictFileInteractability: false, timeouts: {implicit: 0, pageLoad: 300000, script: 30000}, unhandledPromptBehavior: dismiss and notify}
Session ID: 1aa87d1b2ac1aa057fa7361666c09482
*** Element info: {Using=xpath, value=//*[@id="receiptPage"]/div/div/div[4]/div/div/div/div/div/div/table/tbody/tr[1]/td[1]/span}]]>
            </message>
            <full-stacktrace>
              <![CDATA[org.openqa.selenium.NoSuchElementException: no such element: Unable to locate element: {"method":"xpath","selector":"//*[@id="receiptPage"]/div/div/div[4]/div/div/div/div/div/div/table/tbody/tr[1]/td[1]/span"}
  (Session info: chrome=75.0.3770.100)
For documentation on this error, please visit: https://www.seleniumhq.org/exceptions/no_such_element.html
Build info: version: '3.141.59', revision: 'e82be7d358', time: '2018-11-14T08:17:03'
System info: host: 'DESKTOP-G1T6KU3', ip: '192.168.1.18', os.name: 'Windows 10', os.arch: 'amd64', os.version: '10.0', java.version: '1.8.0_212'
Driver info: org.openqa.selenium.chrome.ChromeDriver
Capabilities {acceptInsecureCerts: false, browserName: chrome, browserVersion: 75.0.3770.100, chrome: {chromedriverVersion: 75.0.3770.90 (a6dcaf7e3ec6f..., userDataDir: C:\Users\kiera\AppData\Loca...}, goog:chromeOptions: {debuggerAddress: localhost:61326}, javascriptEnabled: true, networkConnectionEnabled: false, pageLoadStrategy: normal, platform: XP, platformName: XP, proxy: Proxy(), setWindowRect: true, strictFileInteractability: false, timeouts: {implicit: 0, pageLoad: 300000, script: 30000}, unhandledPromptBehavior: dismiss and notify}
Session ID: 1aa87d1b2ac1aa057fa7361666c09482
*** Element info: {Using=xpath, value=//*[@id="receiptPage"]/div/div/div[4]/div/div/div/div/div/div/table/tbody/tr[1]/td[1]/span}
	at sun.reflect.NativeConstructorAccessorImpl.newInstance0(Native Method)
	at sun.reflect.NativeConstructorAccessorImpl.newInstance(Unknown Source)
	at sun.reflect.DelegatingConstructorAccessorImpl.newInstance(Unknown Source)
	at java.lang.reflect.Constructor.newInstance(Unknown Source)
	at org.openqa.selenium.remote.http.W3CHttpResponseCodec.createException(W3CHttpResponseCodec.java:187)
	at org.openqa.selenium.remote.http.W3CHttpResponseCodec.decode(W3CHttpResponseCodec.java:122)
	at org.openqa.selenium.remote.http.W3CHttpResponseCodec.decode(W3CHttpResponseCodec.java:49)
	at org.openqa.selenium.remote.HttpCommandExecutor.execute(HttpCommandExecutor.java:158)
	at org.openqa.selenium.remote.service.DriverCommandExecutor.execute(DriverCommandExecutor.java:83)
	at org.openqa.selenium.remote.RemoteWebDriver.execute(RemoteWebDriver.java:552)
	at org.openqa.selenium.remote.RemoteWebDriver.findElement(RemoteWebDriver.java:323)
	at org.openqa.selenium.remote.RemoteWebDriver.findElementByXPath(RemoteWebDriver.java:428)
	at org.openqa.selenium.By$ByXPath.findElement(By.java:353)
	at org.openqa.selenium.remote.RemoteWebDriver.findElement(RemoteWebDriver.java:315)
	at snipp.test.bav.testcases.UAT_BavarianInnLoginUploadReciepts.verifyUploadWorked(UAT_BavarianInnLoginUploadReciepts.java:251)
	at sun.reflect.NativeMethodAccessorImpl.invoke0(Native Method)
	at sun.reflect.NativeMethodAccessorImpl.invoke(Unknown Source)
	at sun.reflect.DelegatingMethodAccessorImpl.invoke(Unknown Source)
	at java.lang.reflect.Method.invoke(Unknown Source)
	at org.testng.internal.MethodInvocationHelper.invokeMethod(MethodInvocationHelper.java:104)
	at org.testng.internal.Invoker.invokeMethod(Invoker.java:645)
	at org.testng.internal.Invoker.invokeTestMethod(Invoker.java:851)
	at org.testng.internal.Invoker.invokeTestMethods(Invoker.java:1177)
	at org.testng.internal.TestMethodWorker.invokeTestMethods(TestMethodWorker.java:129)
	at org.testng.internal.TestMethodWorker.run(TestMethodWorker.java:112)
	at org.testng.TestRunner.privateRun(TestRunner.java:756)
	at org.testng.TestRunner.run(TestRunner.java:610)
	at org.testng.SuiteRunner.runTest(SuiteRunner.java:387)
	at org.testng.SuiteRunner.runSequentially(SuiteRunner.java:382)
	at org.testng.SuiteRunner.privateRun(SuiteRunner.java:340)
	at org.testng.SuiteRunner.run(SuiteRunner.java:289)
	at org.testng.SuiteRunnerWorker.runSuite(SuiteRunnerWorker.java:52)
	at org.testng.SuiteRunnerWorker.run(SuiteRunnerWorker.java:86)
	at org.testng.TestNG.runSuitesSequentially(TestNG.java:1293)
	at org.testng.TestNG.runSuitesLocally(TestNG.java:1218)
	at org.testng.TestNG.runSuites(TestNG.java:1133)
	at org.testng.TestNG.run(TestNG.java:1104)
	at org.testng.remote.AbstractRemoteTestNG.run(AbstractRemoteTestNG.java:115)
	at org.testng.remote.RemoteTestNG.initAndRun(RemoteTestNG.java:251)
	at org.testng.remote.RemoteTestNG.main(RemoteTestNG.java:77)
]]>
            </full-stacktrace>
          </exception> <!-- org.openqa.selenium.NoSuchElementException -->
          <reporter-output>
          </reporter-output>
        </test-method> <!-- verifyUploadWorked -->
        <test-method status="PASS" signature="tearDown()[pri:0, instance:snipp.test.bav.testcases.UAT_BavarianInnLoginUploadReciepts@1e7c7811]" name="tearDown" is-config="true" duration-ms="58" started-at="2019-07-17T08:53:09Z" finished-at="2019-07-17T08:53:09Z">
          <reporter-output>
          </reporter-output>
        </test-method> <!-- tearDown -->
        <test-method status="PASS" signature="beforeMethod()[pri:0, instance:snipp.test.bav.testcases.UAT_BavarianInnLoginUploadReciepts@1e7c7811]" name="beforeMethod" is-config="true" duration-ms="0" started-at="2019-07-17T08:53:09Z" finished-at="2019-07-17T08:53:09Z">
          <reporter-output>
          </reporter-output>
        </test-method> <!-- beforeMethod -->
        <test-method status="FAIL" signature="verifyUploadQUEUEDStatus()[pri:8, instance:snipp.test.bav.testcases.UAT_BavarianInnLoginUploadReciepts@1e7c7811]" name="verifyUploadQUEUEDStatus" duration-ms="10030" started-at="2019-07-17T08:53:09Z" finished-at="2019-07-17T08:53:19Z">
          <exception class="org.openqa.selenium.NoSuchElementException">
            <message>
              <![CDATA[no such element: Unable to locate element: {"method":"xpath","selector":"//*[@id="receiptPage"]/div/div/div[4]/div/div/div/div/div/div/table/tbody/tr[1]/td[2]/span[1]"}
  (Session info: chrome=75.0.3770.100)
For documentation on this error, please visit: https://www.seleniumhq.org/exceptions/no_such_element.html
Build info: version: '3.141.59', revision: 'e82be7d358', time: '2018-11-14T08:17:03'
System info: host: 'DESKTOP-G1T6KU3', ip: '192.168.1.18', os.name: 'Windows 10', os.arch: 'amd64', os.version: '10.0', java.version: '1.8.0_212'
Driver info: org.openqa.selenium.chrome.ChromeDriver
Capabilities {acceptInsecureCerts: false, browserName: chrome, browserVersion: 75.0.3770.100, chrome: {chromedriverVersion: 75.0.3770.90 (a6dcaf7e3ec6f..., userDataDir: C:\Users\kiera\AppData\Loca...}, goog:chromeOptions: {debuggerAddress: localhost:61326}, javascriptEnabled: true, networkConnectionEnabled: false, pageLoadStrategy: normal, platform: XP, platformName: XP, proxy: Proxy(), setWindowRect: true, strictFileInteractability: false, timeouts: {implicit: 0, pageLoad: 300000, script: 30000}, unhandledPromptBehavior: dismiss and notify}
Session ID: 1aa87d1b2ac1aa057fa7361666c09482
*** Element info: {Using=xpath, value=//*[@id="receiptPage"]/div/div/div[4]/div/div/div/div/div/div/table/tbody/tr[1]/td[2]/span[1]}]]>
            </message>
            <full-stacktrace>
              <![CDATA[org.openqa.selenium.NoSuchElementException: no such element: Unable to locate element: {"method":"xpath","selector":"//*[@id="receiptPage"]/div/div/div[4]/div/div/div/div/div/div/table/tbody/tr[1]/td[2]/span[1]"}
  (Session info: chrome=75.0.3770.100)
For documentation on this error, please visit: https://www.seleniumhq.org/exceptions/no_such_element.html
Build info: version: '3.141.59', revision: 'e82be7d358', time: '2018-11-14T08:17:03'
System info: host: 'DESKTOP-G1T6KU3', ip: '192.168.1.18', os.name: 'Windows 10', os.arch: 'amd64', os.version: '10.0', java.version: '1.8.0_212'
Driver info: org.openqa.selenium.chrome.ChromeDriver
Capabilities {acceptInsecureCerts: false, browserName: chrome, browserVersion: 75.0.3770.100, chrome: {chromedriverVersion: 75.0.3770.90 (a6dcaf7e3ec6f..., userDataDir: C:\Users\kiera\AppData\Loca...}, goog:chromeOptions: {debuggerAddress: localhost:61326}, javascriptEnabled: true, networkConnectionEnabled: false, pageLoadStrategy: normal, platform: XP, platformName: XP, proxy: Proxy(), setWindowRect: true, strictFileInteractability: false, timeouts: {implicit: 0, pageLoad: 300000, script: 30000}, unhandledPromptBehavior: dismiss and notify}
Session ID: 1aa87d1b2ac1aa057fa7361666c09482
*** Element info: {Using=xpath, value=//*[@id="receiptPage"]/div/div/div[4]/div/div/div/div/div/div/table/tbody/tr[1]/td[2]/span[1]}
	at sun.reflect.NativeConstructorAccessorImpl.newInstance0(Native Method)
	at sun.reflect.NativeConstructorAccessorImpl.newInstance(Unknown Source)
	at sun.reflect.DelegatingConstructorAccessorImpl.newInstance(Unknown Source)
	at java.lang.reflect.Constructor.newInstance(Unknown Source)
	at org.openqa.selenium.remote.http.W3CHttpResponseCodec.createException(W3CHttpResponseCodec.java:187)
	at org.openqa.selenium.remote.http.W3CHttpResponseCodec.decode(W3CHttpResponseCodec.java:122)
	at org.openqa.selenium.remote.http.W3CHttpResponseCodec.decode(W3CHttpResponseCodec.java:49)
	at org.openqa.selenium.remote.HttpCommandExecutor.execute(HttpCommandExecutor.java:158)
	at org.openqa.selenium.remote.service.DriverCommandExecutor.execute(DriverCommandExecutor.java:83)
	at org.openqa.selenium.remote.RemoteWebDriver.execute(RemoteWebDriver.java:552)
	at org.openqa.selenium.remote.RemoteWebDriver.findElement(RemoteWebDriver.java:323)
	at org.openqa.selenium.remote.RemoteWebDriver.findElementByXPath(RemoteWebDriver.java:428)
	at org.openqa.selenium.By$ByXPath.findElement(By.java:353)
	at org.openqa.selenium.remote.RemoteWebDriver.findElement(RemoteWebDriver.java:315)
	at snipp.test.bav.testcases.UAT_BavarianInnLoginUploadReciepts.verifyUploadQUEUEDStatus(UAT_BavarianInnLoginUploadReciepts.java:264)
	at sun.reflect.NativeMethodAccessorImpl.invoke0(Native Method)
	at sun.reflect.NativeMethodAccessorImpl.invoke(Unknown Source)
	at sun.reflect.DelegatingMethodAccessorImpl.invoke(Unknown Source)
	at java.lang.reflect.Method.invoke(Unknown Source)
	at org.testng.internal.MethodInvocationHelper.invokeMethod(MethodInvocationHelper.java:104)
	at org.testng.internal.Invoker.invokeMethod(Invoker.java:645)
	at org.testng.internal.Invoker.invokeTestMethod(Invoker.java:851)
	at org.testng.internal.Invoker.invokeTestMethods(Invoker.java:1177)
	at org.testng.internal.TestMethodWorker.invokeTestMethods(TestMethodWorker.java:129)
	at org.testng.internal.TestMethodWorker.run(TestMethodWorker.java:112)
	at org.testng.TestRunner.privateRun(TestRunner.java:756)
	at org.testng.TestRunner.run(TestRunner.java:610)
	at org.testng.SuiteRunner.runTest(SuiteRunner.java:387)
	at org.testng.SuiteRunner.runSequentially(SuiteRunner.java:382)
	at org.testng.SuiteRunner.privateRun(SuiteRunner.java:340)
	at org.testng.SuiteRunner.run(SuiteRunner.java:289)
	at org.testng.SuiteRunnerWorker.runSuite(SuiteRunnerWorker.java:52)
	at org.testng.SuiteRunnerWorker.run(SuiteRunnerWorker.java:86)
	at org.testng.TestNG.runSuitesSequentially(TestNG.java:1293)
	at org.testng.TestNG.runSuitesLocally(TestNG.java:1218)
	at org.testng.TestNG.runSuites(TestNG.java:1133)
	at org.testng.TestNG.run(TestNG.java:1104)
	at org.testng.remote.AbstractRemoteTestNG.run(AbstractRemoteTestNG.java:115)
	at org.testng.remote.RemoteTestNG.initAndRun(RemoteTestNG.java:251)
	at org.testng.remote.RemoteTestNG.main(RemoteTestNG.java:77)
]]>
            </full-stacktrace>
          </exception> <!-- org.openqa.selenium.NoSuchElementException -->
          <reporter-output>
          </reporter-output>
        </test-method> <!-- verifyUploadQUEUEDStatus -->
        <test-method status="PASS" signature="tearDown()[pri:0, instance:snipp.test.bav.testcases.UAT_BavarianInnLoginUploadReciepts@1e7c7811]" name="tearDown" is-config="true" duration-ms="56" started-at="2019-07-17T08:53:19Z" finished-at="2019-07-17T08:53:19Z">
          <reporter-output>
          </reporter-output>
        </test-method> <!-- tearDown -->
        <test-method status="PASS" signature="beforeMethod()[pri:0, instance:snipp.test.bav.testcases.UAT_BavarianInnLoginUploadReciepts@1e7c7811]" name="beforeMethod" is-config="true" duration-ms="1" started-at="2019-07-17T08:53:19Z" finished-at="2019-07-17T08:53:19Z">
          <reporter-output>
          </reporter-output>
        </test-method> <!-- beforeMethod -->
        <test-method status="FAIL" signature="viewReciept()[pri:9, instance:snipp.test.bav.testcases.UAT_BavarianInnLoginUploadReciepts@1e7c7811]" name="viewReciept" duration-ms="40" started-at="2019-07-17T08:53:19Z" finished-at="2019-07-17T08:53:19Z">
          <exception class="java.lang.AssertionError">
            <message>
              <![CDATA[Failed viewReciept does not work????]]>
            </message>
            <full-stacktrace>
              <![CDATA[java.lang.AssertionError: Failed viewReciept does not work????
	at org.testng.Assert.fail(Assert.java:94)
	at snipp.test.bav.testcases.UAT_BavarianInnLoginUploadReciepts.viewReciept(UAT_BavarianInnLoginUploadReciepts.java:300)
	at sun.reflect.NativeMethodAccessorImpl.invoke0(Native Method)
	at sun.reflect.NativeMethodAccessorImpl.invoke(Unknown Source)
	at sun.reflect.DelegatingMethodAccessorImpl.invoke(Unknown Source)
	at java.lang.reflect.Method.invoke(Unknown Source)
	at org.testng.internal.MethodInvocationHelper.invokeMethod(MethodInvocationHelper.java:104)
	at org.testng.internal.Invoker.invokeMethod(Invoker.java:645)
	at org.testng.internal.Invoker.invokeTestMethod(Invoker.java:851)
	at org.testng.internal.Invoker.invokeTestMethods(Invoker.java:1177)
	at org.testng.internal.TestMethodWorker.invokeTestMethods(TestMethodWorker.java:129)
	at org.testng.internal.TestMethodWorker.run(TestMethodWorker.java:112)
	at org.testng.TestRunner.privateRun(TestRunner.java:756)
	at org.testng.TestRunner.run(TestRunner.java:610)
	at org.testng.SuiteRunner.runTest(SuiteRunner.java:387)
	at org.testng.SuiteRunner.runSequentially(SuiteRunner.java:382)
	at org.testng.SuiteRunner.privateRun(SuiteRunner.java:340)
	at org.testng.SuiteRunner.run(SuiteRunner.java:289)
	at org.testng.SuiteRunnerWorker.runSuite(SuiteRunnerWorker.java:52)
	at org.testng.SuiteRunnerWorker.run(SuiteRunnerWorker.java:86)
	at org.testng.TestNG.runSuitesSequentially(TestNG.java:1293)
	at org.testng.TestNG.runSuitesLocally(TestNG.java:1218)
	at org.testng.TestNG.runSuites(TestNG.java:1133)
	at org.testng.TestNG.run(TestNG.java:1104)
	at org.testng.remote.AbstractRemoteTestNG.run(AbstractRemoteTestNG.java:115)
	at org.testng.remote.RemoteTestNG.initAndRun(RemoteTestNG.java:251)
	at org.testng.remote.RemoteTestNG.main(RemoteTestNG.java:77)
]]>
            </full-stacktrace>
          </exception> <!-- java.lang.AssertionError -->
          <reporter-output>
          </reporter-output>
        </test-method> <!-- viewReciept -->
        <test-method status="PASS" signature="tearDown()[pri:0, instance:snipp.test.bav.testcases.UAT_BavarianInnLoginUploadReciepts@1e7c7811]" name="tearDown" is-config="true" duration-ms="74" started-at="2019-07-17T08:53:19Z" finished-at="2019-07-17T08:53:19Z">
          <reporter-output>
          </reporter-output>
        </test-method> <!-- tearDown -->
        <test-method status="PASS" signature="logOutOfSite()[pri:10, instance:snipp.test.bav.testcases.UAT_BavarianInnLoginUploadReciepts@1e7c7811]" name="logOutOfSite" duration-ms="2343" started-at="2019-07-17T08:53:19Z" finished-at="2019-07-17T08:53:21Z">
          <reporter-output>
          </reporter-output>
        </test-method> <!-- logOutOfSite -->
        <test-method status="PASS" signature="beforeMethod()[pri:0, instance:snipp.test.bav.testcases.UAT_BavarianInnLoginUploadReciepts@1e7c7811]" name="beforeMethod" is-config="true" duration-ms="0" started-at="2019-07-17T08:53:19Z" finished-at="2019-07-17T08:53:19Z">
          <reporter-output>
          </reporter-output>
        </test-method> <!-- beforeMethod -->
        <test-method status="PASS" signature="tearDown()[pri:0, instance:snipp.test.bav.testcases.UAT_BavarianInnLoginUploadReciepts@1e7c7811]" name="tearDown" is-config="true" duration-ms="43" started-at="2019-07-17T08:53:21Z" finished-at="2019-07-17T08:53:21Z">
          <reporter-output>
          </reporter-output>
        </test-method> <!-- tearDown -->
        <test-method status="PASS" signature="tearDownTest()[pri:0, instance:snipp.test.bav.testcases.UAT_BavarianInnLoginUploadReciepts@1e7c7811]" name="tearDownTest" is-config="true" duration-ms="659" started-at="2019-07-17T08:53:21Z" finished-at="2019-07-17T08:53:22Z">
          <reporter-output>
          </reporter-output>
        </test-method> <!-- tearDownTest -->
        <test-method status="PASS" signature="tearDown()[pri:0, instance:snipp.test.bav.testcases.UAT_BavarianInnLoginUploadReciepts@1e7c7811]" name="tearDown" is-config="true" duration-ms="40" started-at="2019-07-17T08:53:22Z" finished-at="2019-07-17T08:53:22Z">
          <reporter-output>
          </reporter-output>
        </test-method> <!-- tearDown -->
      </class> <!-- snipp.test.bav.testcases.UAT_BavarianInnLoginUploadReciepts -->
    </test> <!-- Default test -->
  </suite> <!-- Default suite -->
</testng-results>
