<?xml version="1.0" encoding="UTF-8"?>
<testng-results skipped="0" failed="1" ignored="0" total="7" passed="6">
  <reporter-output>
  </reporter-output>
  <suite name="Default suite" duration-ms="489539" started-at="2019-07-19T13:22:14Z" finished-at="2019-07-19T13:30:24Z">
    <groups>
    </groups>
    <test name="Default test" duration-ms="489539" started-at="2019-07-19T13:22:14Z" finished-at="2019-07-19T13:30:24Z">
      <class name="testcases.UAT_BavarianInnBrokenLinks">
        <test-method status="PASS" signature="launchBrowser()[pri:0, instance:testcases.UAT_BavarianInnBrokenLinks@150c158]" name="launchBrowser" is-config="true" duration-ms="29496" started-at="2019-07-19T14:21:45Z" finished-at="2019-07-19T14:22:14Z">
          <reporter-output>
          </reporter-output>
        </test-method> <!-- launchBrowser -->
        <test-method status="PASS" signature="beforeTest()[pri:0, instance:testcases.UAT_BavarianInnBrokenLinks@150c158]" name="beforeTest" is-config="true" duration-ms="0" started-at="2019-07-19T14:22:14Z" finished-at="2019-07-19T14:22:14Z">
          <reporter-output>
          </reporter-output>
        </test-method> <!-- beforeTest -->
        <test-method status="PASS" signature="login()[pri:0, instance:testcases.UAT_BavarianInnBrokenLinks@150c158]" name="login" is-config="true" duration-ms="1334" started-at="2019-07-19T14:22:14Z" finished-at="2019-07-19T14:22:16Z">
          <reporter-output>
          </reporter-output>
        </test-method> <!-- login -->
        <test-method status="FAIL" signature="titleTest()[pri:1, instance:testcases.UAT_BavarianInnBrokenLinks@150c158]" name="titleTest" duration-ms="3019" started-at="2019-07-19T14:22:16Z" finished-at="2019-07-19T14:22:19Z">
          <exception class="java.lang.AssertionError">
            <message>
              <![CDATA[expected [Details] but found [Home]]]>
            </message>
            <full-stacktrace>
              <![CDATA[java.lang.AssertionError: expected [Details] but found [Home]
	at org.testng.Assert.fail(Assert.java:94)
	at org.testng.Assert.failNotEquals(Assert.java:513)
	at org.testng.Assert.assertEqualsImpl(Assert.java:135)
	at org.testng.Assert.assertEquals(Assert.java:116)
	at org.testng.Assert.assertEquals(Assert.java:190)
	at org.testng.Assert.assertEquals(Assert.java:200)
	at testcases.UAT_BavarianInnBrokenLinks.titleTest(UAT_BavarianInnBrokenLinks.java:174)
	at sun.reflect.NativeMethodAccessorImpl.invoke0(Native Method)
	at sun.reflect.NativeMethodAccessorImpl.invoke(Unknown Source)
	at sun.reflect.DelegatingMethodAccessorImpl.invoke(Unknown Source)
	at java.lang.reflect.Method.invoke(Unknown Source)
	at org.testng.internal.MethodInvocationHelper.invokeMethod(MethodInvocationHelper.java:104)
	at org.testng.internal.Invoker.invokeMethod(Invoker.java:645)
	at org.testng.internal.Invoker.invokeTestMethod(Invoker.java:851)
	at org.testng.internal.Invoker.invokeTestMethods(Invoker.java:1177)
	at org.testng.internal.TestMethodWorker.invokeTestMethods(TestMethodWorker.java:129)
	at org.testng.internal.TestMethodWorker.run(TestMethodWorker.java:112)
	at org.testng.TestRunner.privateRun(TestRunner.java:756)
	at org.testng.TestRunner.run(TestRunner.java:610)
	at org.testng.SuiteRunner.runTest(SuiteRunner.java:387)
	at org.testng.SuiteRunner.runSequentially(SuiteRunner.java:382)
	at org.testng.SuiteRunner.privateRun(SuiteRunner.java:340)
	at org.testng.SuiteRunner.run(SuiteRunner.java:289)
	at org.testng.SuiteRunnerWorker.runSuite(SuiteRunnerWorker.java:52)
	at org.testng.SuiteRunnerWorker.run(SuiteRunnerWorker.java:86)
	at org.testng.TestNG.runSuitesSequentially(TestNG.java:1293)
	at org.testng.TestNG.runSuitesLocally(TestNG.java:1218)
	at org.testng.TestNG.runSuites(TestNG.java:1133)
	at org.testng.TestNG.run(TestNG.java:1104)
	at org.testng.remote.AbstractRemoteTestNG.run(AbstractRemoteTestNG.java:115)
	at org.testng.remote.RemoteTestNG.initAndRun(RemoteTestNG.java:251)
	at org.testng.remote.RemoteTestNG.main(RemoteTestNG.java:77)
]]>
            </full-stacktrace>
          </exception> <!-- java.lang.AssertionError -->
          <reporter-output>
          </reporter-output>
        </test-method> <!-- titleTest -->
        <test-method status="PASS" signature="loginToSite()[pri:2, instance:testcases.UAT_BavarianInnBrokenLinks@150c158]" name="loginToSite" duration-ms="65779" started-at="2019-07-19T14:22:19Z" finished-at="2019-07-19T14:23:25Z">
          <reporter-output>
          </reporter-output>
        </test-method> <!-- loginToSite -->
        <test-method status="PASS" signature="WelcomeMessage()[pri:4, instance:testcases.UAT_BavarianInnBrokenLinks@150c158]" name="WelcomeMessage" duration-ms="61810" started-at="2019-07-19T14:23:25Z" finished-at="2019-07-19T14:24:26Z">
          <reporter-output>
          </reporter-output>
        </test-method> <!-- WelcomeMessage -->
        <test-method status="PASS" signature="membersOffers()[pri:8, instance:testcases.UAT_BavarianInnBrokenLinks@150c158]" name="membersOffers" duration-ms="115202" started-at="2019-07-19T14:24:26Z" finished-at="2019-07-19T14:26:22Z">
          <reporter-output>
          </reporter-output>
        </test-method> <!-- membersOffers -->
        <test-method status="PASS" signature="membersLocations()[pri:9, instance:testcases.UAT_BavarianInnBrokenLinks@150c158]" name="membersLocations" duration-ms="201151" started-at="2019-07-19T14:26:22Z" finished-at="2019-07-19T14:29:43Z">
          <reporter-output>
          </reporter-output>
        </test-method> <!-- membersLocations -->
        <test-method status="PASS" signature="membersSocial()[pri:10, instance:testcases.UAT_BavarianInnBrokenLinks@150c158]" name="membersSocial" duration-ms="33409" started-at="2019-07-19T14:29:43Z" finished-at="2019-07-19T14:30:16Z">
          <reporter-output>
          </reporter-output>
        </test-method> <!-- membersSocial -->
        <test-method status="PASS" signature="logOutOfSite()[pri:11, instance:testcases.UAT_BavarianInnBrokenLinks@150c158]" name="logOutOfSite" duration-ms="7797" started-at="2019-07-19T14:30:16Z" finished-at="2019-07-19T14:30:24Z">
          <reporter-output>
          </reporter-output>
        </test-method> <!-- logOutOfSite -->
        <test-method status="PASS" signature="tearDown()[pri:0, instance:testcases.UAT_BavarianInnBrokenLinks@150c158]" name="tearDown" is-config="true" duration-ms="1600" started-at="2019-07-19T14:30:24Z" finished-at="2019-07-19T14:30:26Z">
          <reporter-output>
          </reporter-output>
        </test-method> <!-- tearDown -->
      </class> <!-- testcases.UAT_BavarianInnBrokenLinks -->
    </test> <!-- Default test -->
  </suite> <!-- Default suite -->
</testng-results>
