<?xml version="1.0" encoding="UTF-8"?>
<testng-results skipped="0" failed="0" ignored="0" total="8" passed="8">
  <reporter-output>
  </reporter-output>
  <suite name="Default suite" duration-ms="139845" started-at="2019-07-18T14:49:04Z" finished-at="2019-07-18T14:51:23Z">
    <groups>
    </groups>
    <test name="Default test" duration-ms="139845" started-at="2019-07-18T14:49:04Z" finished-at="2019-07-18T14:51:23Z">
      <class name="snipp.test.bav.testcases.UAT_HomePageTest">
        <test-method status="PASS" signature="launchBrowser()[pri:0, instance:snipp.test.bav.testcases.UAT_HomePageTest@eafc191]" name="launchBrowser" is-config="true" duration-ms="16365" started-at="2019-07-18T15:48:47Z" finished-at="2019-07-18T15:49:04Z">
          <reporter-output>
          </reporter-output>
        </test-method> <!-- launchBrowser -->
        <test-method status="PASS" signature="setUp()[pri:0, instance:snipp.test.bav.testcases.UAT_HomePageTest@eafc191]" name="setUp" is-config="true" duration-ms="225" started-at="2019-07-18T15:49:04Z" finished-at="2019-07-18T15:49:04Z">
          <reporter-output>
          </reporter-output>
        </test-method> <!-- setUp -->
        <test-method status="PASS" signature="loginToSite()[pri:1, instance:snipp.test.bav.testcases.UAT_HomePageTest@eafc191]" name="loginToSite" duration-ms="26" started-at="2019-07-18T15:49:04Z" finished-at="2019-07-18T15:49:04Z">
          <reporter-output>
          </reporter-output>
        </test-method> <!-- loginToSite -->
        <test-method status="PASS" signature="howItWorks()[pri:2, instance:snipp.test.bav.testcases.UAT_HomePageTest@eafc191]" name="howItWorks" duration-ms="3797" started-at="2019-07-18T15:49:04Z" finished-at="2019-07-18T15:49:08Z">
          <reporter-output>
          </reporter-output>
        </test-method> <!-- howItWorks -->
        <test-method status="PASS" signature="register()[pri:3, instance:snipp.test.bav.testcases.UAT_HomePageTest@eafc191]" name="register" duration-ms="6378" started-at="2019-07-18T15:49:08Z" finished-at="2019-07-18T15:49:14Z">
          <reporter-output>
          </reporter-output>
        </test-method> <!-- register -->
        <test-method status="PASS" signature="faq()[pri:4, instance:snipp.test.bav.testcases.UAT_HomePageTest@eafc191]" name="faq" duration-ms="7752" started-at="2019-07-18T15:49:14Z" finished-at="2019-07-18T15:49:22Z">
          <reporter-output>
          </reporter-output>
        </test-method> <!-- faq -->
        <test-method status="PASS" signature="checkFacebook()[pri:5, instance:snipp.test.bav.testcases.UAT_HomePageTest@eafc191]" name="checkFacebook" duration-ms="21268" started-at="2019-07-18T15:49:22Z" finished-at="2019-07-18T15:49:43Z">
          <reporter-output>
          </reporter-output>
        </test-method> <!-- checkFacebook -->
        <test-method status="PASS" signature="checkYoutube()[pri:6, instance:snipp.test.bav.testcases.UAT_HomePageTest@eafc191]" name="checkYoutube" duration-ms="19511" started-at="2019-07-18T15:49:43Z" finished-at="2019-07-18T15:50:03Z">
          <reporter-output>
          </reporter-output>
        </test-method> <!-- checkYoutube -->
        <test-method status="PASS" signature="checkYelp()[pri:7, instance:snipp.test.bav.testcases.UAT_HomePageTest@eafc191]" name="checkYelp" duration-ms="68322" started-at="2019-07-18T15:50:03Z" finished-at="2019-07-18T15:51:11Z">
          <reporter-output>
          </reporter-output>
        </test-method> <!-- checkYelp -->
        <test-method status="PASS" signature="checkTwitter()[pri:8, instance:snipp.test.bav.testcases.UAT_HomePageTest@eafc191]" name="checkTwitter" duration-ms="11675" started-at="2019-07-18T15:51:11Z" finished-at="2019-07-18T15:51:23Z">
          <reporter-output>
          </reporter-output>
        </test-method> <!-- checkTwitter -->
        <test-method status="PASS" signature="tearDownTest()[pri:0, instance:snipp.test.bav.testcases.UAT_HomePageTest@eafc191]" name="tearDownTest" is-config="true" duration-ms="854" started-at="2019-07-18T15:51:23Z" finished-at="2019-07-18T15:51:23Z">
          <reporter-output>
          </reporter-output>
        </test-method> <!-- tearDownTest -->
        <test-method status="PASS" signature="tearDown()[pri:0, instance:snipp.test.bav.testcases.UAT_HomePageTest@eafc191]" name="tearDown" is-config="true" duration-ms="528" started-at="2019-07-18T15:51:23Z" finished-at="2019-07-18T15:51:24Z">
          <reporter-output>
          </reporter-output>
        </test-method> <!-- tearDown -->
      </class> <!-- snipp.test.bav.testcases.UAT_HomePageTest -->
    </test> <!-- Default test -->
  </suite> <!-- Default suite -->
</testng-results>
