<?xml version="1.0" encoding="UTF-8"?>
<!-- Generated by org.testng.reporters.JUnitXMLReporter -->
<testsuite hostname="DESKTOP-1UNN7PP" ignored="0" name="UAT_ExcelDataProviderFull_POM_Broken" tests="3" failures="0" timestamp="18 Jul 2019 15:03:21 GMT" time="18.851" errors="0">
  <testcase name="loginToSite" time="0.011" classname="snipp.test.bav.testcases.UAT_ExcelDataProviderFull_POM"/>
  <testcase name="enterDetails" time="7.849" classname="snipp.test.bav.testcases.UAT_ExcelDataProviderFull_POM"/>
  <testcase name="test1" time="9.04" classname="snipp.test.bav.testcases.UAT_ExcelDataProviderFull_POM"/>
</testsuite> <!-- UAT_ExcelDataProviderFull_POM_Broken -->
