<?xml version="1.0" encoding="UTF-8"?>
<!-- Generated by org.testng.reporters.JUnitXMLReporter -->
<testsuite hostname="DESKTOP-1UNN7PP" ignored="0" name="UAT_HomePageTest" tests="8" failures="0" timestamp="18 Jul 2019 15:02:06 GMT" time="171.948" errors="0">
  <testcase name="loginToSite" time="0.01" classname="snipp.test.bav.testcases.UAT_HomePageTest"/>
  <testcase name="howItWorks" time="12.125" classname="snipp.test.bav.testcases.UAT_HomePageTest"/>
  <testcase name="register" time="14.383" classname="snipp.test.bav.testcases.UAT_HomePageTest"/>
  <testcase name="faq" time="10.561" classname="snipp.test.bav.testcases.UAT_HomePageTest"/>
  <testcase name="checkFacebook" time="39.388" classname="snipp.test.bav.testcases.UAT_HomePageTest"/>
  <testcase name="checkYoutube" time="11.645" classname="snipp.test.bav.testcases.UAT_HomePageTest"/>
  <testcase name="checkYelp" time="71.815" classname="snipp.test.bav.testcases.UAT_HomePageTest"/>
  <testcase name="checkTwitter" time="11.031" classname="snipp.test.bav.testcases.UAT_HomePageTest"/>
</testsuite> <!-- UAT_HomePageTest -->
