<?xml version="1.0" encoding="UTF-8"?>
<!-- Generated by org.testng.reporters.JUnitXMLReporter -->
<testsuite hostname="DESKTOP-1UNN7PP" ignored="0" name="UAT_HomePageTest" tests="8" failures="0" timestamp="18 Jul 2019 15:23:40 GMT" time="68.152" errors="0">
  <testcase name="loginToSite" time="0.008" classname="snipp.test.bav.testcases.UAT_HomePageTest"/>
  <testcase name="howItWorks" time="4.155" classname="snipp.test.bav.testcases.UAT_HomePageTest"/>
  <testcase name="register" time="5.03" classname="snipp.test.bav.testcases.UAT_HomePageTest"/>
  <testcase name="faq" time="3.964" classname="snipp.test.bav.testcases.UAT_HomePageTest"/>
  <testcase name="checkFacebook" time="15.02" classname="snipp.test.bav.testcases.UAT_HomePageTest"/>
  <testcase name="checkYoutube" time="8.988" classname="snipp.test.bav.testcases.UAT_HomePageTest"/>
  <testcase name="checkYelp" time="19.027" classname="snipp.test.bav.testcases.UAT_HomePageTest"/>
  <testcase name="checkTwitter" time="10.976" classname="snipp.test.bav.testcases.UAT_HomePageTest"/>
</testsuite> <!-- UAT_HomePageTest -->
